{"/Users/rimapa2025/workspace/ai-navi-outbound-cs-314community-frontend/src/App.tsx": {"path":"/Users/rimapa2025/workspace/ai-navi-outbound-cs-314community-frontend/src/App.tsx","statementMap":{"0":{"start":{"line":2,"column":0},"end":{"line":2,"column":74}},"1":{"start":{"line":3,"column":0},"end":{"line":3,"column":58}},"2":{"start":{"line":4,"column":0},"end":{"line":4,"column":40}},"3":{"start":{"line":5,"column":0},"end":{"line":5,"column":53}},"4":{"start":{"line":8,"column":2},"end":{"line":24,"column":4}},"5":{"start":{"line":27,"column":0},"end":{"line":27,"column":19}}},"fnMap":{"0":{"name":"App","decl":{"start":{"line":7,"column":9},"end":{"line":7,"column":12}},"loc":{"start":{"line":7,"column":12},"end":{"line":25,"column":1}}}},"branchMap":{"0":{"loc":{"start":{"line":14,"column":11},"end":{"line":18,"column":null}},"type":"binary-expr","locations":[{"start":{"line":14,"column":11},"end":{"line":14,"column":32}},{"start":{"line":15,"column":12},"end":{"line":17,"column":null}}]}},"s":{"0":0,"1":0,"2":0,"3":0,"4":0,"5":0},"f":{"0":0},"b":{"0":[0,0]}}
,"/Users/rimapa2025/workspace/ai-navi-outbound-cs-314community-frontend/src/assets/icons/index.tsx": {"path":"/Users/rimapa2025/workspace/ai-navi-outbound-cs-314community-frontend/src/assets/icons/index.tsx","statementMap":{"0":{"start":{"line":2,"column":0},"end":{"line":2,"column":26}},"1":{"start":{"line":5,"column":62},"end":{"line":11,"column":null}},"2":{"start":{"line":6,"column":2},"end":{"line":10,"column":null}},"3":{"start":{"line":5,"column":13},"end":{"line":5,"column":62}},"4":{"start":{"line":15,"column":58},"end":{"line":23,"column":null}},"5":{"start":{"line":16,"column":2},"end":{"line":22,"column":null}},"6":{"start":{"line":15,"column":13},"end":{"line":15,"column":58}},"7":{"start":{"line":27,"column":59},"end":{"line":37,"column":null}},"8":{"start":{"line":28,"column":2},"end":{"line":36,"column":null}},"9":{"start":{"line":27,"column":13},"end":{"line":27,"column":59}},"10":{"start":{"line":41,"column":63},"end":{"line":49,"column":null}},"11":{"start":{"line":42,"column":2},"end":{"line":48,"column":null}},"12":{"start":{"line":41,"column":13},"end":{"line":41,"column":63}},"13":{"start":{"line":53,"column":63},"end":{"line":57,"column":null}},"14":{"start":{"line":54,"column":2},"end":{"line":56,"column":null}},"15":{"start":{"line":53,"column":13},"end":{"line":53,"column":63}},"16":{"start":{"line":61,"column":13},"end":{"line":67,"column":11}},"17":{"start":{"line":73,"column":70},"end":{"line":76,"column":1}},"18":{"start":{"line":74,"column":24},"end":{"line":74,"column":35}},"19":{"start":{"line":75,"column":2},"end":{"line":75,"column":49}},"20":{"start":{"line":73,"column":13},"end":{"line":73,"column":70}},"21":{"start":{"line":79,"column":0},"end":{"line":79,"column":21}}},"fnMap":{"0":{"name":"(anonymous_1)","decl":{"start":{"line":5,"column":62},"end":{"line":5,"column":63}},"loc":{"start":{"line":6,"column":2},"end":{"line":10,"column":null}}},"1":{"name":"(anonymous_2)","decl":{"start":{"line":15,"column":58},"end":{"line":15,"column":59}},"loc":{"start":{"line":16,"column":2},"end":{"line":22,"column":null}}},"2":{"name":"(anonymous_3)","decl":{"start":{"line":27,"column":59},"end":{"line":27,"column":60}},"loc":{"start":{"line":28,"column":2},"end":{"line":36,"column":null}}},"3":{"name":"(anonymous_4)","decl":{"start":{"line":41,"column":63},"end":{"line":41,"column":64}},"loc":{"start":{"line":42,"column":2},"end":{"line":48,"column":null}}},"4":{"name":"(anonymous_5)","decl":{"start":{"line":53,"column":63},"end":{"line":53,"column":64}},"loc":{"start":{"line":54,"column":2},"end":{"line":56,"column":null}}},"5":{"name":"(anonymous_6)","decl":{"start":{"line":73,"column":70},"end":{"line":73,"column":71}},"loc":{"start":{"line":73,"column":94},"end":{"line":76,"column":1}}}},"branchMap":{},"s":{"0":0,"1":0,"2":0,"3":0,"4":0,"5":0,"6":0,"7":0,"8":0,"9":0,"10":0,"11":0,"12":0,"13":0,"14":0,"15":0,"16":0,"17":0,"18":0,"19":0,"20":0,"21":0},"f":{"0":0,"1":0,"2":0,"3":0,"4":0,"5":0},"b":{}}
,"/Users/rimapa2025/workspace/ai-navi-outbound-cs-314community-frontend/src/components/index.ts": {"path":"/Users/rimapa2025/workspace/ai-navi-outbound-cs-314community-frontend/src/components/index.ts","statementMap":{"0":{"start":{"line":2,"column":0},"end":{"line":2,"column":24}},"1":{"start":{"line":3,"column":0},"end":{"line":3,"column":28}},"2":{"start":{"line":4,"column":0},"end":{"line":4,"column":28}},"3":{"start":{"line":5,"column":0},"end":{"line":5,"column":28}},"4":{"start":{"line":8,"column":0},"end":{"line":8,"column":9}},"5":{"start":{"line":8,"column":9},"end":{"line":8,"column":28}},"6":{"start":{"line":9,"column":0},"end":{"line":9,"column":9}},"7":{"start":{"line":9,"column":9},"end":{"line":9,"column":52}},"8":{"start":{"line":10,"column":0},"end":{"line":10,"column":9}},"9":{"start":{"line":10,"column":9},"end":{"line":10,"column":54}},"10":{"start":{"line":11,"column":0},"end":{"line":11,"column":9}},"11":{"start":{"line":11,"column":9},"end":{"line":11,"column":50}},"12":{"start":{"line":12,"column":0},"end":{"line":12,"column":9}},"13":{"start":{"line":12,"column":9},"end":{"line":12,"column":54}},"14":{"start":{"line":13,"column":0},"end":{"line":13,"column":9}},"15":{"start":{"line":13,"column":9},"end":{"line":13,"column":52}},"16":{"start":{"line":14,"column":0},"end":{"line":14,"column":9}},"17":{"start":{"line":14,"column":9},"end":{"line":14,"column":56}}},"fnMap":{"0":{"name":"(anonymous_4)","decl":{"start":{"line":8,"column":9},"end":{"line":8,"column":13}},"loc":{"start":{"line":8,"column":9},"end":{"line":8,"column":28}}},"1":{"name":"(anonymous_5)","decl":{"start":{"line":9,"column":9},"end":{"line":9,"column":23}},"loc":{"start":{"line":9,"column":9},"end":{"line":9,"column":52}}},"2":{"name":"(anonymous_6)","decl":{"start":{"line":10,"column":9},"end":{"line":10,"column":20}},"loc":{"start":{"line":10,"column":9},"end":{"line":10,"column":54}}},"3":{"name":"(anonymous_7)","decl":{"start":{"line":11,"column":9},"end":{"line":11,"column":18}},"loc":{"start":{"line":11,"column":9},"end":{"line":11,"column":50}}},"4":{"name":"(anonymous_8)","decl":{"start":{"line":12,"column":9},"end":{"line":12,"column":20}},"loc":{"start":{"line":12,"column":9},"end":{"line":12,"column":54}}},"5":{"name":"(anonymous_9)","decl":{"start":{"line":13,"column":9},"end":{"line":13,"column":19}},"loc":{"start":{"line":13,"column":9},"end":{"line":13,"column":52}}},"6":{"name":"(anonymous_10)","decl":{"start":{"line":14,"column":9},"end":{"line":14,"column":21}},"loc":{"start":{"line":14,"column":9},"end":{"line":14,"column":56}}}},"branchMap":{},"s":{"0":0,"1":0,"2":0,"3":0,"4":0,"5":0,"6":0,"7":0,"8":0,"9":0,"10":0,"11":0,"12":0,"13":0,"14":0,"15":0,"16":0,"17":0},"f":{"0":0,"1":0,"2":0,"3":0,"4":0,"5":0,"6":0},"b":{}}
,"/Users/rimapa2025/workspace/ai-navi-outbound-cs-314community-frontend/src/components/atoms/index.ts": {"path":"/Users/rimapa2025/workspace/ai-navi-outbound-cs-314community-frontend/src/components/atoms/index.ts","statementMap":{"0":{"start":{"line":1,"column":0},"end":{"line":1,"column":25}},"1":{"start":{"line":2,"column":0},"end":{"line":2,"column":23}},"2":{"start":{"line":3,"column":0},"end":{"line":3,"column":29}}},"fnMap":{},"branchMap":{},"s":{"0":0,"1":0,"2":0},"f":{},"b":{}}
,"/Users/rimapa2025/workspace/ai-navi-outbound-cs-314community-frontend/src/components/atoms/Button/Button.tsx": {"path":"/Users/rimapa2025/workspace/ai-navi-outbound-cs-314community-frontend/src/components/atoms/Button/Button.tsx","statementMap":{"0":{"start":{"line":13,"column":0},"end":{"line":13,"column":16}},"1":{"start":{"line":1,"column":0},"end":{"line":1,"column":26}},"2":{"start":{"line":22,"column":2},"end":{"line":33,"column":4}}},"fnMap":{"0":{"name":"Button","decl":{"start":{"line":13,"column":16},"end":{"line":13,"column":22}},"loc":{"start":{"line":21,"column":14},"end":{"line":34,"column":1}}}},"branchMap":{"0":{"loc":{"start":{"line":15,"column":2},"end":{"line":15,"column":18}},"type":"default-arg","locations":[{"start":{"line":15,"column":13},"end":{"line":15,"column":18}}]},"1":{"loc":{"start":{"line":16,"column":2},"end":{"line":16,"column":16}},"type":"default-arg","locations":[{"start":{"line":16,"column":14},"end":{"line":16,"column":16}}]},"2":{"loc":{"start":{"line":19,"column":2},"end":{"line":19,"column":17}},"type":"default-arg","locations":[{"start":{"line":19,"column":9},"end":{"line":19,"column":17}}]}},"s":{"0":1,"1":1,"2":74},"f":{"0":74},"b":{"0":[0],"1":[0],"2":[74]}}
,"/Users/rimapa2025/workspace/ai-navi-outbound-cs-314community-frontend/src/components/atoms/Button/index.ts": {"path":"/Users/rimapa2025/workspace/ai-navi-outbound-cs-314community-frontend/src/components/atoms/Button/index.ts","statementMap":{"0":{"start":{"line":1,"column":0},"end":{"line":1,"column":9}},"1":{"start":{"line":1,"column":9},"end":{"line":1,"column":34}}},"fnMap":{"0":{"name":"(anonymous_0)","decl":{"start":{"line":1,"column":9},"end":{"line":1,"column":15}},"loc":{"start":{"line":1,"column":9},"end":{"line":1,"column":34}}}},"branchMap":{},"s":{"0":1,"1":75},"f":{"0":74},"b":{}}
,"/Users/rimapa2025/workspace/ai-navi-outbound-cs-314community-frontend/src/components/atoms/Icon/Icon.tsx": {"path":"/Users/rimapa2025/workspace/ai-navi-outbound-cs-314community-frontend/src/components/atoms/Icon/Icon.tsx","statementMap":{"0":{"start":{"line":1,"column":0},"end":{"line":1,"column":26}},"1":{"start":{"line":2,"column":0},"end":{"line":2,"column":44}},"2":{"start":{"line":4,"column":0},"end":{"line":4,"column":88}},"3":{"start":{"line":5,"column":0},"end":{"line":5,"column":54}},"4":{"start":{"line":9,"column":21},"end":{"line":16,"column":2}},"5":{"start":{"line":23,"column":41},"end":{"line":74,"column":1}},"6":{"start":{"line":24,"column":2},"end":{"line":73,"column":3}},"7":{"start":{"line":26,"column":6},"end":{"line":33,"column":7}},"8":{"start":{"line":27,"column":27},"end":{"line":27,"column":108}},"9":{"start":{"line":28,"column":8},"end":{"line":29,"column":79}},"10":{"start":{"line":31,"column":8},"end":{"line":31,"column":68}},"11":{"start":{"line":32,"column":8},"end":{"line":32,"column":82}},"12":{"start":{"line":36,"column":6},"end":{"line":50,"column":8}},"13":{"start":{"line":42,"column":12},"end":{"line":42,"column":74}},"14":{"start":{"line":43,"column":12},"end":{"line":47,"column":13}},"15":{"start":{"line":44,"column":29},"end":{"line":44,"column":57}},"16":{"start":{"line":45,"column":14},"end":{"line":45,"column":44}},"17":{"start":{"line":53,"column":6},"end":{"line":58,"column":8}},"18":{"start":{"line":61,"column":6},"end":{"line":68,"column":7}},"19":{"start":{"line":62,"column":26},"end":{"line":62,"column":81}},"20":{"start":{"line":63,"column":8},"end":{"line":64,"column":79}},"21":{"start":{"line":66,"column":8},"end":{"line":66,"column":80}},"22":{"start":{"line":67,"column":8},"end":{"line":67,"column":82}},"23":{"start":{"line":71,"column":6},"end":{"line":71,"column":56}},"24":{"start":{"line":72,"column":6},"end":{"line":72,"column":80}},"25":{"start":{"line":23,"column":13},"end":{"line":23,"column":41}}},"fnMap":{"0":{"name":"(anonymous_7)","decl":{"start":{"line":23,"column":41},"end":{"line":23,"column":42}},"loc":{"start":{"line":23,"column":79},"end":{"line":74,"column":1}}},"1":{"name":"(anonymous_8)","decl":{"start":{"line":41,"column":19},"end":{"line":41,"column":20}},"loc":{"start":{"line":41,"column":25},"end":{"line":48,"column":11}}}},"branchMap":{"0":{"loc":{"start":{"line":23,"column":52},"end":{"line":23,"column":73}},"type":"default-arg","locations":[{"start":{"line":23,"column":64},"end":{"line":23,"column":73}}]},"1":{"loc":{"start":{"line":24,"column":2},"end":{"line":73,"column":3}},"type":"switch","locations":[{"start":{"line":25,"column":4},"end":{"line":33,"column":7}},{"start":{"line":35,"column":4},"end":{"line":50,"column":8}},{"start":{"line":52,"column":4},"end":{"line":58,"column":8}},{"start":{"line":60,"column":4},"end":{"line":68,"column":7}},{"start":{"line":70,"column":4},"end":{"line":72,"column":80}}]},"2":{"loc":{"start":{"line":28,"column":15},"end":{"line":29,"column":78}},"type":"cond-expr","locations":[{"start":{"line":28,"column":28},"end":{"line":28,"column":64}},{"start":{"line":29,"column":11},"end":{"line":29,"column":77}}]},"3":{"loc":{"start":{"line":29,"column":11},"end":{"line":29,"column":77}},"type":"cond-expr","locations":[{"start":{"line":29,"column":29},"end":{"line":29,"column":70}},{"start":{"line":29,"column":73},"end":{"line":29,"column":77}}]},"4":{"loc":{"start":{"line":32,"column":15},"end":{"line":32,"column":81}},"type":"cond-expr","locations":[{"start":{"line":32,"column":33},"end":{"line":32,"column":74}},{"start":{"line":32,"column":77},"end":{"line":32,"column":81}}]},"5":{"loc":{"start":{"line":43,"column":12},"end":{"line":47,"column":13}},"type":"if","locations":[{"start":{"line":43,"column":12},"end":{"line":47,"column":13}}]},"6":{"loc":{"start":{"line":63,"column":15},"end":{"line":64,"column":78}},"type":"cond-expr","locations":[{"start":{"line":63,"column":27},"end":{"line":63,"column":62}},{"start":{"line":64,"column":11},"end":{"line":64,"column":77}}]},"7":{"loc":{"start":{"line":64,"column":11},"end":{"line":64,"column":77}},"type":"cond-expr","locations":[{"start":{"line":64,"column":29},"end":{"line":64,"column":70}},{"start":{"line":64,"column":73},"end":{"line":64,"column":77}}]},"8":{"loc":{"start":{"line":67,"column":15},"end":{"line":67,"column":81}},"type":"cond-expr","locations":[{"start":{"line":67,"column":33},"end":{"line":67,"column":74}},{"start":{"line":67,"column":77},"end":{"line":67,"column":81}}]},"9":{"loc":{"start":{"line":72,"column":13},"end":{"line":72,"column":79}},"type":"cond-expr","locations":[{"start":{"line":72,"column":31},"end":{"line":72,"column":72}},{"start":{"line":72,"column":75},"end":{"line":72,"column":79}}]}},"s":{"0":1,"1":1,"2":1,"3":1,"4":1,"5":1,"6":0,"7":0,"8":0,"9":0,"10":0,"11":0,"12":0,"13":0,"14":0,"15":0,"16":0,"17":0,"18":0,"19":0,"20":0,"21":0,"22":0,"23":0,"24":0,"25":1},"f":{"0":0,"1":0},"b":{"0":[0],"1":[0,0,0,0,0],"2":[0,0],"3":[0,0],"4":[0,0],"5":[0],"6":[0,0],"7":[0,0],"8":[0,0],"9":[0,0]}}
,"/Users/rimapa2025/workspace/ai-navi-outbound-cs-314community-frontend/src/components/atoms/Icon/index.ts": {"path":"/Users/rimapa2025/workspace/ai-navi-outbound-cs-314community-frontend/src/components/atoms/Icon/index.ts","statementMap":{"0":{"start":{"line":1,"column":0},"end":{"line":1,"column":9}},"1":{"start":{"line":1,"column":9},"end":{"line":1,"column":30}},"2":{"start":{"line":2,"column":0},"end":{"line":2,"column":9}},"3":{"start":{"line":2,"column":9},"end":{"line":2,"column":28}}},"fnMap":{"0":{"name":"(anonymous_0)","decl":{"start":{"line":1,"column":9},"end":{"line":1,"column":13}},"loc":{"start":{"line":1,"column":9},"end":{"line":1,"column":30}}},"1":{"name":"(anonymous_1)","decl":{"start":{"line":2,"column":9},"end":{"line":2,"column":13}},"loc":{"start":{"line":2,"column":9},"end":{"line":2,"column":28}}}},"branchMap":{},"s":{"0":0,"1":0,"2":0,"3":0},"f":{"0":0,"1":0},"b":{}}
,"/Users/rimapa2025/workspace/ai-navi-outbound-cs-314community-frontend/src/components/atoms/Typography/Typography.tsx": {"path":"/Users/rimapa2025/workspace/ai-navi-outbound-cs-314community-frontend/src/components/atoms/Typography/Typography.tsx","statementMap":{"0":{"start":{"line":9,"column":0},"end":{"line":9,"column":16}},"1":{"start":{"line":1,"column":0},"end":{"line":1,"column":51}},"2":{"start":{"line":10,"column":40},"end":{"line":10,"column":52}},"3":{"start":{"line":11,"column":42},"end":{"line":11,"column":53}},"4":{"start":{"line":13,"column":2},"end":{"line":41,"column":46}},"5":{"start":{"line":14,"column":4},"end":{"line":40,"column":5}},"6":{"start":{"line":15,"column":20},"end":{"line":35,"column":15}},"7":{"start":{"line":16,"column":8},"end":{"line":33,"column":11}},"8":{"start":{"line":17,"column":26},"end":{"line":17,"column":51}},"9":{"start":{"line":20,"column":35},"end":{"line":20,"column":77}},"10":{"start":{"line":21,"column":10},"end":{"line":30,"column":11}},"11":{"start":{"line":22,"column":33},"end":{"line":22,"column":62}},"12":{"start":{"line":23,"column":27},"end":{"line":23,"column":56}},"13":{"start":{"line":24,"column":33},"end":{"line":24,"column":54}},"14":{"start":{"line":26,"column":12},"end":{"line":29,"column":15}},"15":{"start":{"line":32,"column":10},"end":{"line":32,"column":25}},"16":{"start":{"line":34,"column":8},"end":{"line":34,"column":42}},"17":{"start":{"line":37,"column":6},"end":{"line":37,"column":39}},"18":{"start":{"line":37,"column":19},"end":{"line":37,"column":38}},"19":{"start":{"line":38,"column":11},"end":{"line":40,"column":5}},"20":{"start":{"line":39,"column":6},"end":{"line":39,"column":19}},"21":{"start":{"line":44,"column":2},"end":{"line":47,"column":13}},"22":{"start":{"line":45,"column":4},"end":{"line":45,"column":23}},"23":{"start":{"line":46,"column":4},"end":{"line":46,"column":23}},"24":{"start":{"line":49,"column":2},"end":{"line":49,"column":68}}},"fnMap":{"0":{"name":"TypewriterText","decl":{"start":{"line":9,"column":16},"end":{"line":9,"column":30}},"loc":{"start":{"line":9,"column":84},"end":{"line":50,"column":1}}},"1":{"name":"(anonymous_7)","decl":{"start":{"line":13,"column":12},"end":{"line":13,"column":15}},"loc":{"start":{"line":13,"column":17},"end":{"line":41,"column":3}}},"2":{"name":"(anonymous_8)","decl":{"start":{"line":15,"column":31},"end":{"line":15,"column":34}},"loc":{"start":{"line":15,"column":36},"end":{"line":35,"column":7}}},"3":{"name":"(anonymous_9)","decl":{"start":{"line":16,"column":23},"end":{"line":16,"column":27}},"loc":{"start":{"line":16,"column":30},"end":{"line":33,"column":9}}},"4":{"name":"(anonymous_10)","decl":{"start":{"line":37,"column":13},"end":{"line":37,"column":16}},"loc":{"start":{"line":37,"column":19},"end":{"line":37,"column":38}}},"5":{"name":"(anonymous_11)","decl":{"start":{"line":44,"column":12},"end":{"line":44,"column":15}},"loc":{"start":{"line":44,"column":17},"end":{"line":47,"column":3}}}},"branchMap":{"0":{"loc":{"start":{"line":9,"column":39},"end":{"line":9,"column":49}},"type":"default-arg","locations":[{"start":{"line":9,"column":47},"end":{"line":9,"column":49}}]},"1":{"loc":{"start":{"line":14,"column":4},"end":{"line":40,"column":5}},"type":"if","locations":[{"start":{"line":14,"column":4},"end":{"line":40,"column":5}},{"start":{"line":38,"column":11},"end":{"line":40,"column":5}}]},"2":{"loc":{"start":{"line":21,"column":10},"end":{"line":30,"column":11}},"type":"if","locations":[{"start":{"line":21,"column":10},"end":{"line":30,"column":11}}]},"3":{"loc":{"start":{"line":38,"column":11},"end":{"line":40,"column":5}},"type":"if","locations":[{"start":{"line":38,"column":11},"end":{"line":40,"column":5}}]}},"s":{"0":0,"1":0,"2":0,"3":0,"4":0,"5":0,"6":0,"7":0,"8":0,"9":0,"10":0,"11":0,"12":0,"13":0,"14":0,"15":0,"16":0,"17":0,"18":0,"19":0,"20":0,"21":0,"22":0,"23":0,"24":0},"f":{"0":0,"1":0,"2":0,"3":0,"4":0,"5":0},"b":{"0":[0],"1":[0,0],"2":[0],"3":[0]}}
,"/Users/rimapa2025/workspace/ai-navi-outbound-cs-314community-frontend/src/components/atoms/Typography/index.ts": {"path":"/Users/rimapa2025/workspace/ai-navi-outbound-cs-314community-frontend/src/components/atoms/Typography/index.ts","statementMap":{"0":{"start":{"line":1,"column":0},"end":{"line":1,"column":9}},"1":{"start":{"line":1,"column":9},"end":{"line":1,"column":46}},"2":{"start":{"line":2,"column":0},"end":{"line":2,"column":46}},"3":{"start":{"line":3,"column":0},"end":{"line":3,"column":30}}},"fnMap":{"0":{"name":"(anonymous_0)","decl":{"start":{"line":1,"column":9},"end":{"line":1,"column":23}},"loc":{"start":{"line":1,"column":9},"end":{"line":1,"column":46}}}},"branchMap":{},"s":{"0":0,"1":0,"2":0,"3":0},"f":{"0":0},"b":{}}
,"/Users/rimapa2025/workspace/ai-navi-outbound-cs-314community-frontend/src/components/icons/CustomIcon.tsx": {"path":"/Users/rimapa2025/workspace/ai-navi-outbound-cs-314community-frontend/src/components/icons/CustomIcon.tsx","statementMap":{"0":{"start":{"line":1,"column":0},"end":{"line":1,"column":26}},"1":{"start":{"line":2,"column":0},"end":{"line":2,"column":9}},"2":{"start":{"line":34,"column":9},"end":{"line":2,"column":47}},"3":{"start":{"line":8,"column":53},"end":{"line":14,"column":1}},"4":{"start":{"line":9,"column":2},"end":{"line":13,"column":4}},"5":{"start":{"line":8,"column":13},"end":{"line":8,"column":53}},"6":{"start":{"line":16,"column":53},"end":{"line":22,"column":1}},"7":{"start":{"line":17,"column":2},"end":{"line":21,"column":4}},"8":{"start":{"line":16,"column":13},"end":{"line":16,"column":53}},"9":{"start":{"line":24,"column":54},"end":{"line":31,"column":1}},"10":{"start":{"line":25,"column":2},"end":{"line":30,"column":4}},"11":{"start":{"line":24,"column":13},"end":{"line":24,"column":54}}},"fnMap":{"0":{"name":"(anonymous_1)","decl":{"start":{"line":34,"column":9},"end":{"line":34,"column":18}},"loc":{"start":{"line":34,"column":9},"end":{"line":2,"column":47}}},"1":{"name":"(anonymous_2)","decl":{"start":{"line":8,"column":53},"end":{"line":8,"column":54}},"loc":{"start":{"line":8,"column":71},"end":{"line":14,"column":1}}},"2":{"name":"(anonymous_3)","decl":{"start":{"line":16,"column":53},"end":{"line":16,"column":54}},"loc":{"start":{"line":16,"column":71},"end":{"line":22,"column":1}}},"3":{"name":"(anonymous_4)","decl":{"start":{"line":24,"column":54},"end":{"line":24,"column":55}},"loc":{"start":{"line":24,"column":72},"end":{"line":31,"column":1}}}},"branchMap":{},"s":{"0":1,"1":1,"2":2,"3":1,"4":0,"5":1,"6":1,"7":0,"8":1,"9":1,"10":0,"11":1},"f":{"0":1,"1":0,"2":0,"3":0},"b":{}}
,"/Users/rimapa2025/workspace/ai-navi-outbound-cs-314community-frontend/src/components/molecules/index.ts": {"path":"/Users/rimapa2025/workspace/ai-navi-outbound-cs-314community-frontend/src/components/molecules/index.ts","statementMap":{"0":{"start":{"line":1,"column":0},"end":{"line":1,"column":29}},"1":{"start":{"line":2,"column":0},"end":{"line":2,"column":29}},"2":{"start":{"line":3,"column":0},"end":{"line":3,"column":29}}},"fnMap":{},"branchMap":{},"s":{"0":0,"1":0,"2":0},"f":{},"b":{}}
,"/Users/rimapa2025/workspace/ai-navi-outbound-cs-314community-frontend/src/components/molecules/ChatBubble/ChatBubble.tsx": {"path":"/Users/rimapa2025/workspace/ai-navi-outbound-cs-314community-frontend/src/components/molecules/ChatBubble/ChatBubble.tsx","statementMap":{"0":{"start":{"line":17,"column":0},"end":{"line":17,"column":16}},"1":{"start":{"line":1,"column":0},"end":{"line":1,"column":26}},"2":{"start":{"line":2,"column":0},"end":{"line":2,"column":83}},"3":{"start":{"line":3,"column":0},"end":{"line":3,"column":56}},"4":{"start":{"line":26,"column":17},"end":{"line":26,"column":45}},"5":{"start":{"line":29,"column":25},"end":{"line":31,"column":13}},"6":{"start":{"line":33,"column":2},"end":{"line":109,"column":3}},"7":{"start":{"line":34,"column":4},"end":{"line":108,"column":6}},"8":{"start":{"line":79,"column":33},"end":{"line":79,"column":70}},"9":{"start":{"line":112,"column":2},"end":{"line":129,"column":4}}},"fnMap":{"0":{"name":"ChatBubble","decl":{"start":{"line":17,"column":16},"end":{"line":17,"column":26}},"loc":{"start":{"line":25,"column":18},"end":{"line":130,"column":1}}},"1":{"name":"(anonymous_2)","decl":{"start":{"line":79,"column":27},"end":{"line":79,"column":30}},"loc":{"start":{"line":79,"column":33},"end":{"line":79,"column":70}}}},"branchMap":{"0":{"loc":{"start":{"line":21,"column":2},"end":{"line":21,"column":18}},"type":"default-arg","locations":[{"start":{"line":21,"column":13},"end":{"line":21,"column":18}}]},"1":{"loc":{"start":{"line":23,"column":2},"end":{"line":23,"column":21}},"type":"default-arg","locations":[{"start":{"line":23,"column":15},"end":{"line":23,"column":21}}]},"2":{"loc":{"start":{"line":29,"column":25},"end":{"line":31,"column":13}},"type":"cond-expr","locations":[{"start":{"line":30,"column":6},"end":{"line":30,"column":39}},{"start":{"line":31,"column":6},"end":{"line":31,"column":13}}]},"3":{"loc":{"start":{"line":29,"column":25},"end":{"line":29,"column":101}},"type":"binary-expr","locations":[{"start":{"line":29,"column":25},"end":{"line":29,"column":46}},{"start":{"line":29,"column":50},"end":{"line":29,"column":77}},{"start":{"line":29,"column":81},"end":{"line":29,"column":101}}]},"4":{"loc":{"start":{"line":33,"column":2},"end":{"line":109,"column":3}},"type":"if","locations":[{"start":{"line":33,"column":2},"end":{"line":109,"column":3}}]},"5":{"loc":{"start":{"line":47,"column":13},"end":{"line":56,"column":null}},"type":"cond-expr","locations":[{"start":{"line":48,"column":14},"end":{"line":51,"column":null}},{"start":{"line":54,"column":14},"end":{"line":55,"column":null}}]},"6":{"loc":{"start":{"line":47,"column":13},"end":{"line":47,"column":59}},"type":"binary-expr","locations":[{"start":{"line":47,"column":13},"end":{"line":47,"column":21}},{"start":{"line":47,"column":25},"end":{"line":47,"column":59}}]},"7":{"loc":{"start":{"line":55,"column":17},"end":{"line":55,"column":85}},"type":"cond-expr","locations":[{"start":{"line":55,"column":54},"end":{"line":55,"column":68}},{"start":{"line":55,"column":71},"end":{"line":55,"column":85}}]},"8":{"loc":{"start":{"line":61,"column":11},"end":{"line":104,"column":null}},"type":"binary-expr","locations":[{"start":{"line":61,"column":11},"end":{"line":61,"column":21}},{"start":{"line":62,"column":12},"end":{"line":103,"column":null}}]},"9":{"loc":{"start":{"line":63,"column":15},"end":{"line":71,"column":null}},"type":"binary-expr","locations":[{"start":{"line":63,"column":15},"end":{"line":63,"column":41}},{"start":{"line":64,"column":16},"end":{"line":70,"column":null}}]},"10":{"loc":{"start":{"line":70,"column":19},"end":{"line":70,"column":46}},"type":"binary-expr","locations":[{"start":{"line":70,"column":19},"end":{"line":70,"column":35}},{"start":{"line":70,"column":39},"end":{"line":70,"column":46}}]},"11":{"loc":{"start":{"line":74,"column":15},"end":{"line":80,"column":null}},"type":"binary-expr","locations":[{"start":{"line":74,"column":15},"end":{"line":74,"column":42}},{"start":{"line":75,"column":16},"end":{"line":79,"column":null}}]},"12":{"loc":{"start":{"line":76,"column":23},"end":{"line":76,"column":61}},"type":"binary-expr","locations":[{"start":{"line":76,"column":23},"end":{"line":76,"column":43}},{"start":{"line":76,"column":47},"end":{"line":76,"column":61}}]},"13":{"loc":{"start":{"line":77,"column":23},"end":{"line":77,"column":51}},"type":"binary-expr","locations":[{"start":{"line":77,"column":23},"end":{"line":77,"column":39}},{"start":{"line":77,"column":43},"end":{"line":77,"column":51}}]},"14":{"loc":{"start":{"line":83,"column":15},"end":{"line":91,"column":null}},"type":"binary-expr","locations":[{"start":{"line":83,"column":15},"end":{"line":83,"column":42}},{"start":{"line":84,"column":16},"end":{"line":90,"column":null}}]},"15":{"loc":{"start":{"line":94,"column":15},"end":{"line":102,"column":null}},"type":"binary-expr","locations":[{"start":{"line":94,"column":15},"end":{"line":94,"column":41}},{"start":{"line":95,"column":16},"end":{"line":101,"column":null}}]},"16":{"loc":{"start":{"line":101,"column":19},"end":{"line":101,"column":48}},"type":"binary-expr","locations":[{"start":{"line":101,"column":19},"end":{"line":101,"column":35}},{"start":{"line":101,"column":39},"end":{"line":101,"column":48}}]},"17":{"loc":{"start":{"line":122,"column":17},"end":{"line":122,"column":64}},"type":"cond-expr","locations":[{"start":{"line":122,"column":47},"end":{"line":122,"column":54}},{"start":{"line":122,"column":57},"end":{"line":122,"column":64}}]}},"s":{"0":0,"1":0,"2":0,"3":0,"4":0,"5":0,"6":0,"7":0,"8":0,"9":0},"f":{"0":0,"1":0},"b":{"0":[0],"1":[0],"2":[0,0],"3":[0,0,0],"4":[0],"5":[0,0],"6":[0,0],"7":[0,0],"8":[0,0],"9":[0,0],"10":[0,0],"11":[0,0],"12":[0,0],"13":[0,0],"14":[0,0],"15":[0,0],"16":[0,0],"17":[0,0]}}
,"/Users/rimapa2025/workspace/ai-navi-outbound-cs-314community-frontend/src/components/molecules/ChatBubble/index.ts": {"path":"/Users/rimapa2025/workspace/ai-navi-outbound-cs-314community-frontend/src/components/molecules/ChatBubble/index.ts","statementMap":{"0":{"start":{"line":1,"column":0},"end":{"line":1,"column":9}},"1":{"start":{"line":1,"column":9},"end":{"line":1,"column":42}}},"fnMap":{"0":{"name":"(anonymous_0)","decl":{"start":{"line":1,"column":9},"end":{"line":1,"column":19}},"loc":{"start":{"line":1,"column":9},"end":{"line":1,"column":42}}}},"branchMap":{},"s":{"0":0,"1":0},"f":{"0":0},"b":{}}
,"/Users/rimapa2025/workspace/ai-navi-outbound-cs-314community-frontend/src/components/molecules/InputField/InputField.tsx": {"path":"/Users/rimapa2025/workspace/ai-navi-outbound-cs-314community-frontend/src/components/molecules/InputField/InputField.tsx","statementMap":{"0":{"start":{"line":14,"column":0},"end":{"line":14,"column":16}},"1":{"start":{"line":1,"column":0},"end":{"line":1,"column":49}},"2":{"start":{"line":2,"column":0},"end":{"line":2,"column":60}},"3":{"start":{"line":3,"column":0},"end":{"line":3,"column":83}},"4":{"start":{"line":22,"column":16},"end":{"line":22,"column":27}},"5":{"start":{"line":23,"column":17},"end":{"line":23,"column":45}},"6":{"start":{"line":24,"column":22},"end":{"line":24,"column":55}},"7":{"start":{"line":26,"column":31},"end":{"line":32,"column":3}},"8":{"start":{"line":27,"column":21},"end":{"line":27,"column":40}},"9":{"start":{"line":28,"column":4},"end":{"line":31,"column":5}},"10":{"start":{"line":29,"column":6},"end":{"line":29,"column":37}},"11":{"start":{"line":30,"column":6},"end":{"line":30,"column":74}},"12":{"start":{"line":34,"column":2},"end":{"line":36,"column":14}},"13":{"start":{"line":35,"column":4},"end":{"line":35,"column":27}},"14":{"start":{"line":38,"column":23},"end":{"line":41,"column":3}},"15":{"start":{"line":39,"column":4},"end":{"line":39,"column":29}},"16":{"start":{"line":40,"column":4},"end":{"line":40,"column":27}},"17":{"start":{"line":43,"column":2},"end":{"line":80,"column":4}}},"fnMap":{"0":{"name":"InputField","decl":{"start":{"line":14,"column":16},"end":{"line":14,"column":26}},"loc":{"start":{"line":21,"column":18},"end":{"line":81,"column":1}}},"1":{"name":"(anonymous_7)","decl":{"start":{"line":26,"column":31},"end":{"line":26,"column":34}},"loc":{"start":{"line":26,"column":36},"end":{"line":32,"column":3}}},"2":{"name":"(anonymous_8)","decl":{"start":{"line":34,"column":12},"end":{"line":34,"column":15}},"loc":{"start":{"line":34,"column":17},"end":{"line":36,"column":3}}},"3":{"name":"(anonymous_9)","decl":{"start":{"line":38,"column":23},"end":{"line":38,"column":24}},"loc":{"start":{"line":38,"column":69},"end":{"line":41,"column":3}}}},"branchMap":{"0":{"loc":{"start":{"line":19,"column":2},"end":{"line":19,"column":18}},"type":"default-arg","locations":[{"start":{"line":19,"column":13},"end":{"line":19,"column":18}}]},"1":{"loc":{"start":{"line":28,"column":4},"end":{"line":31,"column":5}},"type":"if","locations":[{"start":{"line":28,"column":4},"end":{"line":31,"column":5}}]},"2":{"loc":{"start":{"line":63,"column":21},"end":{"line":63,"column":68}},"type":"binary-expr","locations":[{"start":{"line":63,"column":21},"end":{"line":63,"column":32}},{"start":{"line":63,"column":36},"end":{"line":63,"column":68}}]}},"s":{"0":1,"1":1,"2":1,"3":1,"4":37,"5":37,"6":37,"7":37,"8":17,"9":17,"10":17,"11":17,"12":37,"13":17,"14":37,"15":0,"16":0,"17":37},"f":{"0":37,"1":17,"2":17,"3":0},"b":{"0":[0],"1":[17],"2":[37,35]}}
,"/Users/rimapa2025/workspace/ai-navi-outbound-cs-314community-frontend/src/components/molecules/InputField/index.ts": {"path":"/Users/rimapa2025/workspace/ai-navi-outbound-cs-314community-frontend/src/components/molecules/InputField/index.ts","statementMap":{"0":{"start":{"line":1,"column":0},"end":{"line":1,"column":9}},"1":{"start":{"line":1,"column":9},"end":{"line":1,"column":42}}},"fnMap":{"0":{"name":"(anonymous_0)","decl":{"start":{"line":1,"column":9},"end":{"line":1,"column":19}},"loc":{"start":{"line":1,"column":9},"end":{"line":1,"column":42}}}},"branchMap":{},"s":{"0":1,"1":38},"f":{"0":37},"b":{}}
,"/Users/rimapa2025/workspace/ai-navi-outbound-cs-314community-frontend/src/components/molecules/TypingIndicator/TypingIndicator.tsx": {"path":"/Users/rimapa2025/workspace/ai-navi-outbound-cs-314community-frontend/src/components/molecules/TypingIndicator/TypingIndicator.tsx","statementMap":{"0":{"start":{"line":11,"column":0},"end":{"line":11,"column":16}},"1":{"start":{"line":1,"column":0},"end":{"line":1,"column":26}},"2":{"start":{"line":2,"column":0},"end":{"line":2,"column":39}},"3":{"start":{"line":3,"column":0},"end":{"line":3,"column":83}},"4":{"start":{"line":16,"column":17},"end":{"line":16,"column":45}},"5":{"start":{"line":18,"column":2},"end":{"line":42,"column":4}}},"fnMap":{"0":{"name":"TypingIndicator","decl":{"start":{"line":11,"column":16},"end":{"line":11,"column":31}},"loc":{"start":{"line":15,"column":23},"end":{"line":43,"column":1}}}},"branchMap":{"0":{"loc":{"start":{"line":12,"column":2},"end":{"line":12,"column":24}},"type":"default-arg","locations":[{"start":{"line":12,"column":16},"end":{"line":12,"column":24}}]},"1":{"loc":{"start":{"line":13,"column":2},"end":{"line":13,"column":19}},"type":"default-arg","locations":[{"start":{"line":13,"column":15},"end":{"line":13,"column":19}}]},"2":{"loc":{"start":{"line":14,"column":2},"end":{"line":14,"column":16}},"type":"default-arg","locations":[{"start":{"line":14,"column":14},"end":{"line":14,"column":16}}]},"3":{"loc":{"start":{"line":20,"column":7},"end":{"line":23,"column":null}},"type":"binary-expr","locations":[{"start":{"line":20,"column":7},"end":{"line":20,"column":17}},{"start":{"line":21,"column":8},"end":{"line":22,"column":null}}]}},"s":{"0":0,"1":0,"2":0,"3":0,"4":0,"5":0},"f":{"0":0},"b":{"0":[0],"1":[0],"2":[0],"3":[0,0]}}
,"/Users/rimapa2025/workspace/ai-navi-outbound-cs-314community-frontend/src/components/molecules/TypingIndicator/index.ts": {"path":"/Users/rimapa2025/workspace/ai-navi-outbound-cs-314community-frontend/src/components/molecules/TypingIndicator/index.ts","statementMap":{"0":{"start":{"line":1,"column":0},"end":{"line":1,"column":9}},"1":{"start":{"line":1,"column":9},"end":{"line":1,"column":52}}},"fnMap":{"0":{"name":"(anonymous_0)","decl":{"start":{"line":1,"column":9},"end":{"line":1,"column":24}},"loc":{"start":{"line":1,"column":9},"end":{"line":1,"column":52}}}},"branchMap":{},"s":{"0":0,"1":0},"f":{"0":0},"b":{}}
,"/Users/rimapa2025/workspace/ai-navi-outbound-cs-314community-frontend/src/components/molecules/UserAvatar/UserAvatar.tsx": {"path":"/Users/rimapa2025/workspace/ai-navi-outbound-cs-314community-frontend/src/components/molecules/UserAvatar/UserAvatar.tsx","statementMap":{"0":{"start":{"line":11,"column":0},"end":{"line":11,"column":16}},"1":{"start":{"line":1,"column":0},"end":{"line":1,"column":26}},"2":{"start":{"line":2,"column":0},"end":{"line":2,"column":83}},"3":{"start":{"line":3,"column":0},"end":{"line":3,"column":69}},"4":{"start":{"line":4,"column":0},"end":{"line":4,"column":67}},"5":{"start":{"line":12,"column":17},"end":{"line":12,"column":45}},"6":{"start":{"line":13,"column":22},"end":{"line":13,"column":57}},"7":{"start":{"line":15,"column":2},"end":{"line":35,"column":4}}},"fnMap":{"0":{"name":"UserAvatar","decl":{"start":{"line":11,"column":16},"end":{"line":11,"column":26}},"loc":{"start":{"line":11,"column":74},"end":{"line":36,"column":1}}}},"branchMap":{"0":{"loc":{"start":{"line":13,"column":22},"end":{"line":13,"column":57}},"type":"binary-expr","locations":[{"start":{"line":13,"column":22},"end":{"line":13,"column":35}},{"start":{"line":13,"column":39},"end":{"line":13,"column":57}}]}},"s":{"0":0,"1":0,"2":0,"3":0,"4":0,"5":0,"6":0,"7":0},"f":{"0":0},"b":{"0":[0,0]}}
,"/Users/rimapa2025/workspace/ai-navi-outbound-cs-314community-frontend/src/components/molecules/UserAvatar/index.ts": {"path":"/Users/rimapa2025/workspace/ai-navi-outbound-cs-314community-frontend/src/components/molecules/UserAvatar/index.ts","statementMap":{"0":{"start":{"line":1,"column":0},"end":{"line":1,"column":9}},"1":{"start":{"line":1,"column":9},"end":{"line":1,"column":42}}},"fnMap":{"0":{"name":"(anonymous_0)","decl":{"start":{"line":1,"column":9},"end":{"line":1,"column":19}},"loc":{"start":{"line":1,"column":9},"end":{"line":1,"column":42}}}},"branchMap":{},"s":{"0":0,"1":0},"f":{"0":0},"b":{}}
,"/Users/rimapa2025/workspace/ai-navi-outbound-cs-314community-frontend/src/components/organisms/index.ts": {"path":"/Users/rimapa2025/workspace/ai-navi-outbound-cs-314community-frontend/src/components/organisms/index.ts","statementMap":{"0":{"start":{"line":1,"column":0},"end":{"line":1,"column":28}},"1":{"start":{"line":2,"column":0},"end":{"line":2,"column":30}},"2":{"start":{"line":3,"column":0},"end":{"line":3,"column":30}},"3":{"start":{"line":4,"column":0},"end":{"line":4,"column":29}},"4":{"start":{"line":5,"column":0},"end":{"line":5,"column":31}},"5":{"start":{"line":6,"column":0},"end":{"line":6,"column":35}},"6":{"start":{"line":7,"column":0},"end":{"line":7,"column":35}}},"fnMap":{},"branchMap":{},"s":{"0":0,"1":0,"2":0,"3":0,"4":0,"5":0,"6":0},"f":{},"b":{}}
,"/Users/rimapa2025/workspace/ai-navi-outbound-cs-314community-frontend/src/components/organisms/ChatInput/ChatInput.tsx": {"path":"/Users/rimapa2025/workspace/ai-navi-outbound-cs-314community-frontend/src/components/organisms/ChatInput/ChatInput.tsx","statementMap":{"0":{"start":{"line":23,"column":0},"end":{"line":23,"column":16}},"1":{"start":{"line":1,"column":0},"end":{"line":1,"column":51}},"2":{"start":{"line":2,"column":0},"end":{"line":2,"column":70}},"3":{"start":{"line":3,"column":0},"end":{"line":3,"column":67}},"4":{"start":{"line":4,"column":0},"end":{"line":4,"column":63}},"5":{"start":{"line":5,"column":0},"end":{"line":5,"column":60}},"6":{"start":{"line":6,"column":0},"end":{"line":6,"column":44}},"7":{"start":{"line":7,"column":0},"end":{"line":7,"column":56}},"8":{"start":{"line":8,"column":0},"end":{"line":8,"column":41}},"9":{"start":{"line":9,"column":0},"end":{"line":9,"column":60}},"10":{"start":{"line":10,"column":0},"end":{"line":10,"column":67}},"11":{"start":{"line":32,"column":16},"end":{"line":32,"column":27}},"12":{"start":{"line":33,"column":22},"end":{"line":33,"column":38}},"13":{"start":{"line":34,"column":17},"end":{"line":34,"column":45}},"14":{"start":{"line":37,"column":48},"end":{"line":37,"column":63}},"15":{"start":{"line":38,"column":38},"end":{"line":38,"column":71}},"16":{"start":{"line":39,"column":25},"end":{"line":39,"column":43}},"17":{"start":{"line":42,"column":2},"end":{"line":45,"column":17}},"18":{"start":{"line":43,"column":19},"end":{"line":43,"column":54}},"19":{"start":{"line":44,"column":4},"end":{"line":44,"column":26}},"20":{"start":{"line":47,"column":24},"end":{"line":58,"column":3}},"21":{"start":{"line":48,"column":4},"end":{"line":57,"column":5}},"22":{"start":{"line":50,"column":6},"end":{"line":52,"column":7}},"23":{"start":{"line":51,"column":8},"end":{"line":51,"column":15}},"24":{"start":{"line":53,"column":6},"end":{"line":53,"column":25}},"25":{"start":{"line":54,"column":6},"end":{"line":56,"column":7}},"26":{"start":{"line":55,"column":8},"end":{"line":55,"column":17}},"27":{"start":{"line":60,"column":26},"end":{"line":81,"column":3}},"28":{"start":{"line":62,"column":4},"end":{"line":64,"column":5}},"29":{"start":{"line":63,"column":6},"end":{"line":63,"column":13}},"30":{"start":{"line":67,"column":4},"end":{"line":80,"column":5}},"31":{"start":{"line":69,"column":28},"end":{"line":69,"column":65}},"32":{"start":{"line":70,"column":6},"end":{"line":72,"column":7}},"33":{"start":{"line":71,"column":8},"end":{"line":71,"column":29}},"34":{"start":{"line":75,"column":6},"end":{"line":77,"column":14}},"35":{"start":{"line":76,"column":8},"end":{"line":76,"column":33}},"36":{"start":{"line":79,"column":6},"end":{"line":79,"column":31}},"37":{"start":{"line":83,"column":30},"end":{"line":88,"column":3}},"38":{"start":{"line":84,"column":4},"end":{"line":86,"column":5}},"39":{"start":{"line":85,"column":6},"end":{"line":85,"column":28}},"40":{"start":{"line":87,"column":4},"end":{"line":87,"column":30}},"41":{"start":{"line":90,"column":2},"end":{"line":149,"column":4}},"42":{"start":{"line":142,"column":25},"end":{"line":142,"column":50}}},"fnMap":{"0":{"name":"ChatInput","decl":{"start":{"line":23,"column":16},"end":{"line":23,"column":25}},"loc":{"start":{"line":31,"column":17},"end":{"line":150,"column":1}}},"1":{"name":"(anonymous_7)","decl":{"start":{"line":42,"column":12},"end":{"line":42,"column":15}},"loc":{"start":{"line":42,"column":17},"end":{"line":45,"column":3}}},"2":{"name":"(anonymous_8)","decl":{"start":{"line":47,"column":24},"end":{"line":47,"column":25}},"loc":{"start":{"line":47,"column":51},"end":{"line":58,"column":3}}},"3":{"name":"(anonymous_9)","decl":{"start":{"line":60,"column":26},"end":{"line":60,"column":29}},"loc":{"start":{"line":60,"column":31},"end":{"line":81,"column":3}}},"4":{"name":"(anonymous_10)","decl":{"start":{"line":75,"column":17},"end":{"line":75,"column":20}},"loc":{"start":{"line":75,"column":22},"end":{"line":77,"column":7}}},"5":{"name":"(anonymous_11)","decl":{"start":{"line":83,"column":30},"end":{"line":83,"column":31}},"loc":{"start":{"line":83,"column":49},"end":{"line":88,"column":3}}},"6":{"name":"(anonymous_12)","decl":{"start":{"line":142,"column":19},"end":{"line":142,"column":22}},"loc":{"start":{"line":142,"column":25},"end":{"line":142,"column":50}}}},"branchMap":{"0":{"loc":{"start":{"line":27,"column":2},"end":{"line":27,"column":18}},"type":"default-arg","locations":[{"start":{"line":27,"column":13},"end":{"line":27,"column":18}}]},"1":{"loc":{"start":{"line":29,"column":2},"end":{"line":29,"column":22}},"type":"default-arg","locations":[{"start":{"line":29,"column":13},"end":{"line":29,"column":22}}]},"2":{"loc":{"start":{"line":48,"column":4},"end":{"line":57,"column":5}},"type":"if","locations":[{"start":{"line":48,"column":4},"end":{"line":57,"column":5}}]},"3":{"loc":{"start":{"line":48,"column":8},"end":{"line":48,"column":40}},"type":"binary-expr","locations":[{"start":{"line":48,"column":8},"end":{"line":48,"column":25}},{"start":{"line":48,"column":29},"end":{"line":48,"column":40}}]},"4":{"loc":{"start":{"line":50,"column":6},"end":{"line":52,"column":7}},"type":"if","locations":[{"start":{"line":50,"column":6},"end":{"line":52,"column":7}}]},"5":{"loc":{"start":{"line":54,"column":6},"end":{"line":56,"column":7}},"type":"if","locations":[{"start":{"line":54,"column":6},"end":{"line":56,"column":7}}]},"6":{"loc":{"start":{"line":54,"column":10},"end":{"line":54,"column":35}},"type":"binary-expr","locations":[{"start":{"line":54,"column":10},"end":{"line":54,"column":22}},{"start":{"line":54,"column":26},"end":{"line":54,"column":35}}]},"7":{"loc":{"start":{"line":62,"column":4},"end":{"line":64,"column":5}},"type":"if","locations":[{"start":{"line":62,"column":4},"end":{"line":64,"column":5}}]},"8":{"loc":{"start":{"line":67,"column":4},"end":{"line":80,"column":5}},"type":"if","locations":[{"start":{"line":67,"column":4},"end":{"line":80,"column":5}},{"start":{"line":78,"column":11},"end":{"line":80,"column":5}}]},"9":{"loc":{"start":{"line":70,"column":6},"end":{"line":72,"column":7}},"type":"if","locations":[{"start":{"line":70,"column":6},"end":{"line":72,"column":7}}]},"10":{"loc":{"start":{"line":70,"column":10},"end":{"line":70,"column":102}},"type":"binary-expr","locations":[{"start":{"line":70,"column":10},"end":{"line":70,"column":23}},{"start":{"line":70,"column":28},"end":{"line":70,"column":61}},{"start":{"line":70,"column":65},"end":{"line":70,"column":101}}]},"11":{"loc":{"start":{"line":84,"column":4},"end":{"line":86,"column":5}},"type":"if","locations":[{"start":{"line":84,"column":4},"end":{"line":86,"column":5}}]},"12":{"loc":{"start":{"line":97,"column":10},"end":{"line":99,"column":null}},"type":"cond-expr","locations":[{"start":{"line":98,"column":14},"end":{"line":98,"column":34}},{"start":{"line":99,"column":14},"end":{"line":99,"column":null}}]},"13":{"loc":{"start":{"line":104,"column":10},"end":{"line":106,"column":null}},"type":"cond-expr","locations":[{"start":{"line":105,"column":14},"end":{"line":105,"column":29}},{"start":{"line":106,"column":14},"end":{"line":106,"column":null}}]},"14":{"loc":{"start":{"line":123,"column":18},"end":{"line":123,"column":43}},"type":"binary-expr","locations":[{"start":{"line":123,"column":18},"end":{"line":123,"column":31}},{"start":{"line":123,"column":35},"end":{"line":123,"column":43}}]},"15":{"loc":{"start":{"line":125,"column":10},"end":{"line":127,"column":null}},"type":"cond-expr","locations":[{"start":{"line":126,"column":14},"end":{"line":126,"column":64}},{"start":{"line":127,"column":14},"end":{"line":127,"column":null}}]},"16":{"loc":{"start":{"line":125,"column":10},"end":{"line":125,"column":35}},"type":"binary-expr","locations":[{"start":{"line":125,"column":10},"end":{"line":125,"column":22}},{"start":{"line":125,"column":26},"end":{"line":125,"column":35}}]},"17":{"loc":{"start":{"line":132,"column":10},"end":{"line":134,"column":null}},"type":"cond-expr","locations":[{"start":{"line":133,"column":14},"end":{"line":133,"column":53}},{"start":{"line":134,"column":14},"end":{"line":134,"column":null}}]},"18":{"loc":{"start":{"line":132,"column":10},"end":{"line":132,"column":35}},"type":"binary-expr","locations":[{"start":{"line":132,"column":10},"end":{"line":132,"column":22}},{"start":{"line":132,"column":26},"end":{"line":132,"column":35}}]},"19":{"loc":{"start":{"line":139,"column":7},"end":{"line":146,"column":null}},"type":"binary-expr","locations":[{"start":{"line":139,"column":7},"end":{"line":139,"column":17}},{"start":{"line":140,"column":8},"end":{"line":145,"column":null}}]}},"s":{"0":1,"1":1,"2":1,"3":1,"4":1,"5":1,"6":1,"7":1,"8":1,"9":1,"10":1,"11":37,"12":37,"13":37,"14":37,"15":37,"16":37,"17":37,"18":17,"19":17,"20":37,"21":1,"22":1,"23":0,"24":1,"25":1,"26":1,"27":37,"28":0,"29":0,"30":0,"31":0,"32":0,"33":0,"34":0,"35":0,"36":0,"37":37,"38":0,"39":0,"40":0,"41":37,"42":0},"f":{"0":37,"1":17,"2":1,"3":0,"4":0,"5":0,"6":0},"b":{"0":[0],"1":[37],"2":[1],"3":[1,1],"4":[0],"5":[1],"6":[1,1],"7":[0],"8":[0,0],"9":[0],"10":[0,0,0],"11":[0],"12":[18,19],"13":[18,19],"14":[37,12],"15":[7,30],"16":[37,12],"17":[7,30],"18":[37,12],"19":[37,20]}}
,"/Users/rimapa2025/workspace/ai-navi-outbound-cs-314community-frontend/src/components/organisms/ChatInput/index.ts": {"path":"/Users/rimapa2025/workspace/ai-navi-outbound-cs-314community-frontend/src/components/organisms/ChatInput/index.ts","statementMap":{"0":{"start":{"line":1,"column":0},"end":{"line":1,"column":9}},"1":{"start":{"line":1,"column":9},"end":{"line":1,"column":40}},"2":{"start":{"line":2,"column":0},"end":{"line":2,"column":40}},"3":{"start":{"line":3,"column":0},"end":{"line":3,"column":25}}},"fnMap":{"0":{"name":"(anonymous_0)","decl":{"start":{"line":1,"column":9},"end":{"line":1,"column":18}},"loc":{"start":{"line":1,"column":9},"end":{"line":1,"column":40}}}},"branchMap":{},"s":{"0":0,"1":0,"2":0,"3":0},"f":{"0":0},"b":{}}
,"/Users/rimapa2025/workspace/ai-navi-outbound-cs-314community-frontend/src/components/organisms/ChatMessage/ChatMessage.tsx": {"path":"/Users/rimapa2025/workspace/ai-navi-outbound-cs-314community-frontend/src/components/organisms/ChatMessage/ChatMessage.tsx","statementMap":{"0":{"start":{"line":18,"column":0},"end":{"line":18,"column":16}},"1":{"start":{"line":2,"column":0},"end":{"line":2,"column":85}},"2":{"start":{"line":3,"column":0},"end":{"line":3,"column":60}},"3":{"start":{"line":4,"column":0},"end":{"line":4,"column":56}},"4":{"start":{"line":5,"column":0},"end":{"line":5,"column":56}},"5":{"start":{"line":6,"column":0},"end":{"line":6,"column":55}},"6":{"start":{"line":26,"column":21},"end":{"line":26,"column":32}},"7":{"start":{"line":27,"column":22},"end":{"line":27,"column":38}},"8":{"start":{"line":28,"column":24},"end":{"line":28,"column":42}},"9":{"start":{"line":29,"column":16},"end":{"line":29,"column":38}},"10":{"start":{"line":31,"column":2},"end":{"line":55,"column":3}},"11":{"start":{"line":32,"column":4},"end":{"line":54,"column":6}},"12":{"start":{"line":58,"column":2},"end":{"line":76,"column":4}}},"fnMap":{"0":{"name":"ChatMessage","decl":{"start":{"line":18,"column":16},"end":{"line":18,"column":27}},"loc":{"start":{"line":25,"column":19},"end":{"line":77,"column":1}}}},"branchMap":{"0":{"loc":{"start":{"line":20,"column":2},"end":{"line":20,"column":18}},"type":"default-arg","locations":[{"start":{"line":20,"column":13},"end":{"line":20,"column":18}}]},"1":{"loc":{"start":{"line":22,"column":2},"end":{"line":22,"column":20}},"type":"default-arg","locations":[{"start":{"line":22,"column":15},"end":{"line":22,"column":20}}]},"2":{"loc":{"start":{"line":24,"column":2},"end":{"line":24,"column":24}},"type":"default-arg","locations":[{"start":{"line":24,"column":20},"end":{"line":24,"column":24}}]},"3":{"loc":{"start":{"line":31,"column":2},"end":{"line":55,"column":3}},"type":"if","locations":[{"start":{"line":31,"column":2},"end":{"line":55,"column":3}}]},"4":{"loc":{"start":{"line":34,"column":9},"end":{"line":34,"column":64}},"type":"binary-expr","locations":[{"start":{"line":34,"column":9},"end":{"line":34,"column":20}},{"start":{"line":34,"column":24},"end":{"line":34,"column":64}}]},"5":{"loc":{"start":{"line":37,"column":9},"end":{"line":51,"column":null}},"type":"cond-expr","locations":[{"start":{"line":38,"column":10},"end":{"line":42,"column":null}},{"start":{"line":45,"column":10},"end":{"line":50,"column":null}}]},"6":{"loc":{"start":{"line":41,"column":26},"end":{"line":41,"column":53}},"type":"binary-expr","locations":[{"start":{"line":41,"column":26},"end":{"line":41,"column":41}},{"start":{"line":41,"column":45},"end":{"line":41,"column":53}}]},"7":{"loc":{"start":{"line":66,"column":7},"end":{"line":73,"column":null}},"type":"binary-expr","locations":[{"start":{"line":66,"column":7},"end":{"line":66,"column":20}},{"start":{"line":67,"column":8},"end":{"line":72,"column":null}}]},"8":{"loc":{"start":{"line":68,"column":48},"end":{"line":68,"column":111}},"type":"cond-expr","locations":[{"start":{"line":68,"column":66},"end":{"line":68,"column":73}},{"start":{"line":68,"column":76},"end":{"line":68,"column":111}}]},"9":{"loc":{"start":{"line":68,"column":76},"end":{"line":68,"column":111}},"type":"cond-expr","locations":[{"start":{"line":68,"column":94},"end":{"line":68,"column":101}},{"start":{"line":68,"column":104},"end":{"line":68,"column":111}}]}},"s":{"0":0,"1":0,"2":0,"3":0,"4":0,"5":0,"6":0,"7":0,"8":0,"9":0,"10":0,"11":0,"12":0},"f":{"0":0},"b":{"0":[0],"1":[0],"2":[0],"3":[0],"4":[0,0],"5":[0,0],"6":[0,0],"7":[0,0],"8":[0,0],"9":[0,0]}}
,"/Users/rimapa2025/workspace/ai-navi-outbound-cs-314community-frontend/src/components/organisms/ChatMessage/index.ts": {"path":"/Users/rimapa2025/workspace/ai-navi-outbound-cs-314community-frontend/src/components/organisms/ChatMessage/index.ts","statementMap":{"0":{"start":{"line":1,"column":0},"end":{"line":1,"column":9}},"1":{"start":{"line":1,"column":9},"end":{"line":1,"column":44}},"2":{"start":{"line":2,"column":0},"end":{"line":2,"column":44}},"3":{"start":{"line":3,"column":0},"end":{"line":3,"column":27}}},"fnMap":{"0":{"name":"(anonymous_0)","decl":{"start":{"line":1,"column":9},"end":{"line":1,"column":20}},"loc":{"start":{"line":1,"column":9},"end":{"line":1,"column":44}}}},"branchMap":{},"s":{"0":0,"1":0,"2":0,"3":0},"f":{"0":0},"b":{}}
,"/Users/rimapa2025/workspace/ai-navi-outbound-cs-314community-frontend/src/components/organisms/FAQCategory/FAQCategory.tsx": {"path":"/Users/rimapa2025/workspace/ai-navi-outbound-cs-314community-frontend/src/components/organisms/FAQCategory/FAQCategory.tsx","statementMap":{"0":{"start":{"line":92,"column":0},"end":{"line":92,"column":16}},"1":{"start":{"line":1,"column":0},"end":{"line":1,"column":26}},"2":{"start":{"line":2,"column":0},"end":{"line":2,"column":49}},"3":{"start":{"line":3,"column":0},"end":{"line":3,"column":60}},"4":{"start":{"line":4,"column":0},"end":{"line":4,"column":70}},"5":{"start":{"line":5,"column":0},"end":{"line":5,"column":67}},"6":{"start":{"line":6,"column":0},"end":{"line":6,"column":40}},"7":{"start":{"line":8,"column":0},"end":{"line":8,"column":105}},"8":{"start":{"line":11,"column":15},"end":{"line":22,"column":11}},"9":{"start":{"line":48,"column":32},"end":{"line":57,"column":1}},"10":{"start":{"line":49,"column":26},"end":{"line":49,"column":51}},"11":{"start":{"line":51,"column":2},"end":{"line":56,"column":6}},"12":{"start":{"line":51,"column":78},"end":{"line":56,"column":4}},"13":{"start":{"line":64,"column":27},"end":{"line":81,"column":1}},"14":{"start":{"line":65,"column":2},"end":{"line":72,"column":3}},"15":{"start":{"line":66,"column":4},"end":{"line":71,"column":6}},"16":{"start":{"line":75,"column":2},"end":{"line":77,"column":3}},"17":{"start":{"line":76,"column":4},"end":{"line":76,"column":25}},"18":{"start":{"line":80,"column":2},"end":{"line":80,"column":55}},"19":{"start":{"line":99,"column":28},"end":{"line":99,"column":53}},"20":{"start":{"line":100,"column":26},"end":{"line":100,"column":57}},"21":{"start":{"line":101,"column":16},"end":{"line":101,"column":27}},"22":{"start":{"line":102,"column":22},"end":{"line":102,"column":38}},"23":{"start":{"line":103,"column":17},"end":{"line":103,"column":45}},"24":{"start":{"line":105,"column":29},"end":{"line":105,"column":69}},"25":{"start":{"line":107,"column":2},"end":{"line":132,"column":4}},"26":{"start":{"line":122,"column":10},"end":{"line":123,"column":null}},"27":{"start":{"line":145,"column":54},"end":{"line":164,"column":null}},"28":{"start":{"line":151,"column":2},"end":{"line":163,"column":null}},"29":{"start":{"line":153,"column":21},"end":{"line":153,"column":47}}},"fnMap":{"0":{"name":"(anonymous_1)","decl":{"start":{"line":48,"column":32},"end":{"line":48,"column":54}},"loc":{"start":{"line":48,"column":56},"end":{"line":57,"column":1}}},"1":{"name":"(anonymous_2)","decl":{"start":{"line":51,"column":29},"end":{"line":51,"column":30}},"loc":{"start":{"line":51,"column":78},"end":{"line":56,"column":4}}},"2":{"name":"(anonymous_3)","decl":{"start":{"line":64,"column":27},"end":{"line":64,"column":28}},"loc":{"start":{"line":64,"column":74},"end":{"line":81,"column":1}}},"3":{"name":"FAQCategory","decl":{"start":{"line":92,"column":16},"end":{"line":92,"column":27}},"loc":{"start":{"line":97,"column":19},"end":{"line":133,"column":1}}},"4":{"name":"(anonymous_5)","decl":{"start":{"line":121,"column":29},"end":{"line":121,"column":30}},"loc":{"start":{"line":122,"column":10},"end":{"line":123,"column":null}}},"5":{"name":"(anonymous_6)","decl":{"start":{"line":145,"column":54},"end":{"line":145,"column":55}},"loc":{"start":{"line":151,"column":2},"end":{"line":163,"column":null}}},"6":{"name":"(anonymous_7)","decl":{"start":{"line":153,"column":15},"end":{"line":153,"column":18}},"loc":{"start":{"line":153,"column":21},"end":{"line":153,"column":47}}}},"branchMap":{"0":{"loc":{"start":{"line":65,"column":2},"end":{"line":72,"column":3}},"type":"if","locations":[{"start":{"line":65,"column":2},"end":{"line":72,"column":3}}]},"1":{"loc":{"start":{"line":75,"column":2},"end":{"line":77,"column":3}},"type":"if","locations":[{"start":{"line":75,"column":2},"end":{"line":77,"column":3}}]},"2":{"loc":{"start":{"line":96,"column":2},"end":{"line":96,"column":16}},"type":"default-arg","locations":[{"start":{"line":96,"column":14},"end":{"line":96,"column":16}}]},"3":{"loc":{"start":{"line":100,"column":26},"end":{"line":100,"column":57}},"type":"binary-expr","locations":[{"start":{"line":100,"column":26},"end":{"line":100,"column":36}},{"start":{"line":100,"column":40},"end":{"line":100,"column":57}}]},"4":{"loc":{"start":{"line":105,"column":29},"end":{"line":105,"column":69}},"type":"binary-expr","locations":[{"start":{"line":105,"column":29},"end":{"line":105,"column":40}},{"start":{"line":105,"column":44},"end":{"line":105,"column":69}}]}},"s":{"0":0,"1":0,"2":0,"3":0,"4":0,"5":0,"6":0,"7":0,"8":0,"9":0,"10":0,"11":0,"12":0,"13":0,"14":0,"15":0,"16":0,"17":0,"18":0,"19":0,"20":0,"21":0,"22":0,"23":0,"24":0,"25":0,"26":0,"27":0,"28":0,"29":0},"f":{"0":0,"1":0,"2":0,"3":0,"4":0,"5":0,"6":0},"b":{"0":[0],"1":[0],"2":[0],"3":[0,0],"4":[0,0]}}
,"/Users/rimapa2025/workspace/ai-navi-outbound-cs-314community-frontend/src/components/organisms/FAQCategory/index.ts": {"path":"/Users/rimapa2025/workspace/ai-navi-outbound-cs-314community-frontend/src/components/organisms/FAQCategory/index.ts","statementMap":{"0":{"start":{"line":1,"column":0},"end":{"line":1,"column":9}},"1":{"start":{"line":1,"column":9},"end":{"line":1,"column":44}},"2":{"start":{"line":2,"column":0},"end":{"line":2,"column":44}},"3":{"start":{"line":3,"column":0},"end":{"line":3,"column":27}}},"fnMap":{"0":{"name":"(anonymous_0)","decl":{"start":{"line":1,"column":9},"end":{"line":1,"column":20}},"loc":{"start":{"line":1,"column":9},"end":{"line":1,"column":44}}}},"branchMap":{},"s":{"0":0,"1":0,"2":0,"3":0},"f":{"0":0},"b":{}}
,"/Users/rimapa2025/workspace/ai-navi-outbound-cs-314community-frontend/src/components/organisms/GradeQuickReply/GradeQuickReply.tsx": {"path":"/Users/rimapa2025/workspace/ai-navi-outbound-cs-314community-frontend/src/components/organisms/GradeQuickReply/GradeQuickReply.tsx","statementMap":{"0":{"start":{"line":1,"column":0},"end":{"line":1,"column":26}},"1":{"start":{"line":2,"column":0},"end":{"line":2,"column":60}},"2":{"start":{"line":3,"column":0},"end":{"line":3,"column":66}},"3":{"start":{"line":4,"column":0},"end":{"line":4,"column":96}},"4":{"start":{"line":14,"column":63},"end":{"line":53,"column":1}},"5":{"start":{"line":21,"column":16},"end":{"line":21,"column":27}},"6":{"start":{"line":24,"column":23},"end":{"line":24,"column":49}},"7":{"start":{"line":25,"column":38},"end":{"line":36,"column":4}},"8":{"start":{"line":26,"column":41},"end":{"line":30,"column":6}},"9":{"start":{"line":39,"column":2},"end":{"line":52,"column":4}},"10":{"start":{"line":14,"column":13},"end":{"line":14,"column":63}}},"fnMap":{"0":{"name":"(anonymous_1)","decl":{"start":{"line":14,"column":63},"end":{"line":14,"column":64}},"loc":{"start":{"line":20,"column":5},"end":{"line":53,"column":1}}},"1":{"name":"(anonymous_2)","decl":{"start":{"line":26,"column":24},"end":{"line":26,"column":25}},"loc":{"start":{"line":26,"column":41},"end":{"line":30,"column":6}}}},"branchMap":{"0":{"loc":{"start":{"line":19,"column":2},"end":{"line":19,"column":16}},"type":"default-arg","locations":[{"start":{"line":19,"column":14},"end":{"line":19,"column":16}}]}},"s":{"0":0,"1":0,"2":0,"3":0,"4":0,"5":0,"6":0,"7":0,"8":0,"9":0,"10":0},"f":{"0":0,"1":0},"b":{"0":[0]}}
,"/Users/rimapa2025/workspace/ai-navi-outbound-cs-314community-frontend/src/components/organisms/GradeQuickReply/index.ts": {"path":"/Users/rimapa2025/workspace/ai-navi-outbound-cs-314community-frontend/src/components/organisms/GradeQuickReply/index.ts","statementMap":{"0":{"start":{"line":1,"column":0},"end":{"line":1,"column":9}},"1":{"start":{"line":1,"column":9},"end":{"line":1,"column":52}}},"fnMap":{"0":{"name":"(anonymous_0)","decl":{"start":{"line":1,"column":9},"end":{"line":1,"column":24}},"loc":{"start":{"line":1,"column":9},"end":{"line":1,"column":52}}}},"branchMap":{},"s":{"0":0,"1":0},"f":{"0":0},"b":{}}
,"/Users/rimapa2025/workspace/ai-navi-outbound-cs-314community-frontend/src/components/organisms/GradeSelection/GradeSelection.tsx": {"path":"/Users/rimapa2025/workspace/ai-navi-outbound-cs-314community-frontend/src/components/organisms/GradeSelection/GradeSelection.tsx","statementMap":{"0":{"start":{"line":1,"column":0},"end":{"line":1,"column":26}},"1":{"start":{"line":2,"column":0},"end":{"line":2,"column":60}},"2":{"start":{"line":3,"column":0},"end":{"line":3,"column":88}},"3":{"start":{"line":4,"column":0},"end":{"line":4,"column":67}},"4":{"start":{"line":5,"column":0},"end":{"line":5,"column":90}},"5":{"start":{"line":13,"column":61},"end":{"line":74,"column":1}},"6":{"start":{"line":18,"column":16},"end":{"line":18,"column":27}},"7":{"start":{"line":19,"column":29},"end":{"line":19,"column":45}},"8":{"start":{"line":20,"column":22},"end":{"line":20,"column":59}},"9":{"start":{"line":21,"column":17},"end":{"line":21,"column":45}},"10":{"start":{"line":23,"column":2},"end":{"line":73,"column":4}},"11":{"start":{"line":48,"column":8},"end":{"line":48,"column":30}},"12":{"start":{"line":52,"column":31},"end":{"line":52,"column":56}},"13":{"start":{"line":13,"column":13},"end":{"line":13,"column":61}}},"fnMap":{"0":{"name":"(anonymous_1)","decl":{"start":{"line":13,"column":61},"end":{"line":13,"column":62}},"loc":{"start":{"line":17,"column":5},"end":{"line":74,"column":1}}},"1":{"name":"(anonymous_2)","decl":{"start":{"line":47,"column":25},"end":{"line":47,"column":26}},"loc":{"start":{"line":48,"column":8},"end":{"line":48,"column":30}}},"2":{"name":"(anonymous_3)","decl":{"start":{"line":52,"column":25},"end":{"line":52,"column":28}},"loc":{"start":{"line":52,"column":31},"end":{"line":52,"column":56}}}},"branchMap":{"0":{"loc":{"start":{"line":16,"column":2},"end":{"line":16,"column":16}},"type":"default-arg","locations":[{"start":{"line":16,"column":14},"end":{"line":16,"column":16}}]},"1":{"loc":{"start":{"line":20,"column":22},"end":{"line":20,"column":59}},"type":"binary-expr","locations":[{"start":{"line":20,"column":22},"end":{"line":20,"column":37}},{"start":{"line":20,"column":41},"end":{"line":20,"column":59}}]}},"s":{"0":0,"1":0,"2":0,"3":0,"4":0,"5":0,"6":0,"7":0,"8":0,"9":0,"10":0,"11":0,"12":0,"13":0},"f":{"0":0,"1":0,"2":0},"b":{"0":[0],"1":[0,0]}}
,"/Users/rimapa2025/workspace/ai-navi-outbound-cs-314community-frontend/src/components/organisms/GradeSelection/index.ts": {"path":"/Users/rimapa2025/workspace/ai-navi-outbound-cs-314community-frontend/src/components/organisms/GradeSelection/index.ts","statementMap":{"0":{"start":{"line":1,"column":0},"end":{"line":1,"column":9}},"1":{"start":{"line":1,"column":9},"end":{"line":1,"column":50}}},"fnMap":{"0":{"name":"(anonymous_0)","decl":{"start":{"line":1,"column":9},"end":{"line":1,"column":23}},"loc":{"start":{"line":1,"column":9},"end":{"line":1,"column":50}}}},"branchMap":{},"s":{"0":0,"1":0},"f":{"0":0},"b":{}}
,"/Users/rimapa2025/workspace/ai-navi-outbound-cs-314community-frontend/src/components/organisms/LLMResponseGroup/LLMResponseGroup.tsx": {"path":"/Users/rimapa2025/workspace/ai-navi-outbound-cs-314community-frontend/src/components/organisms/LLMResponseGroup/LLMResponseGroup.tsx","statementMap":{"0":{"start":{"line":13,"column":0},"end":{"line":13,"column":16}},"1":{"start":{"line":1,"column":0},"end":{"line":1,"column":44}},"2":{"start":{"line":2,"column":0},"end":{"line":2,"column":56}},"3":{"start":{"line":19,"column":54},"end":{"line":19,"column":65}},"4":{"start":{"line":20,"column":50},"end":{"line":20,"column":72}},"5":{"start":{"line":23,"column":31},"end":{"line":33,"column":3}},"6":{"start":{"line":24,"column":4},"end":{"line":24,"column":50}},"7":{"start":{"line":24,"column":32},"end":{"line":24,"column":48}},"8":{"start":{"line":27,"column":4},"end":{"line":32,"column":5}},"9":{"start":{"line":28,"column":6},"end":{"line":28,"column":39}},"10":{"start":{"line":29,"column":11},"end":{"line":32,"column":5}},"11":{"start":{"line":31,"column":6},"end":{"line":31,"column":19}},"12":{"start":{"line":36,"column":2},"end":{"line":41,"column":47}},"13":{"start":{"line":37,"column":4},"end":{"line":40,"column":5}},"14":{"start":{"line":38,"column":6},"end":{"line":38,"column":58}},"15":{"start":{"line":39,"column":6},"end":{"line":39,"column":62}},"16":{"start":{"line":39,"column":58},"end":{"line":39,"column":59}},"17":{"start":{"line":43,"column":2},"end":{"line":69,"column":4}},"18":{"start":{"line":47,"column":8},"end":{"line":49,"column":9}},"19":{"start":{"line":48,"column":10},"end":{"line":48,"column":22}},"20":{"start":{"line":52,"column":32},"end":{"line":52,"column":60}},"21":{"start":{"line":53,"column":28},"end":{"line":53,"column":60}},"22":{"start":{"line":55,"column":8},"end":{"line":66,"column":10}},"23":{"start":{"line":64,"column":36},"end":{"line":64,"column":63}}},"fnMap":{"0":{"name":"LLMResponseGroup","decl":{"start":{"line":13,"column":16},"end":{"line":13,"column":32}},"loc":{"start":{"line":18,"column":24},"end":{"line":70,"column":1}}},"1":{"name":"(anonymous_1)","decl":{"start":{"line":23,"column":31},"end":{"line":23,"column":32}},"loc":{"start":{"line":23,"column":49},"end":{"line":33,"column":3}}},"2":{"name":"(anonymous_2)","decl":{"start":{"line":24,"column":24},"end":{"line":24,"column":28}},"loc":{"start":{"line":24,"column":32},"end":{"line":24,"column":48}}},"3":{"name":"(anonymous_3)","decl":{"start":{"line":36,"column":12},"end":{"line":36,"column":15}},"loc":{"start":{"line":36,"column":17},"end":{"line":41,"column":3}}},"4":{"name":"(anonymous_4)","decl":{"start":{"line":39,"column":48},"end":{"line":39,"column":49}},"loc":{"start":{"line":39,"column":58},"end":{"line":39,"column":59}}},"5":{"name":"(anonymous_5)","decl":{"start":{"line":45,"column":29},"end":{"line":45,"column":30}},"loc":{"start":{"line":45,"column":47},"end":{"line":67,"column":7}}},"6":{"name":"(anonymous_6)","decl":{"start":{"line":64,"column":30},"end":{"line":64,"column":33}},"loc":{"start":{"line":64,"column":36},"end":{"line":64,"column":63}}}},"branchMap":{"0":{"loc":{"start":{"line":15,"column":2},"end":{"line":15,"column":24}},"type":"default-arg","locations":[{"start":{"line":15,"column":16},"end":{"line":15,"column":24}}]},"1":{"loc":{"start":{"line":16,"column":2},"end":{"line":16,"column":21}},"type":"default-arg","locations":[{"start":{"line":16,"column":17},"end":{"line":16,"column":21}}]},"2":{"loc":{"start":{"line":27,"column":4},"end":{"line":32,"column":5}},"type":"if","locations":[{"start":{"line":27,"column":4},"end":{"line":32,"column":5}},{"start":{"line":29,"column":11},"end":{"line":32,"column":5}}]},"3":{"loc":{"start":{"line":29,"column":11},"end":{"line":32,"column":5}},"type":"if","locations":[{"start":{"line":29,"column":11},"end":{"line":32,"column":5}}]},"4":{"loc":{"start":{"line":37,"column":4},"end":{"line":40,"column":5}},"type":"if","locations":[{"start":{"line":37,"column":4},"end":{"line":40,"column":5}}]},"5":{"loc":{"start":{"line":47,"column":8},"end":{"line":49,"column":9}},"type":"if","locations":[{"start":{"line":47,"column":8},"end":{"line":49,"column":9}}]},"6":{"loc":{"start":{"line":47,"column":12},"end":{"line":47,"column":54}},"type":"binary-expr","locations":[{"start":{"line":47,"column":12},"end":{"line":47,"column":38}},{"start":{"line":47,"column":42},"end":{"line":47,"column":54}}]},"7":{"loc":{"start":{"line":63,"column":22},"end":{"line":63,"column":69}},"type":"binary-expr","locations":[{"start":{"line":63,"column":22},"end":{"line":63,"column":34}},{"start":{"line":63,"column":38},"end":{"line":63,"column":53}},{"start":{"line":63,"column":57},"end":{"line":63,"column":69}}]}},"s":{"0":0,"1":0,"2":0,"3":0,"4":0,"5":0,"6":0,"7":0,"8":0,"9":0,"10":0,"11":0,"12":0,"13":0,"14":0,"15":0,"16":0,"17":0,"18":0,"19":0,"20":0,"21":0,"22":0,"23":0},"f":{"0":0,"1":0,"2":0,"3":0,"4":0,"5":0,"6":0},"b":{"0":[0],"1":[0],"2":[0,0],"3":[0],"4":[0],"5":[0],"6":[0,0],"7":[0,0,0]}}
,"/Users/rimapa2025/workspace/ai-navi-outbound-cs-314community-frontend/src/components/organisms/LLMResponseGroup/index.ts": {"path":"/Users/rimapa2025/workspace/ai-navi-outbound-cs-314community-frontend/src/components/organisms/LLMResponseGroup/index.ts","statementMap":{"0":{"start":{"line":1,"column":0},"end":{"line":1,"column":9}},"1":{"start":{"line":1,"column":9},"end":{"line":1,"column":54}}},"fnMap":{"0":{"name":"(anonymous_0)","decl":{"start":{"line":1,"column":9},"end":{"line":1,"column":25}},"loc":{"start":{"line":1,"column":9},"end":{"line":1,"column":54}}}},"branchMap":{},"s":{"0":0,"1":0},"f":{"0":0},"b":{}}
,"/Users/rimapa2025/workspace/ai-navi-outbound-cs-314community-frontend/src/components/organisms/MenuModal/MenuModal.tsx": {"path":"/Users/rimapa2025/workspace/ai-navi-outbound-cs-314community-frontend/src/components/organisms/MenuModal/MenuModal.tsx","statementMap":{"0":{"start":{"line":18,"column":0},"end":{"line":18,"column":16}},"1":{"start":{"line":1,"column":0},"end":{"line":1,"column":49}},"2":{"start":{"line":2,"column":0},"end":{"line":2,"column":39}},"3":{"start":{"line":3,"column":0},"end":{"line":3,"column":45}},"4":{"start":{"line":4,"column":0},"end":{"line":4,"column":60}},"5":{"start":{"line":7,"column":0},"end":{"line":7,"column":70}},"6":{"start":{"line":25,"column":16},"end":{"line":25,"column":27}},"7":{"start":{"line":26,"column":19},"end":{"line":26,"column":47}},"8":{"start":{"line":27,"column":17},"end":{"line":27,"column":45}},"9":{"start":{"line":30,"column":2},"end":{"line":44,"column":24}},"10":{"start":{"line":31,"column":4},"end":{"line":31,"column":24}},"11":{"start":{"line":31,"column":17},"end":{"line":31,"column":24}},"12":{"start":{"line":33,"column":25},"end":{"line":37,"column":5}},"13":{"start":{"line":34,"column":6},"end":{"line":36,"column":7}},"14":{"start":{"line":35,"column":8},"end":{"line":35,"column":18}},"15":{"start":{"line":39,"column":4},"end":{"line":39,"column":55}},"16":{"start":{"line":41,"column":4},"end":{"line":43,"column":6}},"17":{"start":{"line":42,"column":6},"end":{"line":42,"column":60}},"18":{"start":{"line":47,"column":2},"end":{"line":57,"column":15}},"19":{"start":{"line":48,"column":4},"end":{"line":52,"column":5}},"20":{"start":{"line":49,"column":6},"end":{"line":49,"column":46}},"21":{"start":{"line":51,"column":6},"end":{"line":51,"column":40}},"22":{"start":{"line":54,"column":4},"end":{"line":56,"column":6}},"23":{"start":{"line":55,"column":6},"end":{"line":55,"column":40}},"24":{"start":{"line":59,"column":2},"end":{"line":59,"column":27}},"25":{"start":{"line":59,"column":15},"end":{"line":59,"column":27}},"26":{"start":{"line":61,"column":30},"end":{"line":70,"column":3}},"27":{"start":{"line":62,"column":4},"end":{"line":62,"column":30}},"28":{"start":{"line":62,"column":23},"end":{"line":62,"column":30}},"29":{"start":{"line":64,"column":4},"end":{"line":66,"column":5}},"30":{"start":{"line":65,"column":6},"end":{"line":65,"column":28}},"31":{"start":{"line":69,"column":4},"end":{"line":69,"column":14}},"32":{"start":{"line":72,"column":2},"end":{"line":184,"column":4}},"33":{"start":{"line":87,"column":24},"end":{"line":87,"column":43}},"34":{"start":{"line":112,"column":14},"end":{"line":113,"column":null}},"35":{"start":{"line":114,"column":31},"end":{"line":114,"column":56}},"36":{"start":{"line":150,"column":16},"end":{"line":161,"column":17}},"37":{"start":{"line":151,"column":18},"end":{"line":160,"column":21}},"38":{"start":{"line":162,"column":16},"end":{"line":162,"column":26}}},"fnMap":{"0":{"name":"MenuModal","decl":{"start":{"line":18,"column":16},"end":{"line":18,"column":25}},"loc":{"start":{"line":24,"column":17},"end":{"line":185,"column":1}}},"1":{"name":"(anonymous_7)","decl":{"start":{"line":30,"column":12},"end":{"line":30,"column":15}},"loc":{"start":{"line":30,"column":17},"end":{"line":44,"column":3}}},"2":{"name":"(anonymous_8)","decl":{"start":{"line":33,"column":25},"end":{"line":33,"column":26}},"loc":{"start":{"line":33,"column":50},"end":{"line":37,"column":5}}},"3":{"name":"(anonymous_9)","decl":{"start":{"line":41,"column":11},"end":{"line":41,"column":14}},"loc":{"start":{"line":41,"column":16},"end":{"line":43,"column":5}}},"4":{"name":"(anonymous_10)","decl":{"start":{"line":47,"column":12},"end":{"line":47,"column":15}},"loc":{"start":{"line":47,"column":17},"end":{"line":57,"column":3}}},"5":{"name":"(anonymous_11)","decl":{"start":{"line":54,"column":11},"end":{"line":54,"column":14}},"loc":{"start":{"line":54,"column":16},"end":{"line":56,"column":5}}},"6":{"name":"(anonymous_12)","decl":{"start":{"line":61,"column":30},"end":{"line":61,"column":31}},"loc":{"start":{"line":61,"column":49},"end":{"line":70,"column":3}}},"7":{"name":"(anonymous_13)","decl":{"start":{"line":87,"column":17},"end":{"line":87,"column":18}},"loc":{"start":{"line":87,"column":24},"end":{"line":87,"column":43}}},"8":{"name":"(anonymous_14)","decl":{"start":{"line":111,"column":34},"end":{"line":111,"column":35}},"loc":{"start":{"line":112,"column":14},"end":{"line":113,"column":null}}},"9":{"name":"(anonymous_15)","decl":{"start":{"line":114,"column":25},"end":{"line":114,"column":28}},"loc":{"start":{"line":114,"column":31},"end":{"line":114,"column":56}}},"10":{"name":"(anonymous_16)","decl":{"start":{"line":149,"column":23},"end":{"line":149,"column":26}},"loc":{"start":{"line":149,"column":28},"end":{"line":163,"column":15}}}},"branchMap":{"0":{"loc":{"start":{"line":22,"column":2},"end":{"line":22,"column":24}},"type":"default-arg","locations":[{"start":{"line":22,"column":16},"end":{"line":22,"column":24}}]},"1":{"loc":{"start":{"line":31,"column":4},"end":{"line":31,"column":24}},"type":"if","locations":[{"start":{"line":31,"column":4},"end":{"line":31,"column":24}}]},"2":{"loc":{"start":{"line":34,"column":6},"end":{"line":36,"column":7}},"type":"if","locations":[{"start":{"line":34,"column":6},"end":{"line":36,"column":7}}]},"3":{"loc":{"start":{"line":48,"column":4},"end":{"line":52,"column":5}},"type":"if","locations":[{"start":{"line":48,"column":4},"end":{"line":52,"column":5}},{"start":{"line":50,"column":11},"end":{"line":52,"column":5}}]},"4":{"loc":{"start":{"line":59,"column":2},"end":{"line":59,"column":27}},"type":"if","locations":[{"start":{"line":59,"column":2},"end":{"line":59,"column":27}}]},"5":{"loc":{"start":{"line":62,"column":4},"end":{"line":62,"column":30}},"type":"if","locations":[{"start":{"line":62,"column":4},"end":{"line":62,"column":30}}]},"6":{"loc":{"start":{"line":64,"column":4},"end":{"line":66,"column":5}},"type":"if","locations":[{"start":{"line":64,"column":4},"end":{"line":66,"column":5}}]},"7":{"loc":{"start":{"line":82,"column":12},"end":{"line":82,"column":57}},"type":"cond-expr","locations":[{"start":{"line":82,"column":21},"end":{"line":82,"column":36}},{"start":{"line":82,"column":39},"end":{"line":82,"column":57}}]},"8":{"loc":{"start":{"line":105,"column":14},"end":{"line":108,"column":null}},"type":"cond-expr","locations":[{"start":{"line":105,"column":46},"end":{"line":105,"column":59}},{"start":{"line":106,"column":14},"end":{"line":108,"column":null}}]},"9":{"loc":{"start":{"line":106,"column":14},"end":{"line":108,"column":null}},"type":"cond-expr","locations":[{"start":{"line":106,"column":46},"end":{"line":106,"column":59}},{"start":{"line":107,"column":14},"end":{"line":108,"column":null}}]},"10":{"loc":{"start":{"line":107,"column":14},"end":{"line":108,"column":null}},"type":"cond-expr","locations":[{"start":{"line":107,"column":46},"end":{"line":107,"column":66}},{"start":{"line":108,"column":14},"end":{"line":108,"column":null}}]},"11":{"loc":{"start":{"line":118,"column":20},"end":{"line":120,"column":null}},"type":"cond-expr","locations":[{"start":{"line":119,"column":22},"end":{"line":119,"column":60}},{"start":{"line":120,"column":22},"end":{"line":120,"column":null}}]},"12":{"loc":{"start":{"line":122,"column":20},"end":{"line":124,"column":null}},"type":"cond-expr","locations":[{"start":{"line":123,"column":22},"end":{"line":123,"column":85}},{"start":{"line":124,"column":22},"end":{"line":124,"column":null}}]},"13":{"loc":{"start":{"line":127,"column":23},"end":{"line":133,"column":29}},"type":"cond-expr","locations":[{"start":{"line":127,"column":72},"end":{"line":130,"column":18}},{"start":{"line":130,"column":20},"end":{"line":133,"column":29}}]},"14":{"loc":{"start":{"line":127,"column":23},"end":{"line":127,"column":69}},"type":"binary-expr","locations":[{"start":{"line":127,"column":23},"end":{"line":127,"column":36}},{"start":{"line":127,"column":40},"end":{"line":127,"column":69}}]},"15":{"loc":{"start":{"line":130,"column":20},"end":{"line":133,"column":29}},"type":"cond-expr","locations":[{"start":{"line":130,"column":52},"end":{"line":133,"column":18}},{"start":{"line":133,"column":20},"end":{"line":133,"column":29}}]},"16":{"loc":{"start":{"line":147,"column":11},"end":{"line":179,"column":null}},"type":"binary-expr","locations":[{"start":{"line":147,"column":11},"end":{"line":147,"column":25}},{"start":{"line":148,"column":12},"end":{"line":178,"column":null}}]},"17":{"loc":{"start":{"line":150,"column":16},"end":{"line":161,"column":17}},"type":"if","locations":[{"start":{"line":150,"column":16},"end":{"line":161,"column":17}}]},"18":{"loc":{"start":{"line":150,"column":20},"end":{"line":150,"column":53}},"type":"binary-expr","locations":[{"start":{"line":150,"column":20},"end":{"line":150,"column":35}},{"start":{"line":150,"column":39},"end":{"line":150,"column":53}}]}},"s":{"0":1,"1":1,"2":1,"3":1,"4":1,"5":1,"6":20,"7":20,"8":20,"9":20,"10":20,"11":20,"12":0,"13":0,"14":0,"15":0,"16":0,"17":0,"18":20,"19":17,"20":0,"21":17,"22":17,"23":17,"24":20,"25":20,"26":0,"27":0,"28":0,"29":0,"30":0,"31":0,"32":0,"33":0,"34":0,"35":0,"36":0,"37":0,"38":0},"f":{"0":20,"1":20,"2":0,"3":0,"4":17,"5":17,"6":0,"7":0,"8":0,"9":0,"10":0},"b":{"0":[0],"1":[20],"2":[0],"3":[0,17],"4":[20],"5":[0],"6":[0],"7":[0,0],"8":[0,0],"9":[0,0],"10":[0,0],"11":[0,0],"12":[0,0],"13":[0,0],"14":[0,0],"15":[0,0],"16":[0,0],"17":[0],"18":[0,0]}}
,"/Users/rimapa2025/workspace/ai-navi-outbound-cs-314community-frontend/src/components/organisms/MenuModal/index.ts": {"path":"/Users/rimapa2025/workspace/ai-navi-outbound-cs-314community-frontend/src/components/organisms/MenuModal/index.ts","statementMap":{"0":{"start":{"line":1,"column":0},"end":{"line":1,"column":9}},"1":{"start":{"line":1,"column":9},"end":{"line":1,"column":40}}},"fnMap":{"0":{"name":"(anonymous_0)","decl":{"start":{"line":1,"column":9},"end":{"line":1,"column":18}},"loc":{"start":{"line":1,"column":9},"end":{"line":1,"column":40}}}},"branchMap":{},"s":{"0":1,"1":21},"f":{"0":20},"b":{}}
[...]
mn":5}},"10":{"start":{"line":30,"column":4},"end":{"line":38,"column":7}},"11":{"start":{"line":41,"column":2},"end":{"line":41,"column":39}},"12":{"start":{"line":42,"column":2},"end":{"line":42,"column":20}},"13":{"start":{"line":13,"column":13},"end":{"line":13,"column":39}},"14":{"start":{"line":48,"column":41},"end":{"line":71,"column":1}},"15":{"start":{"line":49,"column":2},"end":{"line":49,"column":53}},"16":{"start":{"line":51,"column":2},"end":{"line":68,"column":3}},"17":{"start":{"line":53,"column":22},"end":{"line":53,"column":66}},"18":{"start":{"line":54,"column":4},"end":{"line":54,"column":58}},"19":{"start":{"line":56,"column":4},"end":{"line":65,"column":5}},"20":{"start":{"line":57,"column":6},"end":{"line":62,"column":7}},"21":{"start":{"line":58,"column":23},"end":{"line":58,"column":44}},"22":{"start":{"line":59,"column":8},"end":{"line":59,"column":46}},"23":{"start":{"line":61,"column":8},"end":{"line":61,"column":56}},"24":{"start":{"line":64,"column":6},"end":{"line":64,"column":56}},"25":{"start":{"line":67,"column":4},"end":{"line":67,"column":81}},"26":{"start":{"line":70,"column":2},"end":{"line":70,"column":52}},"27":{"start":{"line":48,"column":13},"end":{"line":48,"column":41}},"28":{"start":{"line":74,"column":0},"end":{"line":80,"column":1}},"29":{"start":{"line":76,"column":2},"end":{"line":79,"column":5}},"30":{"start":{"line":77,"column":4},"end":{"line":77,"column":32}},"31":{"start":{"line":78,"column":4},"end":{"line":78,"column":30}}},"fnMap":{"0":{"name":"(anonymous_0)","decl":{"start":{"line":13,"column":39},"end":{"line":13,"column":42}},"loc":{"start":{"line":13,"column":44},"end":{"line":43,"column":1}}},"1":{"name":"(anonymous_1)","decl":{"start":{"line":29,"column":21},"end":{"line":29,"column":22}},"loc":{"start":{"line":29,"column":41},"end":{"line":39,"column":3}}},"2":{"name":"(anonymous_2)","decl":{"start":{"line":48,"column":41},"end":{"line":48,"column":44}},"loc":{"start":{"line":48,"column":46},"end":{"line":71,"column":1}}},"3":{"name":"(anonymous_3)","decl":{"start":{"line":76,"column":48},"end":{"line":76,"column":51}},"loc":{"start":{"line":76,"column":53},"end":{"line":79,"column":3}}}},"branchMap":{"0":{"loc":{"start":{"line":56,"column":4},"end":{"line":65,"column":5}},"type":"if","locations":[{"start":{"line":56,"column":4},"end":{"line":65,"column":5}},{"start":{"line":63,"column":11},"end":{"line":65,"column":5}}]},"1":{"loc":{"start":{"line":74,"column":0},"end":{"line":80,"column":1}},"type":"if","locations":[{"start":{"line":74,"column":0},"end":{"line":80,"column":1}}]}},"s":{"0":0,"1":0,"2":0,"3":0,"4":0,"5":0,"6":0,"7":0,"8":0,"9":0,"10":0,"11":0,"12":0,"13":0,"14":0,"15":0,"16":0,"17":0,"18":0,"19":0,"20":0,"21":0,"22":0,"23":0,"24":0,"25":0,"26":0,"27":0,"28":0,"29":0,"30":0,"31":0},"f":{"0":0,"1":0,"2":0,"3":0},"b":{"0":[0,0],"1":[0]}}
,"/Users/rimapa2025/workspace/ai-navi-outbound-cs-314community-frontend/src/shared/config/headerConfig.ts": {"path":"/Users/rimapa2025/workspace/ai-navi-outbound-cs-314community-frontend/src/shared/config/headerConfig.ts","statementMap":{"0":{"start":{"line":120,"column":0},"end":{"line":120,"column":16}},"1":{"start":{"line":129,"column":0},"end":{"line":129,"column":16}},"2":{"start":{"line":139,"column":0},"end":{"line":139,"column":16}},"3":{"start":{"line":25,"column":13},"end":{"line":75,"column":2}},"4":{"start":{"line":26,"column":50},"end":{"line":32,"column":4}},"5":{"start":{"line":30,"column":31},"end":{"line":30,"column":45}},"6":{"start":{"line":33,"column":48},"end":{"line":39,"column":4}},"7":{"start":{"line":40,"column":52},"end":{"line":46,"column":4}},"8":{"start":{"line":47,"column":56},"end":{"line":53,"column":4}},"9":{"start":{"line":54,"column":48},"end":{"line":60,"column":4}},"10":{"start":{"line":58,"column":30},"end":{"line":58,"column":51}},"11":{"start":{"line":61,"column":50},"end":{"line":67,"column":4}},"12":{"start":{"line":68,"column":48},"end":{"line":74,"column":4}},"13":{"start":{"line":78,"column":13},"end":{"line":91,"column":2}},"14":{"start":{"line":87,"column":8},"end":{"line":87,"column":29}},"15":{"start":{"line":94,"column":13},"end":{"line":107,"column":2}},"16":{"start":{"line":110,"column":13},"end":{"line":113,"column":2}},"17":{"start":{"line":121,"column":2},"end":{"line":121,"column":83}},"18":{"start":{"line":130,"column":2},"end":{"line":130,"column":54}},"19":{"start":{"line":140,"column":25},"end":{"line":140,"column":56}},"20":{"start":{"line":141,"column":2},"end":{"line":141,"column":43}}},"fnMap":{"0":{"name":"(anonymous_0)","decl":{"start":{"line":26,"column":9},"end":{"line":26,"column":10}},"loc":{"start":{"line":26,"column":50},"end":{"line":32,"column":4}}},"1":{"name":"(anonymous_1)","decl":{"start":{"line":30,"column":25},"end":{"line":30,"column":28}},"loc":{"start":{"line":30,"column":31},"end":{"line":30,"column":45}}},"2":{"name":"(anonymous_2)","decl":{"start":{"line":33,"column":8},"end":{"line":33,"column":9}},"loc":{"start":{"line":33,"column":48},"end":{"line":39,"column":4}}},"3":{"name":"(anonymous_3)","decl":{"start":{"line":37,"column":24},"end":{"line":37,"column":27}},"loc":{"start":{"line":37,"column":29},"end":{"line":37,"column":32}}},"4":{"name":"(anonymous_4)","decl":{"start":{"line":40,"column":10},"end":{"line":40,"column":11}},"loc":{"start":{"line":40,"column":52},"end":{"line":46,"column":4}}},"5":{"name":"(anonymous_5)","decl":{"start":{"line":44,"column":26},"end":{"line":44,"column":29}},"loc":{"start":{"line":44,"column":31},"end":{"line":44,"column":34}}},"6":{"name":"(anonymous_6)","decl":{"start":{"line":47,"column":12},"end":{"line":47,"column":13}},"loc":{"start":{"line":47,"column":56},"end":{"line":53,"column":4}}},"7":{"name":"(anonymous_7)","decl":{"start":{"line":51,"column":28},"end":{"line":51,"column":31}},"loc":{"start":{"line":51,"column":33},"end":{"line":51,"column":36}}},"8":{"name":"(anonymous_8)","decl":{"start":{"line":54,"column":8},"end":{"line":54,"column":9}},"loc":{"start":{"line":54,"column":48},"end":{"line":60,"column":4}}},"9":{"name":"(anonymous_9)","decl":{"start":{"line":58,"column":24},"end":{"line":58,"column":27}},"loc":{"start":{"line":58,"column":30},"end":{"line":58,"column":51}}},"10":{"name":"(anonymous_10)","decl":{"start":{"line":61,"column":9},"end":{"line":61,"column":10}},"loc":{"start":{"line":61,"column":50},"end":{"line":67,"column":4}}},"11":{"name":"(anonymous_11)","decl":{"start":{"line":65,"column":25},"end":{"line":65,"column":28}},"loc":{"start":{"line":65,"column":30},"end":{"line":65,"column":33}}},"12":{"name":"(anonymous_12)","decl":{"start":{"line":68,"column":8},"end":{"line":68,"column":9}},"loc":{"start":{"line":68,"column":48},"end":{"line":74,"column":4}}},"13":{"name":"(anonymous_13)","decl":{"start":{"line":72,"column":24},"end":{"line":72,"column":27}},"loc":{"start":{"line":72,"column":29},"end":{"line":72,"column":32}}},"14":{"name":"(anonymous_14)","decl":{"start":{"line":85,"column":33},"end":{"line":85,"column":36}},"loc":{"start":{"line":85,"column":38},"end":{"line":88,"column":7}}},"15":{"name":"getHeaderConfig","decl":{"start":{"line":120,"column":16},"end":{"line":120,"column":31}},"loc":{"start":{"line":120,"column":60},"end":{"line":122,"column":1}}},"16":{"name":"isActionVisible","decl":{"start":{"line":129,"column":16},"end":{"line":129,"column":31}},"loc":{"start":{"line":129,"column":52},"end":{"line":131,"column":1}}},"17":{"name":"filterActionsByMaxItems","decl":{"start":{"line":139,"column":16},"end":{"line":139,"column":39}},"loc":{"start":{"line":139,"column":81},"end":{"line":142,"column":1}}}},"branchMap":{"0":{"loc":{"start":{"line":30,"column":13},"end":{"line":30,"column":46}},"type":"binary-expr","locations":[{"start":{"line":30,"column":13},"end":{"line":30,"column":20}},{"start":{"line":30,"column":25},"end":{"line":30,"column":45}}]},"1":{"loc":{"start":{"line":37,"column":13},"end":{"line":37,"column":33}},"type":"binary-expr","locations":[{"start":{"line":37,"column":13},"end":{"line":37,"column":19}},{"start":{"line":37,"column":24},"end":{"line":37,"column":32}}]},"2":{"loc":{"start":{"line":44,"column":13},"end":{"line":44,"column":35}},"type":"binary-expr","locations":[{"start":{"line":44,"column":13},"end":{"line":44,"column":21}},{"start":{"line":44,"column":26},"end":{"line":44,"column":34}}]},"3":{"loc":{"start":{"line":51,"column":13},"end":{"line":51,"column":37}},"type":"binary-expr","locations":[{"start":{"line":51,"column":13},"end":{"line":51,"column":23}},{"start":{"line":51,"column":28},"end":{"line":51,"column":36}}]},"4":{"loc":{"start":{"line":58,"column":13},"end":{"line":58,"column":52}},"type":"binary-expr","locations":[{"start":{"line":58,"column":13},"end":{"line":58,"column":19}},{"start":{"line":58,"column":24},"end":{"line":58,"column":51}}]},"5":{"loc":{"start":{"line":65,"column":13},"end":{"line":65,"column":34}},"type":"binary-expr","locations":[{"start":{"line":65,"column":13},"end":{"line":65,"column":20}},{"start":{"line":65,"column":25},"end":{"line":65,"column":33}}]},"6":{"loc":{"start":{"line":72,"column":13},"end":{"line":72,"column":33}},"type":"binary-expr","locations":[{"start":{"line":72,"column":13},"end":{"line":72,"column":19}},{"start":{"line":72,"column":24},"end":{"line":72,"column":32}}]},"7":{"loc":{"start":{"line":120,"column":32},"end":{"line":120,"column":60}},"type":"default-arg","locations":[{"start":{"line":120,"column":51},"end":{"line":120,"column":60}}]},"8":{"loc":{"start":{"line":121,"column":9},"end":{"line":121,"column":82}},"type":"binary-expr","locations":[{"start":{"line":121,"column":9},"end":{"line":121,"column":46}},{"start":{"line":121,"column":50},"end":{"line":121,"column":82}}]},"9":{"loc":{"start":{"line":130,"column":9},"end":{"line":130,"column":53}},"type":"binary-expr","locations":[{"start":{"line":130,"column":9},"end":{"line":130,"column":33}},{"start":{"line":130,"column":37},"end":{"line":130,"column":53}}]}},"s":{"0":0,"1":0,"2":0,"3":0,"4":0,"5":0,"6":0,"7":0,"8":0,"9":0,"10":0,"11":0,"12":0,"13":0,"14":0,"15":0,"16":0,"17":0,"18":0,"19":0,"20":0},"f":{"0":0,"1":0,"2":0,"3":0,"4":0,"5":0,"6":0,"7":0,"8":0,"9":0,"10":0,"11":0,"12":0,"13":0,"14":0,"15":0,"16":0,"17":0},"b":{"0":[0,0],"1":[0,0],"2":[0,0],"3":[0,0],"4":[0,0],"5":[0,0],"6":[0,0],"7":[0],"8":[0,0],"9":[0,0]}}
,"/Users/rimapa2025/workspace/ai-navi-outbound-cs-314community-frontend/src/shared/config/menuConfig.ts": {"path":"/Users/rimapa2025/workspace/ai-navi-outbound-cs-314community-frontend/src/shared/config/menuConfig.ts","statementMap":{"0":{"start":{"line":24,"column":13},"end":{"line":62,"column":2}},"1":{"start":{"line":65,"column":29},"end":{"line":69,"column":1}},"2":{"start":{"line":67,"column":26},"end":{"line":67,"column":68}},"3":{"start":{"line":68,"column":2},"end":{"line":68,"column":45}},"4":{"start":{"line":65,"column":13},"end":{"line":65,"column":29}}},"fnMap":{"0":{"name":"(anonymous_6)","decl":{"start":{"line":65,"column":29},"end":{"line":65,"column":34}},"loc":{"start":{"line":65,"column":77},"end":{"line":69,"column":1}}},"1":{"name":"(anonymous_7)","decl":{"start":{"line":67,"column":26},"end":{"line":67,"column":39}},"loc":{"start":{"line":67,"column":26},"end":{"line":67,"column":68}}}},"branchMap":{},"s":{"0":0,"1":0,"2":0,"3":0,"4":0},"f":{"0":0,"1":0},"b":{}}
,"/Users/rimapa2025/workspace/ai-navi-outbound-cs-314community-frontend/src/shared/config/theme.config.ts": {"path":"/Users/rimapa2025/workspace/ai-navi-outbound-cs-314community-frontend/src/shared/config/theme.config.ts","statementMap":{"0":{"start":{"line":144,"column":0},"end":{"line":144,"column":16}},"1":{"start":{"line":152,"column":0},"end":{"line":152,"column":16}},"2":{"start":{"line":161,"column":0},"end":{"line":161,"column":16}},"3":{"start":{"line":26,"column":52},"end":{"line":137,"column":2}},"4":{"start":{"line":145,"column":2},"end":{"line":145,"column":44}},"5":{"start":{"line":153,"column":2},"end":{"line":153,"column":48}},"6":{"start":{"line":162,"column":2},"end":{"line":162,"column":47}}},"fnMap":{"0":{"name":"getColorClasses","decl":{"start":{"line":144,"column":16},"end":{"line":144,"column":31}},"loc":{"start":{"line":144,"column":50},"end":{"line":146,"column":1}}},"1":{"name":"getAvailableColors","decl":{"start":{"line":152,"column":16},"end":{"line":152,"column":34}},"loc":{"start":{"line":152,"column":34},"end":{"line":154,"column":1}}},"2":{"name":"isValidAccentColor","decl":{"start":{"line":161,"column":16},"end":{"line":161,"column":34}},"loc":{"start":{"line":161,"column":48},"end":{"line":163,"column":1}}}},"branchMap":{"0":{"loc":{"start":{"line":145,"column":9},"end":{"line":145,"column":43}},"type":"binary-expr","locations":[{"start":{"line":145,"column":9},"end":{"line":145,"column":24}},{"start":{"line":145,"column":28},"end":{"line":145,"column":43}}]}},"s":{"0":0,"1":0,"2":0,"3":0,"4":0,"5":0,"6":0},"f":{"0":0,"1":0,"2":0},"b":{"0":[0,0]}}
,"/Users/rimapa2025/workspace/ai-navi-outbound-cs-314community-frontend/src/shared/constants/grade.constants.ts": {"path":"/Users/rimapa2025/workspace/ai-navi-outbound-cs-314community-frontend/src/shared/constants/grade.constants.ts","statementMap":{"0":{"start":{"line":3,"column":13},"end":{"line":8,"column":2}},"1":{"start":{"line":10,"column":13},"end":{"line":15,"column":2}},"2":{"start":{"line":17,"column":13},"end":{"line":22,"column":2}},"3":{"start":{"line":25,"column":13},"end":{"line":46,"column":2}}},"fnMap":{},"branchMap":{},"s":{"0":0,"1":0,"2":0,"3":0},"f":{},"b":{}}
,"/Users/rimapa2025/workspace/ai-navi-outbound-cs-314community-frontend/src/shared/constants/gradeQuestions.constants.ts": {"path":"/Users/rimapa2025/workspace/ai-navi-outbound-cs-314community-frontend/src/shared/constants/gradeQuestions.constants.ts","statementMap":{"0":{"start":{"line":21,"column":13},"end":{"line":363,"column":2}}},"fnMap":{},"branchMap":{},"s":{"0":0},"f":{},"b":{}}
,"/Users/rimapa2025/workspace/ai-navi-outbound-cs-314community-frontend/src/shared/utils/env.utils.ts": {"path":"/Users/rimapa2025/workspace/ai-navi-outbound-cs-314community-frontend/src/shared/utils/env.utils.ts","statementMap":{"0":{"start":{"line":10,"column":26},"end":{"line":29,"column":1}},"1":{"start":{"line":12,"column":2},"end":{"line":14,"column":3}},"2":{"start":{"line":13,"column":4},"end":{"line":13,"column":21}},"3":{"start":{"line":16,"column":2},"end":{"line":18,"column":3}},"4":{"start":{"line":17,"column":4},"end":{"line":17,"column":21}},"5":{"start":{"line":20,"column":2},"end":{"line":28,"column":3}},"6":{"start":{"line":23,"column":4},"end":{"line":23,"column":44}},"7":{"start":{"line":26,"column":4},"end":{"line":26,"column":73}},"8":{"start":{"line":27,"column":4},"end":{"line":27,"column":21}},"9":{"start":{"line":10,"column":13},"end":{"line":10,"column":26}}},"fnMap":{"0":{"name":"(anonymous_0)","decl":{"start":{"line":10,"column":26},"end":{"line":10,"column":27}},"loc":{"start":{"line":10,"column":62},"end":{"line":29,"column":1}}}},"branchMap":{"0":{"loc":{"start":{"line":12,"column":2},"end":{"line":14,"column":3}},"type":"if","locations":[{"start":{"line":12,"column":2},"end":{"line":14,"column":3}}]},"1":{"loc":{"start":{"line":12,"column":6},"end":{"line":12,"column":72}},"type":"binary-expr","locations":[{"start":{"line":12,"column":6},"end":{"line":12,"column":36}},{"start":{"line":12,"column":40},"end":{"line":12,"column":72}}]},"2":{"loc":{"start":{"line":16,"column":2},"end":{"line":18,"column":3}},"type":"if","locations":[{"start":{"line":16,"column":2},"end":{"line":18,"column":3}}]}},"s":{"0":0,"1":0,"2":0,"3":0,"4":0,"5":0,"6":0,"7":0,"8":0,"9":0},"f":{"0":0},"b":{"0":[0],"1":[0,0],"2":[0]}}
,"/Users/rimapa2025/workspace/ai-navi-outbound-cs-314community-frontend/src/stories/Button.tsx": {"path":"/Users/rimapa2025/workspace/ai-navi-outbound-cs-314community-frontend/src/stories/Button.tsx","statementMap":{"0":{"start":{"line":1,"column":0},"end":{"line":1,"column":26}},"1":{"start":{"line":3,"column":0},"end":{"line":3,"column":22}},"2":{"start":{"line":19,"column":22},"end":{"line":37,"column":1}},"3":{"start":{"line":26,"column":15},"end":{"line":26,"column":84}},"4":{"start":{"line":27,"column":2},"end":{"line":36,"column":4}},"5":{"start":{"line":19,"column":13},"end":{"line":19,"column":22}}},"fnMap":{"0":{"name":"(anonymous_1)","decl":{"start":{"line":19,"column":22},"end":{"line":19,"column":23}},"loc":{"start":{"line":25,"column":18},"end":{"line":37,"column":1}}}},"branchMap":{"0":{"loc":{"start":{"line":20,"column":2},"end":{"line":20,"column":17}},"type":"default-arg","locations":[{"start":{"line":20,"column":12},"end":{"line":20,"column":17}}]},"1":{"loc":{"start":{"line":21,"column":2},"end":{"line":21,"column":17}},"type":"default-arg","locations":[{"start":{"line":21,"column":9},"end":{"line":21,"column":17}}]},"2":{"loc":{"start":{"line":26,"column":15},"end":{"line":26,"column":84}},"type":"cond-expr","locations":[{"start":{"line":26,"column":25},"end":{"line":26,"column":52}},{"start":{"line":26,"column":55},"end":{"line":26,"column":84}}]}},"s":{"0":0,"1":0,"2":0,"3":0,"4":0,"5":0},"f":{"0":0},"b":{"0":[0],"1":[0],"2":[0,0]}}
,"/Users/rimapa2025/workspace/ai-navi-outbound-cs-314community-frontend/src/stories/Header.tsx": {"path":"/Users/rimapa2025/workspace/ai-navi-outbound-cs-314community-frontend/src/stories/Header.tsx","statementMap":{"0":{"start":{"line":1,"column":0},"end":{"line":1,"column":26}},"1":{"start":{"line":3,"column":0},"end":{"line":3,"column":34}},"2":{"start":{"line":4,"column":0},"end":{"line":4,"column":22}},"3":{"start":{"line":17,"column":22},"end":{"line":55,"column":null}},"4":{"start":{"line":18,"column":2},"end":{"line":54,"column":null}},"5":{"start":{"line":17,"column":13},"end":{"line":17,"column":22}}},"fnMap":{"0":{"name":"(anonymous_1)","decl":{"start":{"line":17,"column":22},"end":{"line":17,"column":23}},"loc":{"start":{"line":18,"column":2},"end":{"line":54,"column":null}}}},"branchMap":{"0":{"loc":{"start":{"line":40,"column":9},"end":{"line":51,"column":null}},"type":"cond-expr","locations":[{"start":{"line":41,"column":10},"end":{"line":45,"column":null}},{"start":{"line":48,"column":10},"end":{"line":50,"column":null}}]}},"s":{"0":0,"1":0,"2":0,"3":0,"4":0,"5":0},"f":{"0":0},"b":{"0":[0,0]}}
,"/Users/rimapa2025/workspace/ai-navi-outbound-cs-314community-frontend/src/stories/Page.tsx": {"path":"/Users/rimapa2025/workspace/ai-navi-outbound-cs-314community-frontend/src/stories/Page.tsx","statementMap":{"0":{"start":{"line":1,"column":0},"end":{"line":1,"column":26}},"1":{"start":{"line":3,"column":0},"end":{"line":3,"column":34}},"2":{"start":{"line":4,"column":0},"end":{"line":4,"column":20}},"3":{"start":{"line":10,"column":30},"end":{"line":73,"column":1}},"4":{"start":{"line":11,"column":26},"end":{"line":11,"column":48}},"5":{"start":{"line":13,"column":2},"end":{"line":72,"column":4}},"6":{"start":{"line":17,"column":23},"end":{"line":17,"column":52}},"7":{"start":{"line":18,"column":24},"end":{"line":18,"column":42}},"8":{"start":{"line":19,"column":31},"end":{"line":19,"column":60}},"9":{"start":{"line":10,"column":13},"end":{"line":10,"column":30}}},"fnMap":{"0":{"name":"(anonymous_1)","decl":{"start":{"line":10,"column":30},"end":{"line":10,"column":33}},"loc":{"start":{"line":10,"column":35},"end":{"line":73,"column":1}}},"1":{"name":"(anonymous_2)","decl":{"start":{"line":17,"column":17},"end":{"line":17,"column":20}},"loc":{"start":{"line":17,"column":23},"end":{"line":17,"column":52}}},"2":{"name":"(anonymous_3)","decl":{"start":{"line":18,"column":18},"end":{"line":18,"column":21}},"loc":{"start":{"line":18,"column":24},"end":{"line":18,"column":42}}},"3":{"name":"(anonymous_4)","decl":{"start":{"line":19,"column":25},"end":{"line":19,"column":28}},"loc":{"start":{"line":19,"column":31},"end":{"line":19,"column":60}}}},"branchMap":{},"s":{"0":0,"1":0,"2":0,"3":0,"4":0,"5":0,"6":0,"7":0,"8":0,"9":0},"f":{"0":0,"1":0,"2":0,"3":0},"b":{}}
}
