TN:
SF:src/App.tsx
FN:7,App
FNF:1
FNH:0
FNDA:0,App
DA:2,0
DA:3,0
DA:4,0
DA:5,0
DA:8,0
DA:27,0
LF:6
LH:0
BRDA:14,0,0,0
BRDA:14,0,1,0
BRF:2
BRH:0
end_of_record
TN:
SF:src/assets/icons/index.tsx
FN:5,(anonymous_1)
FN:15,(anonymous_2)
FN:27,(anonymous_3)
FN:41,(anonymous_4)
FN:53,(anonymous_5)
FN:73,(anonymous_6)
FNF:6
FNH:0
FNDA:0,(anonymous_1)
FNDA:0,(anonymous_2)
FNDA:0,(anonymous_3)
FNDA:0,(anonymous_4)
FNDA:0,(anonymous_5)
FNDA:0,(anonymous_6)
DA:2,0
DA:5,0
DA:6,0
DA:15,0
DA:16,0
DA:27,0
DA:28,0
DA:41,0
DA:42,0
DA:53,0
DA:54,0
DA:61,0
DA:73,0
DA:74,0
DA:75,0
DA:79,0
LF:16
LH:0
BRF:0
BRH:0
end_of_record
TN:
SF:src/components/index.ts
FN:8,(anonymous_4)
FN:9,(anonymous_5)
FN:10,(anonymous_6)
FN:11,(anonymous_7)
FN:12,(anonymous_8)
FN:13,(anonymous_9)
FN:14,(anonymous_10)
FNF:7
FNH:0
FNDA:0,(anonymous_4)
FNDA:0,(anonymous_5)
FNDA:0,(anonymous_6)
FNDA:0,(anonymous_7)
FNDA:0,(anonymous_8)
FNDA:0,(anonymous_9)
FNDA:0,(anonymous_10)
DA:2,0
DA:3,0
DA:4,0
DA:5,0
DA:8,0
DA:9,0
DA:10,0
DA:11,0
DA:12,0
DA:13,0
DA:14,0
LF:11
LH:0
BRF:0
BRH:0
end_of_record
TN:
SF:src/components/atoms/index.ts
FNF:0
FNH:0
DA:1,0
DA:2,0
DA:3,0
LF:3
LH:0
BRF:0
BRH:0
end_of_record
TN:
SF:src/components/atoms/Button/Button.tsx
FN:13,Button
FNF:1
FNH:1
FNDA:74,Button
DA:1,1
DA:13,1
DA:22,74
LF:3
LH:3
BRDA:15,0,0,0
BRDA:16,1,0,0
BRDA:19,2,0,74
BRF:3
BRH:1
end_of_record
TN:
SF:src/components/atoms/Button/index.ts
FN:1,(anonymous_0)
FNF:1
FNH:1
FNDA:74,(anonymous_0)
DA:1,75
LF:1
LH:1
BRF:0
BRH:0
end_of_record
TN:
SF:src/components/atoms/Icon/Icon.tsx
FN:23,(anonymous_7)
FN:41,(anonymous_8)
FNF:2
FNH:0
FNDA:0,(anonymous_7)
FNDA:0,(anonymous_8)
DA:1,1
DA:2,1
DA:4,1
DA:5,1
DA:9,1
DA:23,1
DA:24,0
DA:26,0
DA:27,0
DA:28,0
DA:31,0
DA:32,0
DA:36,0
DA:42,0
DA:43,0
DA:44,0
DA:45,0
DA:53,0
DA:61,0
DA:62,0
DA:63,0
DA:66,0
DA:67,0
DA:71,0
DA:72,0
LF:25
LH:6
BRDA:23,0,0,0
BRDA:24,1,0,0
BRDA:24,1,1,0
BRDA:24,1,2,0
BRDA:24,1,3,0
BRDA:24,1,4,0
BRDA:28,2,0,0
BRDA:28,2,1,0
BRDA:29,3,0,0
BRDA:29,3,1,0
BRDA:32,4,0,0
BRDA:32,4,1,0
BRDA:43,5,0,0
BRDA:63,6,0,0
BRDA:63,6,1,0
BRDA:64,7,0,0
BRDA:64,7,1,0
BRDA:67,8,0,0
BRDA:67,8,1,0
BRDA:72,9,0,0
BRDA:72,9,1,0
BRF:21
BRH:0
end_of_record
TN:
SF:src/components/atoms/Icon/index.ts
FN:1,(anonymous_0)
FN:2,(anonymous_1)
FNF:2
FNH:0
FNDA:0,(anonymous_0)
FNDA:0,(anonymous_1)
DA:1,0
DA:2,0
LF:2
LH:0
BRF:0
BRH:0
end_of_record
TN:
SF:src/components/atoms/Typography/Typography.tsx
FN:9,TypewriterText
FN:13,(anonymous_7)
FN:15,(anonymous_8)
FN:16,(anonymous_9)
FN:37,(anonymous_10)
FN:44,(anonymous_11)
FNF:6
FNH:0
FNDA:0,TypewriterText
FNDA:0,(anonymous_7)
FNDA:0,(anonymous_8)
FNDA:0,(anonymous_9)
FNDA:0,(anonymous_10)
FNDA:0,(anonymous_11)
DA:1,0
DA:9,0
DA:10,0
DA:11,0
DA:13,0
DA:14,0
DA:15,0
DA:16,0
DA:17,0
DA:20,0
DA:21,0
DA:22,0
DA:23,0
DA:24,0
DA:26,0
DA:32,0
DA:34,0
DA:37,0
DA:38,0
DA:39,0
DA:44,0
DA:45,0
DA:46,0
DA:49,0
LF:24
LH:0
BRDA:9,0,0,0
BRDA:14,1,0,0
BRDA:14,1,1,0
BRDA:21,2,0,0
BRDA:38,3,0,0
BRF:5
BRH:0
end_of_record
TN:
SF:src/components/atoms/Typography/index.ts
FN:1,(anonymous_0)
FNF:1
FNH:0
FNDA:0,(anonymous_0)
DA:1,0
DA:2,0
DA:3,0
LF:3
LH:0
BRF:0
BRH:0
end_of_record
TN:
SF:src/components/icons/CustomIcon.tsx
FN:34,(anonymous_1)
FN:8,(anonymous_2)
FN:16,(anonymous_3)
FN:24,(anonymous_4)
FNF:4
FNH:1
FNDA:1,(anonymous_1)
FNDA:0,(anonymous_2)
FNDA:0,(anonymous_3)
FNDA:0,(anonymous_4)
DA:1,1
DA:2,1
DA:8,1
DA:9,0
DA:16,1
DA:17,0
DA:24,1
DA:25,0
DA:34,2
LF:9
LH:6
BRF:0
BRH:0
end_of_record
TN:
SF:src/components/molecules/index.ts
FNF:0
FNH:0
DA:1,0
DA:2,0
DA:3,0
LF:3
LH:0
BRF:0
BRH:0
end_of_record
TN:
SF:src/components/molecules/ChatBubble/ChatBubble.tsx
FN:17,ChatBubble
FN:79,(anonymous_2)
FNF:2
FNH:0
FNDA:0,ChatBubble
FNDA:0,(anonymous_2)
DA:1,0
DA:2,0
DA:3,0
DA:17,0
DA:26,0
DA:29,0
DA:33,0
DA:34,0
DA:79,0
DA:112,0
LF:10
LH:0
BRDA:21,0,0,0
BRDA:23,1,0,0
BRDA:29,2,0,0
BRDA:29,2,1,0
BRDA:29,3,0,0
BRDA:29,3,1,0
BRDA:29,3,2,0
BRDA:33,4,0,0
BRDA:47,5,0,0
BRDA:47,5,1,0
BRDA:47,6,0,0
BRDA:47,6,1,0
BRDA:55,7,0,0
BRDA:55,7,1,0
BRDA:61,8,0,0
BRDA:61,8,1,0
BRDA:63,9,0,0
BRDA:63,9,1,0
BRDA:70,10,0,0
BRDA:70,10,1,0
BRDA:74,11,0,0
BRDA:74,11,1,0
BRDA:76,12,0,0
BRDA:76,12,1,0
BRDA:77,13,0,0
BRDA:77,13,1,0
BRDA:83,14,0,0
BRDA:83,14,1,0
BRDA:94,15,0,0
BRDA:94,15,1,0
BRDA:101,16,0,0
BRDA:101,16,1,0
BRDA:122,17,0,0
BRDA:122,17,1,0
BRF:34
BRH:0
end_of_record
TN:
SF:src/components/molecules/ChatBubble/index.ts
FN:1,(anonymous_0)
FNF:1
FNH:0
FNDA:0,(anonymous_0)
DA:1,0
LF:1
LH:0
BRF:0
BRH:0
end_of_record
TN:
SF:src/components/molecules/InputField/InputField.tsx
FN:14,InputField
FN:26,(anonymous_7)
FN:34,(anonymous_8)
FN:38,(anonymous_9)
FNF:4
FNH:3
FNDA:37,InputField
FNDA:17,(anonymous_7)
FNDA:17,(anonymous_8)
FNDA:0,(anonymous_9)
DA:1,1
DA:2,1
DA:3,1
DA:14,1
DA:22,37
DA:23,37
DA:24,37
DA:26,37
DA:27,17
DA:28,17
DA:29,17
DA:30,17
DA:34,37
DA:35,17
DA:38,37
DA:39,0
DA:40,0
DA:43,37
LF:18
LH:16
BRDA:19,0,0,0
BRDA:28,1,0,17
BRDA:63,2,0,37
BRDA:63,2,1,35
BRF:4
BRH:3
end_of_record
TN:
SF:src/components/molecules/InputField/index.ts
FN:1,(anonymous_0)
FNF:1
FNH:1
FNDA:37,(anonymous_0)
DA:1,38
LF:1
LH:1
BRF:0
BRH:0
end_of_record
TN:
SF:src/components/molecules/TypingIndicator/TypingIndicator.tsx
FN:11,TypingIndicator
FNF:1
FNH:0
FNDA:0,TypingIndicator
DA:1,0
DA:2,0
DA:3,0
DA:11,0
DA:16,0
DA:18,0
LF:6
LH:0
BRDA:12,0,0,0
BRDA:13,1,0,0
BRDA:14,2,0,0
BRDA:20,3,0,0
BRDA:20,3,1,0
BRF:5
BRH:0
end_of_record
TN:
SF:src/components/molecules/TypingIndicator/index.ts
FN:1,(anonymous_0)
FNF:1
FNH:0
FNDA:0,(anonymous_0)
DA:1,0
LF:1
LH:0
BRF:0
BRH:0
end_of_record
TN:
SF:src/components/molecules/UserAvatar/UserAvatar.tsx
FN:11,UserAvatar
FNF:1
FNH:0
FNDA:0,UserAvatar
DA:1,0
DA:2,0
DA:3,0
DA:4,0
DA:11,0
DA:12,0
DA:13,0
DA:15,0
LF:8
LH:0
BRDA:13,0,0,0
BRDA:13,0,1,0
BRF:2
BRH:0
end_of_record
TN:
SF:src/components/molecules/UserAvatar/index.ts
FN:1,(anonymous_0)
FNF:1
FNH:0
FNDA:0,(anonymous_0)
DA:1,0
LF:1
LH:0
BRF:0
BRH:0
end_of_record
TN:
SF:src/components/organisms/index.ts
FNF:0
FNH:0
DA:1,0
DA:2,0
DA:3,0
DA:4,0
DA:5,0
DA:6,0
DA:7,0
LF:7
LH:0
BRF:0
BRH:0
end_of_record
TN:
SF:src/components/organisms/ChatInput/ChatInput.tsx
FN:23,ChatInput
FN:42,(anonymous_7)
FN:47,(anonymous_8)
FN:60,(anonymous_9)
FN:75,(anonymous_10)
FN:83,(anonymous_11)
FN:142,(anonymous_12)
FNF:7
FNH:3
FNDA:37,ChatInput
FNDA:17,(anonymous_7)
FNDA:1,(anonymous_8)
FNDA:0,(anonymous_9)
FNDA:0,(anonymous_10)
FNDA:0,(anonymous_11)
FNDA:0,(anonymous_12)
DA:1,1
DA:2,1
DA:3,1
DA:4,1
DA:5,1
DA:6,1
DA:7,1
DA:8,1
DA:9,1
DA:10,1
DA:23,1
DA:32,37
DA:33,37
DA:34,37
DA:37,37
DA:38,37
DA:39,37
DA:42,37
DA:43,17
DA:44,17
DA:47,37
DA:48,1
DA:50,1
DA:51,0
DA:53,1
DA:54,1
DA:55,1
DA:60,37
DA:62,0
DA:63,0
DA:67,0
DA:69,0
DA:70,0
DA:71,0
DA:75,0
DA:76,0
DA:79,0
DA:83,37
DA:84,0
DA:85,0
DA:87,0
DA:90,37
DA:142,0
LF:43
LH:29
BRDA:27,0,0,0
BRDA:29,1,0,37
BRDA:48,2,0,1
BRDA:48,3,0,1
BRDA:48,3,1,1
BRDA:50,4,0,0
BRDA:54,5,0,1
BRDA:54,6,0,1
BRDA:54,6,1,1
BRDA:62,7,0,0
BRDA:67,8,0,0
BRDA:67,8,1,0
BRDA:70,9,0,0
BRDA:70,10,0,0
BRDA:70,10,1,0
BRDA:70,10,2,0
BRDA:84,11,0,0
BRDA:97,12,0,18
BRDA:97,12,1,19
BRDA:104,13,0,18
BRDA:104,13,1,19
BRDA:123,14,0,37
BRDA:123,14,1,12
BRDA:125,15,0,7
BRDA:125,15,1,30
BRDA:125,16,0,37
BRDA:125,16,1,12
BRDA:132,17,0,7
BRDA:132,17,1,30
BRDA:132,18,0,37
BRDA:132,18,1,12
BRDA:139,19,0,37
BRDA:139,19,1,20
BRF:33
BRH:23
end_of_record
TN:
SF:src/components/organisms/ChatInput/index.ts
FN:1,(anonymous_0)
FNF:1
FNH:0
FNDA:0,(anonymous_0)
DA:1,0
DA:2,0
DA:3,0
LF:3
LH:0
BRF:0
BRH:0
end_of_record
TN:
SF:src/components/organisms/ChatMessage/ChatMessage.tsx
FN:18,ChatMessage
FNF:1
FNH:0
FNDA:0,ChatMessage
DA:2,0
DA:3,0
DA:4,0
DA:5,0
DA:6,0
DA:18,0
DA:26,0
DA:27,0
DA:28,0
DA:29,0
DA:31,0
DA:32,0
DA:58,0
LF:13
LH:0
BRDA:20,0,0,0
BRDA:22,1,0,0
BRDA:24,2,0,0
BRDA:31,3,0,0
BRDA:34,4,0,0
BRDA:34,4,1,0
BRDA:37,5,0,0
BRDA:37,5,1,0
BRDA:41,6,0,0
BRDA:41,6,1,0
BRDA:66,7,0,0
BRDA:66,7,1,0
BRDA:68,8,0,0
BRDA:68,8,1,0
BRDA:68,9,0,0
BRDA:68,9,1,0
BRF:16
BRH:0
end_of_record
TN:
SF:src/components/organisms/ChatMessage/index.ts
FN:1,(anonymous_0)
FNF:1
FNH:0
FNDA:0,(anonymous_0)
DA:1,0
DA:2,0
DA:3,0
LF:3
LH:0
BRF:0
BRH:0
end_of_record
TN:
SF:src/components/organisms/FAQCategory/FAQCategory.tsx
FN:48,(anonymous_1)
FN:51,(anonymous_2)
FN:64,(anonymous_3)
FN:92,FAQCategory
FN:121,(anonymous_5)
FN:145,(anonymous_6)
FN:153,(anonymous_7)
FNF:7
FNH:0
FNDA:0,(anonymous_1)
FNDA:0,(anonymous_2)
FNDA:0,(anonymous_3)
FNDA:0,FAQCategory
FNDA:0,(anonymous_5)
FNDA:0,(anonymous_6)
FNDA:0,(anonymous_7)
DA:1,0
DA:2,0
DA:3,0
DA:4,0
DA:5,0
DA:6,0
DA:8,0
DA:11,0
DA:48,0
DA:49,0
DA:51,0
DA:64,0
DA:65,0
DA:66,0
DA:75,0
DA:76,0
DA:80,0
DA:92,0
DA:99,0
DA:100,0
DA:101,0
DA:102,0
DA:103,0
DA:105,0
DA:107,0
DA:122,0
DA:145,0
DA:151,0
DA:153,0
LF:29
LH:0
BRDA:65,0,0,0
BRDA:75,1,0,0
BRDA:96,2,0,0
BRDA:100,3,0,0
BRDA:100,3,1,0
BRDA:105,4,0,0
BRDA:105,4,1,0
BRF:7
BRH:0
end_of_record
TN:
SF:src/components/organisms/FAQCategory/index.ts
FN:1,(anonymous_0)
FNF:1
FNH:0
FNDA:0,(anonymous_0)
DA:1,0
DA:2,0
DA:3,0
LF:3
LH:0
BRF:0
BRH:0
end_of_record
TN:
SF:src/components/organisms/GradeQuickReply/GradeQuickReply.tsx
FN:14,(anonymous_1)
FN:26,(anonymous_2)
FNF:2
FNH:0
FNDA:0,(anonymous_1)
FNDA:0,(anonymous_2)
DA:1,0
DA:2,0
DA:3,0
DA:4,0
DA:14,0
DA:21,0
DA:24,0
DA:25,0
DA:26,0
DA:39,0
LF:10
LH:0
BRDA:19,0,0,0
BRF:1
BRH:0
end_of_record
TN:
SF:src/components/organisms/GradeQuickReply/index.ts
FN:1,(anonymous_0)
FNF:1
FNH:0
FNDA:0,(anonymous_0)
DA:1,0
LF:1
LH:0
BRF:0
BRH:0
end_of_record
TN:
SF:src/components/organisms/GradeSelection/GradeSelection.tsx
FN:13,(anonymous_1)
FN:47,(anonymous_2)
FN:52,(anonymous_3)
FNF:3
FNH:0
FNDA:0,(anonymous_1)
FNDA:0,(anonymous_2)
FNDA:0,(anonymous_3)
DA:1,0
DA:2,0
DA:3,0
DA:4,0
DA:5,0
DA:13,0
DA:18,0
DA:19,0
DA:20,0
DA:21,0
DA:23,0
DA:48,0
DA:52,0
LF:13
LH:0
BRDA:16,0,0,0
BRDA:20,1,0,0
BRDA:20,1,1,0
BRF:3
BRH:0
end_of_record
TN:
SF:src/components/organisms/GradeSelection/index.ts
FN:1,(anonymous_0)
FNF:1
FNH:0
FNDA:0,(anonymous_0)
DA:1,0
LF:1
LH:0
BRF:0
BRH:0
end_of_record
TN:
SF:src/components/organisms/LLMResponseGroup/LLMResponseGroup.tsx
FN:13,LLMResponseGroup
FN:23,(anonymous_1)
FN:24,(anonymous_2)
FN:36,(anonymous_3)
FN:39,(anonymous_4)
FN:45,(anonymous_5)
FN:64,(anonymous_6)
FNF:7
FNH:0
FNDA:0,LLMResponseGroup
FNDA:0,(anonymous_1)
FNDA:0,(anonymous_2)
FNDA:0,(anonymous_3)
FNDA:0,(anonymous_4)
FNDA:0,(anonymous_5)
FNDA:0,(anonymous_6)
DA:1,0
DA:2,0
DA:13,0
DA:19,0
DA:20,0
DA:23,0
DA:24,0
DA:27,0
DA:28,0
DA:29,0
DA:31,0
DA:36,0
DA:37,0
DA:38,0
DA:39,0
DA:43,0
DA:47,0
DA:48,0
DA:52,0
DA:53,0
DA:55,0
DA:64,0
LF:22
LH:0
BRDA:15,0,0,0
BRDA:16,1,0,0
BRDA:27,2,0,0
BRDA:27,2,1,0
BRDA:29,3,0,0
BRDA:37,4,0,0
BRDA:47,5,0,0
BRDA:47,6,0,0
BRDA:47,6,1,0
BRDA:63,7,0,0
BRDA:63,7,1,0
BRDA:63,7,2,0
BRF:12
BRH:0
end_of_record
TN:
SF:src/components/organisms/LLMResponseGroup/index.ts
FN:1,(anonymous_0)
FNF:1
FNH:0
FNDA:0,(anonymous_0)
DA:1,0
LF:1
LH:0
BRF:0
BRH:0
end_of_record
TN:
SF:src/components/organisms/MenuModal/MenuModal.tsx
FN:18,MenuModal
FN:30,(anonymous_7)
FN:33,(anonymous_8)
FN:41,(anonymous_9)
FN:47,(anonymous_10)
FN:54,(anonymous_11)
FN:61,(anonymous_12)
FN:87,(anonymous_13)
FN:111,(anonymous_14)
FN:114,(anonymous_15)
FN:149,(anonymous_16)
FNF:11
FNH:4
FNDA:20,MenuModal
FNDA:20,(anonymous_7)
FNDA:0,(anonymous_8)
FNDA:0,(anonymous_9)
FNDA:17,(anonymous_10)
FNDA:17,(anonymous_11)
FNDA:0,(anonymous_12)
FNDA:0,(anonymous_13)
FNDA:0,(anonymous_14)
FNDA:0,(anonymous_15)
FNDA:0,(anonymous_16)
DA:1,1
DA:2,1
DA:3,1
DA:4,1
DA:7,1
DA:18,1
DA:25,20
DA:26,20
DA:27,20
DA:30,20
DA:31,20
DA:33,0
DA:34,0
DA:35,0
DA:39,0
DA:41,0
DA:42,0
DA:47,20
DA:48,17
DA:49,0
DA:51,17
DA:54,17
DA:55,17
DA:59,20
DA:61,0
DA:62,0
DA:64,0
DA:65,0
DA:69,0
DA:72,0
DA:87,0
DA:112,0
DA:114,0
DA:150,0
DA:151,0
DA:162,0
LF:36
LH:17
BRDA:22,0,0,0
BRDA:31,1,0,20
BRDA:34,2,0,0
BRDA:48,3,0,0
BRDA:48,3,1,17
BRDA:59,4,0,20
BRDA:62,5,0,0
BRDA:64,6,0,0
BRDA:82,7,0,0
BRDA:82,7,1,0
BRDA:105,8,0,0
BRDA:105,8,1,0
BRDA:106,9,0,0
BRDA:106,9,1,0
BRDA:107,10,0,0
BRDA:107,10,1,0
BRDA:118,11,0,0
BRDA:118,11,1,0
BRDA:122,12,0,0
BRDA:122,12,1,0
BRDA:127,13,0,0
BRDA:127,13,1,0
BRDA:127,14,0,0
BRDA:127,14,1,0
BRDA:130,15,0,0
BRDA:130,15,1,0
BRDA:147,16,0,0
BRDA:147,16,1,0
BRDA:150,17,0,0
BRDA:150,18,0,0
BRDA:150,18,1,0
BRF:31
BRH:3
end_of_record
TN:
SF:src/components/organisms/MenuModal/index.ts
FN:1,(anonymous_0)
FNF:1
FNH:1
FNDA:20,(anonymous_0)
DA:1,21
LF:1
LH:1
BRF:0
BRH:0
end_of_record
TN:
SF:src/components/organisms/NavigationHeader/DynamicNaviHeader.tsx
FN:13,(anonymous_1)
FN:23,(anonymous_2)
FN:31,(anonymous_3)
FN:47,(anonymous_4)
FN:58,(anonymous_5)
FNF:5
FNH:0
FNDA:0,(anonymous_1)
FNDA:0,(anonymous_2)
FNDA:0,(anonymous_3)
FNDA:0,(anonymous_4)
FNDA:0,(anonymous_5)
DA:1,0
DA:2,0
DA:3,0
DA:4,0
DA:5,0
DA:13,0
DA:18,0
DA:19,0
DA:20,0
DA:21,0
DA:23,0
DA:24,0
DA:25,0
DA:27,0
DA:31,0
DA:32,0
DA:34,0
DA:36,0
DA:39,0
DA:43,0
DA:48,0
DA:50,0
DA:51,0
DA:52,0
DA:55,0
DA:58,0
DA:78,0
LF:27
LH:0
BRDA:14,0,0,0
BRDA:16,1,0,0
BRDA:24,2,0,0
BRDA:24,2,1,0
BRDA:32,3,0,0
BRDA:32,3,1,0
BRDA:32,3,2,0
BRDA:32,3,3,0
BRDA:50,4,0,0
BRDA:61,5,0,0
BRDA:61,5,1,0
BRF:11
BRH:0
end_of_record
TN:
SF:src/components/organisms/NavigationHeader/HeaderIcons.tsx
FN:8,(anonymous_1)
FN:25,(anonymous_2)
FN:43,(anonymous_3)
FN:60,(anonymous_4)
FN:77,(anonymous_5)
FN:94,(anonymous_6)
FN:112,(anonymous_7)
FNF:7
FNH:0
FNDA:0,(anonymous_1)
FNDA:0,(anonymous_2)
FNDA:0,(anonymous_3)
FNDA:0,(anonymous_4)
FNDA:0,(anonymous_5)
FNDA:0,(anonymous_6)
FNDA:0,(anonymous_7)
DA:1,0
DA:8,0
DA:9,0
DA:25,0
DA:26,0
DA:43,0
DA:44,0
DA:60,0
DA:61,0
DA:77,0
DA:78,0
DA:94,0
DA:95,0
DA:112,0
DA:113,0
DA:130,0
DA:142,0
LF:17
LH:0
BRDA:8,0,0,0
BRDA:8,1,0,0
BRDA:25,2,0,0
BRDA:25,3,0,0
BRDA:43,4,0,0
BRDA:43,5,0,0
BRDA:60,6,0,0
BRDA:60,7,0,0
BRDA:77,8,0,0
BRDA:77,9,0,0
BRDA:94,10,0,0
BRDA:94,11,0,0
BRDA:112,12,0,0
BRDA:112,13,0,0
BRF:14
BRH:0
end_of_record
TN:
SF:src/components/organisms/NavigationHeader/MenuButton.tsx
FN:16,MenuButton
FN:24,(anonymous_7)
FN:29,(anonymous_8)
FN:39,(anonymous_9)
FN:47,(anonymous_10)
FN:70,(anonymous_11)
FNF:6
FNH:0
FNDA:0,MenuButton
FNDA:0,(anonymous_7)
FNDA:0,(anonymous_8)
FNDA:0,(anonymous_9)
FNDA:0,(anonymous_10)
FNDA:0,(anonymous_11)
DA:1,0
DA:2,0
DA:3,0
DA:4,0
DA:5,0
DA:7,0
DA:9,0
DA:16,0
DA:17,0
DA:18,0
DA:19,0
DA:20,0
DA:21,0
DA:24,0
DA:25,0
DA:26,0
DA:29,0
DA:31,0
DA:33,0
DA:34,0
DA:35,0
DA:39,0
DA:40,0
DA:43,0
DA:47,0
DA:48,0
DA:51,0
DA:52,0
DA:57,0
DA:70,0
LF:30
LH:0
BRDA:16,0,0,0
BRDA:16,1,0,0
BRDA:31,2,0,0
BRDA:31,2,1,0
BRDA:34,3,0,0
BRDA:34,4,0,0
BRDA:34,4,1,0
BRDA:34,4,2,0
BRDA:51,5,0,0
BRDA:51,6,0,0
BRDA:51,6,1,0
BRDA:67,7,0,0
BRDA:67,7,1,0
BRF:13
BRH:0
end_of_record
TN:
SF:src/components/organisms/NavigationHeader/NavigationHeader.tsx
FN:20,NavigationHeader
FN:31,(anonymous_2)
FN:49,(anonymous_3)
FN:53,(anonymous_4)
FN:59,(anonymous_5)
FN:72,(anonymous_6)
FN:97,(anonymous_7)
FNF:7
FNH:0
FNDA:0,NavigationHeader
FNDA:0,(anonymous_2)
FNDA:0,(anonymous_3)
FNDA:0,(anonymous_4)
FNDA:0,(anonymous_5)
FNDA:0,(anonymous_6)
FNDA:0,(anonymous_7)
DA:1,0
DA:2,0
DA:6,0
DA:7,0
DA:8,0
DA:20,0
DA:27,0
DA:28,0
DA:29,0
DA:31,0
DA:32,0
DA:35,0
DA:36,0
DA:38,0
DA:49,0
DA:50,0
DA:53,0
DA:54,0
DA:57,0
DA:59,0
DA:60,0
DA:61,0
DA:65,0
DA:72,0
DA:98,0
LF:25
LH:0
BRDA:22,0,0,0
BRDA:23,1,0,0
BRDA:24,2,0,0
BRDA:35,3,0,0
BRDA:35,3,1,0
BRDA:60,4,0,0
BRDA:70,5,0,0
BRDA:70,5,1,0
BRDA:79,6,0,0
BRDA:79,6,1,0
BRDA:90,7,0,0
BRDA:90,7,1,0
BRDA:103,8,0,0
BRDA:103,8,1,0
BRDA:109,9,0,0
BRDA:109,9,1,0
BRDA:113,10,0,0
BRDA:113,10,1,0
BRDA:121,11,0,0
BRDA:121,11,1,0
BRF:20
BRH:0
end_of_record
TN:
SF:src/components/organisms/NavigationHeader/index.ts
FN:1,(anonymous_1)
FN:2,(anonymous_2)
FN:3,(anonymous_3)
FNF:3
FNH:0
FNDA:0,(anonymous_1)
FNDA:0,(anonymous_2)
FNDA:0,(anonymous_3)
DA:1,0
DA:2,0
DA:3,0
LF:3
LH:0
BRF:0
BRH:0
end_of_record
TN:
SF:src/components/organisms/QuickReply/QuickReply.tsx
FN:27,QuickReply
FN:48,(anonymous_7)
FN:50,(anonymous_8)
FN:57,(anonymous_9)
FN:87,(anonymous_10)
FN:134,(anonymous_11)
FN:137,(anonymous_12)
FNF:7
FNH:0
FNDA:0,QuickReply
FNDA:0,(anonymous_7)
FNDA:0,(anonymous_8)
FNDA:0,(anonymous_9)
FNDA:0,(anonymous_10)
FNDA:0,(anonymous_11)
FNDA:0,(anonymous_12)
DA:1,0
DA:2,0
DA:3,0
DA:4,0
DA:5,0
DA:6,0
DA:7,0
DA:27,0
DA:37,0
DA:38,0
DA:39,0
DA:40,0
DA:44,0
DA:45,0
DA:48,0
DA:49,0
DA:50,0
DA:51,0
DA:52,0
DA:53,0
DA:54,0
DA:55,0
DA:57,0
DA:64,0
DA:65,0
DA:67,0
DA:77,0
DA:81,0
DA:85,0
DA:87,0
DA:89,0
DA:90,0
DA:91,0
DA:95,0
DA:97,0
DA:101,0
DA:102,0
DA:104,0
DA:135,0
DA:137,0
LF:40
LH:0
BRDA:34,0,0,0
BRDA:49,1,0,0
BRDA:49,2,0,0
BRDA:49,2,1,0
BRDA:85,3,0,0
BRDA:89,4,0,0
BRDA:89,5,0,0
BRDA:89,5,1,0
BRDA:101,6,0,0
BRDA:101,6,1,0
BRDA:102,7,0,0
BRDA:102,7,1,0
BRDA:117,8,0,0
BRDA:117,8,1,0
BRDA:125,9,0,0
BRDA:125,9,1,0
BRDA:132,10,0,0
BRDA:132,10,1,0
BRDA:144,11,0,0
BRDA:144,11,1,0
BRDA:159,12,0,0
BRDA:159,12,1,0
BRDA:159,12,2,0
BRF:23
BRH:0
end_of_record
TN:
SF:src/components/organisms/QuickReply/index.ts
FN:1,(anonymous_0)
FNF:1
FNH:0
FNDA:0,(anonymous_0)
DA:1,0
DA:2,0
DA:3,0
LF:3
LH:0
BRF:0
BRH:0
end_of_record
TN:
SF:src/components/organisms/TopQuestions/TopQuestions.tsx
FN:28,(anonymous_6)
FN:29,(anonymous_7)
FN:47,TopQuestions
FN:66,(anonymous_9)
FN:67,(anonymous_10)
FN:84,(anonymous_11)
FN:97,(anonymous_12)
FN:110,(anonymous_13)
FN:116,(anonymous_14)
FN:152,(anonymous_15)
FN:155,(anonymous_16)
FNF:11
FNH:0
FNDA:0,(anonymous_6)
FNDA:0,(anonymous_7)
FNDA:0,TopQuestions
FNDA:0,(anonymous_9)
FNDA:0,(anonymous_10)
FNDA:0,(anonymous_11)
FNDA:0,(anonymous_12)
FNDA:0,(anonymous_13)
FNDA:0,(anonymous_14)
FNDA:0,(anonymous_15)
FNDA:0,(anonymous_16)
DA:1,0
DA:2,0
DA:3,0
DA:4,0
DA:5,0
DA:6,0
DA:7,0
DA:8,0
DA:11,0
DA:28,0
DA:29,0
DA:30,0
DA:31,0
DA:32,0
DA:47,0
DA:57,0
DA:58,0
DA:59,0
DA:61,0
DA:62,0
DA:63,0
DA:66,0
DA:67,0
DA:68,0
DA:69,0
DA:71,0
DA:77,0
DA:79,0
DA:81,0
DA:84,0
DA:85,0
DA:87,0
DA:90,0
DA:91,0
DA:92,0
DA:94,0
DA:96,0
DA:97,0
DA:98,0
DA:104,0
DA:107,0
DA:108,0
DA:110,0
DA:112,0
DA:113,0
DA:116,0
DA:118,0
DA:119,0
DA:122,0
DA:153,0
DA:155,0
LF:51
LH:0
BRDA:30,0,0,0
BRDA:30,1,0,0
BRDA:30,1,1,0
BRDA:31,2,0,0
BRDA:31,3,0,0
BRDA:31,3,1,0
BRDA:55,4,0,0
BRDA:79,5,0,0
BRDA:79,5,1,0
BRDA:79,6,0,0
BRDA:79,6,1,0
BRDA:96,7,0,0
BRDA:135,8,0,0
BRDA:135,8,1,0
BRDA:143,9,0,0
BRDA:143,9,1,0
BRDA:150,10,0,0
BRDA:150,10,1,0
BRDA:152,11,0,0
BRDA:152,11,1,0
BRDA:152,12,0,0
BRDA:152,12,1,0
BRF:22
BRH:0
end_of_record
TN:
SF:src/components/organisms/TopQuestions/index.ts
FN:1,(anonymous_0)
FNF:1
FNH:0
FNDA:0,(anonymous_0)
DA:1,0
DA:2,0
DA:3,0
LF:3
LH:0
BRF:0
BRH:0
end_of_record
TN:
SF:src/components/templates/index.ts
FNF:0
FNH:0
DA:1,0
LF:1
LH:0
BRF:0
BRH:0
end_of_record
TN:
SF:src/components/templates/ChatLayout/ChatLayout.tsx
FN:15,ChatLayout
FNF:1
FNH:0
FNDA:0,ChatLayout
DA:1,0
DA:15,0
DA:25,0
LF:3
LH:0
BRDA:19,0,0,0
BRDA:20,1,0,0
BRDA:28,2,0,0
BRDA:28,2,1,0
BRDA:35,3,0,0
BRDA:35,3,1,0
BRDA:40,4,0,0
BRDA:40,4,1,0
BRDA:49,5,0,0
BRDA:49,5,1,0
BRF:10
BRH:0
end_of_record
TN:
SF:src/components/templates/ChatLayout/index.ts
FN:1,(anonymous_0)
FNF:1
FNH:0
FNDA:0,(anonymous_0)
DA:1,0
LF:1
LH:0
BRF:0
BRH:0
end_of_record
TN:
SF:src/contexts/LocaleContext.tsx
FN:15,(anonymous_6)
FN:18,(anonymous_7)
FN:19,(anonymous_8)
FN:20,(anonymous_9)
FN:38,(anonymous_10)
FN:47,(anonymous_11)
FN:49,(anonymous_12)
FN:69,(anonymous_13)
FN:74,(anonymous_14)
FN:106,(anonymous_15)
FN:121,(anonymous_16)
FNF:11
FNH:9
FNDA:17,(anonymous_6)
FNDA:17,(anonymous_7)
FNDA:17,(anonymous_8)
FNDA:17,(anonymous_9)
FNDA:20,(anonymous_10)
FNDA:17,(anonymous_11)
FNDA:17,(anonymous_12)
FNDA:0,(anonymous_13)
FNDA:72,(anonymous_14)
FNDA:0,(anonymous_15)
FNDA:94,(anonymous_16)
DA:1,1
DA:12,1
DA:15,1
DA:16,17
DA:17,17
DA:18,17
DA:19,17
DA:20,17
DA:23,17
DA:29,0
DA:30,0
DA:38,1
DA:39,20
DA:40,20
DA:41,20
DA:47,20
DA:49,17
DA:50,17
DA:51,17
DA:54,17
DA:55,17
DA:56,16
DA:59,1
DA:60,1
DA:63,17
DA:66,17
DA:69,20
DA:70,0
DA:71,0
DA:74,20
DA:75,72
DA:76,72
DA:79,72
DA:80,84
DA:81,18
DA:84,66
DA:85,66
DA:86,66
DA:87,66
DA:88,0
DA:90,66
DA:94,0
DA:100,6
DA:101,0
DA:105,6
DA:106,0
DA:107,0
DA:111,6
DA:114,20
DA:121,1
DA:122,94
DA:123,94
DA:124,0
DA:126,94
LF:54
LH:44
BRDA:24,0,0,17
BRDA:24,0,1,0
BRDA:25,1,0,17
BRDA:25,1,1,0
BRDA:26,2,0,17
BRDA:26,2,1,0
BRDA:55,3,0,16
BRDA:55,3,1,1
BRDA:55,4,0,17
BRDA:55,4,1,16
BRDA:55,4,2,16
BRDA:55,4,3,0
BRDA:80,5,0,18
BRDA:80,5,1,66
BRDA:80,6,0,84
BRDA:80,6,1,84
BRDA:80,6,2,84
BRDA:84,7,0,66
BRDA:84,7,1,0
BRDA:87,8,0,0
BRDA:87,8,1,66
BRDA:87,9,0,66
BRDA:87,9,1,66
BRDA:87,9,2,66
BRDA:100,10,0,0
BRDA:101,11,0,0
BRDA:101,11,1,0
BRDA:101,12,0,0
BRDA:101,12,1,0
BRDA:105,13,0,0
BRDA:105,14,0,6
BRDA:105,14,1,0
BRDA:123,15,0,0
BRF:33
BRH:19
end_of_record
TN:
SF:src/contexts/ThemeContext.tsx
FN:30,ThemeProvider
FN:40,useThemeContext
FNF:2
FNH:0
FNDA:0,ThemeProvider
FNDA:0,useThemeContext
DA:1,0
DA:3,0
DA:23,0
DA:30,0
DA:31,0
DA:33,0
DA:40,0
DA:41,0
DA:42,0
DA:43,0
DA:45,0
LF:11
LH:0
BRDA:30,0,0,0
BRDA:42,1,0,0
BRF:2
BRH:0
end_of_record
TN:
SF:src/dev/index.ts
FNF:0
FNH:0
DA:6,0
DA:7,0
LF:2
LH:0
BRF:0
BRH:0
end_of_record
TN:
SF:src/dev/components/DevNavigation.tsx
FN:8,(anonymous_1)
FN:30,(anonymous_2)
FNF:2
FNH:0
FNDA:0,(anonymous_1)
FNDA:0,(anonymous_2)
DA:5,0
DA:6,0
DA:8,0
DA:9,0
DA:12,0
DA:13,0
DA:16,0
DA:22,0
DA:31,0
LF:9
LH:0
BRDA:12,0,0,0
BRDA:12,1,0,0
BRDA:12,1,1,0
BRDA:35,2,0,0
BRDA:35,2,1,0
BRF:5
BRH:0
end_of_record
TN:
SF:src/dev/components/index.ts
FN:5,(anonymous_0)
FNF:1
FNH:0
FNDA:0,(anonymous_0)
DA:5,0
LF:1
LH:0
BRF:0
BRH:0
end_of_record
TN:
SF:src/dev/pages/CognitoTestPage.tsx
FN:21,(anonymous_6)
FN:29,(anonymous_7)
FN:30,(anonymous_8)
FN:33,(anonymous_9)
FN:44,(anonymous_10)
FN:48,(anonymous_11)
FN:220,(anonymous_12)
FN:405,(anonymous_13)
FN:535,(anonymous_14)
FN:693,(anonymous_15)
FN:821,(anonymous_16)
FN:999,(anonymous_17)
FN:1017,(anonymous_18)
FN:1145,(anonymous_19)
FN:1155,(anonymous_20)
FN:1165,(anonymous_21)
FN:1175,(anonymous_22)
FN:1185,(anonymous_23)
FN:1201,(anonymous_24)
FN:1211,(anonymous_25)
FN:1255,(anonymous_26)
FNF:21
FNH:0
FNDA:0,(anonymous_6)
FNDA:0,(anonymous_7)
FNDA:0,(anonymous_8)
FNDA:0,(anonymous_9)
FNDA:0,(anonymous_10)
FNDA:0,(anonymous_11)
FNDA:0,(anonymous_12)
FNDA:0,(anonymous_13)
FNDA:0,(anonymous_14)
FNDA:0,(anonymous_15)
FNDA:0,(anonymous_16)
FNDA:0,(anonymous_17)
FNDA:0,(anonymous_18)
FNDA:0,(anonymous_19)
FNDA:0,(anonymous_20)
FNDA:0,(anonymous_21)
FNDA:0,(anonymous_22)
FNDA:0,(anonymous_23)
FNDA:0,(anonymous_24)
FNDA:0,(anonymous_25)
FNDA:0,(anonymous_26)
DA:6,0
DA:7,0
DA:8,0
DA:9,0
DA:10,0
DA:11,0
DA:12,0
DA:21,0
DA:22,0
DA:23,0
DA:24,0
DA:25,0
DA:26,0
DA:27,0
DA:29,0
DA:30,0
DA:31,0
DA:33,0
DA:35,0
DA:40,0
DA:44,0
DA:45,0
DA:48,0
DA:49,0
DA:50,0
DA:52,0
DA:54,0
DA:60,0
DA:61,0
DA:62,0
DA:63,0
DA:65,0
DA:66,0
DA:77,0
DA:80,0
DA:88,0
DA:94,0
DA:102,0
DA:108,0
DA:110,0
DA:111,0
DA:116,0
DA:119,0
DA:130,0
DA:136,0
DA:145,0
DA:146,0
DA:150,0
DA:152,0
DA:153,0
DA:158,0
DA:161,0
DA:169,0
DA:175,0
DA:179,0
DA:181,0
DA:182,0
DA:187,0
DA:190,0
DA:202,0
DA:209,0
DA:216,0
DA:220,0
DA:221,0
DA:222,0
DA:224,0
DA:226,0
DA:232,0
DA:233,0
DA:234,0
DA:236,0
DA:237,0
DA:243,0
DA:246,0
DA:254,0
DA:262,0
DA:263,0
DA:265,0
DA:266,0
DA:275,0
DA:278,0
DA:286,0
DA:292,0
DA:294,0
DA:295,0
DA:300,0
DA:303,0
DA:315,0
DA:321,0
DA:330,0
DA:331,0
DA:335,0
DA:337,0
DA:338,0
DA:343,0
DA:346,0
DA:354,0
DA:360,0
DA:364,0
DA:366,0
DA:367,0
DA:372,0
DA:375,0
DA:387,0
DA:394,0
DA:401,0
DA:405,0
DA:406,0
DA:407,0
DA:409,0
DA:411,0
DA:417,0
DA:418,0
DA:420,0
DA:421,0
DA:427,0
DA:430,0
DA:438,0
DA:444,0
DA:448,0
DA:455,0
DA:461,0
DA:465,0
DA:467,0
DA:468,0
DA:473,0
DA:476,0
DA:484,0
DA:490,0
DA:494,0
DA:496,0
DA:497,0
DA:502,0
DA:505,0
DA:517,0
DA:524,0
DA:531,0
DA:535,0
DA:536,0
DA:537,0
DA:539,0
DA:541,0
DA:547,0
DA:548,0
DA:549,0
DA:551,0
DA:552,0
DA:558,0
DA:561,0
DA:569,0
DA:578,0
DA:579,0
DA:580,0
DA:582,0
DA:583,0
DA:588,0
DA:591,0
DA:596,0
DA:602,0
DA:604,0
DA:605,0
DA:610,0
DA:613,0
DA:626,0
DA:632,0
DA:641,0
DA:645,0
DA:646,0
DA:651,0
DA:655,0
DA:656,0
DA:659,0
DA:661,0
DA:675,0
DA:682,0
DA:689,0
DA:693,0
DA:694,0
DA:695,0
DA:697,0
DA:699,0
DA:705,0
DA:706,0
DA:711,0
DA:714,0
DA:725,0
DA:731,0
DA:733,0
DA:741,0
DA:747,0
DA:749,0
DA:750,0
DA:762,0
DA:768,0
DA:769,0
DA:770,0
DA:789,0
DA:791,0
DA:801,0
DA:810,0
DA:817,0
DA:821,0
DA:822,0
DA:823,0
DA:824,0
DA:825,0
DA:827,0
DA:829,0
DA:835,0
DA:836,0
DA:840,0
DA:841,0
DA:842,0
DA:844,0
DA:849,0
DA:854,0
DA:856,0
DA:857,0
DA:860,0
DA:872,0
DA:878,0
DA:879,0
DA:888,0
DA:892,0
DA:893,0
DA:896,0
DA:897,0
DA:899,0
DA:912,0
DA:918,0
DA:919,0
DA:921,0
DA:922,0
DA:925,0
DA:926,0
DA:928,0
DA:940,0
DA:946,0
DA:947,0
DA:948,0
DA:952,0
DA:954,0
DA:972,0
DA:988,0
DA:995,0
DA:999,0
DA:1000,0
DA:1001,0
DA:1002,0
DA:1004,0
DA:1006,0
DA:1007,0
DA:1008,0
DA:1009,0
DA:1010,0
DA:1011,0
DA:1013,0
DA:1017,0
DA:1018,0
DA:1019,0
DA:1021,0
DA:1023,0
DA:1026,0
DA:1032,0
DA:1034,0
DA:1046,0
DA:1052,0
DA:1054,0
DA:1055,0
DA:1061,0
DA:1064,0
DA:1076,0
DA:1082,0
DA:1083,0
DA:1086,0
DA:1088,0
DA:1108,0
DA:1126,0
DA:1133,0
DA:1137,0
DA:1145,0
DA:1155,0
DA:1165,0
DA:1175,0
DA:1185,0
DA:1201,0
DA:1211,0
DA:1256,0
LF:288
LH:0
BRDA:65,0,0,0
BRDA:65,1,0,0
BRDA:65,1,1,0
BRDA:65,1,2,0
BRDA:65,1,3,0
BRDA:110,2,0,0
BRDA:152,3,0,0
BRDA:181,4,0,0
BRDA:212,5,0,0
BRDA:212,5,1,0
BRDA:234,6,0,0
BRDA:234,6,1,0
BRDA:236,7,0,0
BRDA:236,8,0,0
BRDA:236,8,1,0
BRDA:265,9,0,0
BRDA:265,10,0,0
BRDA:265,10,1,0
BRDA:294,11,0,0
BRDA:337,12,0,0
BRDA:366,13,0,0
BRDA:397,14,0,0
BRDA:397,14,1,0
BRDA:420,15,0,0
BRDA:420,16,0,0
BRDA:420,16,1,0
BRDA:467,17,0,0
BRDA:496,18,0,0
BRDA:527,19,0,0
BRDA:527,19,1,0
BRDA:551,20,0,0
BRDA:551,21,0,0
BRDA:551,21,1,0
BRDA:582,22,0,0
BRDA:582,23,0,0
BRDA:582,23,1,0
BRDA:582,23,2,0
BRDA:604,24,0,0
BRDA:636,25,0,0
BRDA:636,25,1,0
BRDA:645,26,0,0
BRDA:685,27,0,0
BRDA:685,27,1,0
BRDA:705,28,0,0
BRDA:749,29,0,0
BRDA:749,29,1,0
BRDA:769,30,0,0
BRDA:769,31,0,0
BRDA:769,31,1,0
BRDA:813,32,0,0
BRDA:813,32,1,0
BRDA:856,33,0,0
BRDA:883,34,0,0
BRDA:883,34,1,0
BRDA:892,35,0,0
BRDA:921,36,0,0
BRDA:921,37,0,0
BRDA:921,37,1,0
BRDA:922,38,0,0
BRDA:922,38,1,0
BRDA:947,39,0,0
BRDA:991,40,0,0
BRDA:991,40,1,0
BRDA:1000,41,0,0
BRDA:1000,41,1,0
BRDA:1001,42,0,0
BRDA:1001,42,1,0
BRDA:1006,43,0,0
BRDA:1006,43,1,0
BRDA:1008,44,0,0
BRDA:1008,44,1,0
BRDA:1010,45,0,0
BRDA:1010,45,1,0
BRDA:1023,46,0,0
BRDA:1023,46,1,0
BRDA:1054,47,0,0
BRDA:1054,48,0,0
BRDA:1054,48,1,0
BRDA:1099,49,0,0
BRDA:1099,49,1,0
BRDA:1129,50,0,0
BRDA:1129,50,1,0
BRDA:1147,51,0,0
BRDA:1147,51,1,0
BRDA:1157,52,0,0
BRDA:1157,52,1,0
BRDA:1167,53,0,0
BRDA:1167,53,1,0
BRDA:1177,54,0,0
BRDA:1177,54,1,0
BRDA:1187,55,0,0
BRDA:1187,55,1,0
BRDA:1203,56,0,0
BRDA:1203,56,1,0
BRDA:1213,57,0,0
BRDA:1213,57,1,0
BRDA:1228,58,0,0
BRDA:1228,58,1,0
BRDA:1230,59,0,0
BRDA:1230,59,1,0
BRDA:1235,60,0,0
BRDA:1235,60,1,0
BRDA:1235,61,0,0
BRDA:1235,61,1,0
BRDA:1235,62,0,0
BRDA:1235,62,1,0
BRDA:1235,63,0,0
BRDA:1235,63,1,0
BRDA:1235,64,0,0
BRDA:1235,64,1,0
BRDA:1238,65,0,0
BRDA:1238,65,1,0
BRDA:1250,66,0,0
BRDA:1250,66,1,0
BRDA:1259,67,0,0
BRDA:1259,67,1,0
BRDA:1261,68,0,0
BRDA:1261,68,1,0
BRDA:1268,69,0,0
BRDA:1268,69,1,0
BRDA:1270,70,0,0
BRDA:1270,70,1,0
BRDA:1277,71,0,0
BRDA:1277,71,1,0
BRF:124
BRH:0
end_of_record
TN:
SF:src/dev/pages/JWETestPage.tsx
FN:9,(anonymous_1)
FNF:1
FNH:0
FNDA:0,(anonymous_1)
DA:6,0
DA:7,0
DA:9,0
DA:11,0
LF:4
LH:0
BRF:0
BRH:0
end_of_record
TN:
SF:src/dev/pages/index.ts
FN:5,(anonymous_0)
FN:6,(anonymous_1)
FNF:2
FNH:0
FNDA:0,(anonymous_0)
FNDA:0,(anonymous_1)
DA:5,0
DA:6,0
LF:2
LH:0
BRF:0
BRH:0
end_of_record
TN:
SF:src/hooks/useChat.ts
FN:22,useChat
FN:31,(anonymous_7)
FN:35,(anonymous_8)
FN:43,(anonymous_9)
FN:61,(anonymous_10)
FN:72,(anonymous_11)
FN:86,(anonymous_12)
FN:97,(anonymous_13)
FN:120,(anonymous_14)
FN:132,(anonymous_15)
FN:141,(anonymous_16)
FN:154,(anonymous_17)
FN:167,(anonymous_18)
FN:176,(anonymous_19)
FN:185,(anonymous_20)
FN:196,(anonymous_21)
FN:199,(anonymous_22)
FN:210,(anonymous_23)
FNF:18
FNH:0
FNDA:0,useChat
FNDA:0,(anonymous_7)
FNDA:0,(anonymous_8)
FNDA:0,(anonymous_9)
FNDA:0,(anonymous_10)
FNDA:0,(anonymous_11)
FNDA:0,(anonymous_12)
FNDA:0,(anonymous_13)
FNDA:0,(anonymous_14)
FNDA:0,(anonymous_15)
FNDA:0,(anonymous_16)
FNDA:0,(anonymous_17)
FNDA:0,(anonymous_18)
FNDA:0,(anonymous_19)
FNDA:0,(anonymous_20)
FNDA:0,(anonymous_21)
FNDA:0,(anonymous_22)
FNDA:0,(anonymous_23)
DA:1,0
DA:2,0
DA:3,0
DA:4,0
DA:5,0
DA:22,0
DA:23,0
DA:24,0
DA:25,0
DA:26,0
DA:27,0
DA:28,0
DA:29,0
DA:31,0
DA:32,0
DA:35,0
DA:36,0
DA:37,0
DA:40,0
DA:43,0
DA:44,0
DA:45,0
DA:46,0
DA:53,0
DA:54,0
DA:55,0
DA:57,0
DA:61,0
DA:62,0
DA:63,0
DA:65,0
DA:72,0
DA:73,0
DA:74,0
DA:76,0
DA:77,0
DA:79,0
DA:86,0
DA:93,0
DA:97,0
DA:98,0
DA:99,0
DA:101,0
DA:102,0
DA:117,0
DA:120,0
DA:121,0
DA:123,0
DA:125,0
DA:132,0
DA:135,0
DA:141,0
DA:145,0
DA:146,0
DA:147,0
DA:148,0
DA:154,0
DA:158,0
DA:161,0
DA:162,0
DA:167,0
DA:169,0
DA:176,0
DA:178,0
DA:185,0
DA:186,0
DA:194,0
DA:196,0
DA:199,0
DA:200,0
DA:208,0
DA:210,0
DA:213,0
LF:73
LH:0
BRDA:36,0,0,0
BRDA:45,1,0,0
BRDA:45,1,1,0
BRDA:54,2,0,0
BRDA:62,3,0,0
BRDA:62,3,1,0
BRDA:63,4,0,0
BRDA:63,5,0,0
BRDA:63,5,1,0
BRDA:101,6,0,0
BRDA:121,7,0,0
BRDA:123,8,0,0
BRDA:123,8,1,0
BRDA:145,9,0,0
BRDA:147,10,0,0
BRDA:161,11,0,0
BRDA:185,12,0,0
BRDA:199,13,0,0
BRF:18
BRH:0
end_of_record
TN:
SF:src/hooks/useKeyboardState.ts
FN:3,useKeyboardState
FN:6,(anonymous_1)
FN:8,(anonymous_2)
FN:16,(anonymous_3)
FN:23,(anonymous_4)
FN:25,(anonymous_5)
FN:34,(anonymous_6)
FNF:7
FNH:0
FNDA:0,useKeyboardState
FNDA:0,(anonymous_1)
FNDA:0,(anonymous_2)
FNDA:0,(anonymous_3)
FNDA:0,(anonymous_4)
FNDA:0,(anonymous_5)
FNDA:0,(anonymous_6)
DA:1,0
DA:3,0
DA:4,0
DA:6,0
DA:8,0
DA:10,0
DA:11,0
DA:12,0
DA:16,0
DA:17,0
DA:18,0
DA:19,0
DA:23,0
DA:25,0
DA:26,0
DA:30,0
DA:31,0
DA:32,0
DA:34,0
DA:35,0
DA:36,0
DA:37,0
DA:41,0
LF:23
LH:0
BRDA:18,0,0,0
BRDA:18,1,0,0
BRDA:18,1,1,0
BRF:3
BRH:0
end_of_record
TN:
SF:src/hooks/useTheme.ts
FN:10,useTheme
FN:18,(anonymous_1)
FN:35,(anonymous_2)
FN:51,(anonymous_3)
FNF:4
FNH:0
FNDA:0,useTheme
FNDA:0,(anonymous_1)
FNDA:0,(anonymous_2)
FNDA:0,(anonymous_3)
DA:1,0
DA:2,0
DA:10,0
DA:15,0
DA:18,0
DA:19,0
DA:21,0
DA:22,0
DA:23,0
DA:24,0
DA:27,0
DA:29,0
DA:32,0
DA:35,0
DA:36,0
DA:38,0
DA:39,0
DA:40,0
DA:42,0
DA:48,0
DA:51,0
DA:52,0
DA:53,0
DA:54,0
DA:55,0
DA:58,0
LF:26
LH:0
BRDA:10,0,0,0
BRDA:12,1,0,0
BRDA:13,2,0,0
BRDA:14,3,0,0
BRDA:19,4,0,0
BRDA:23,5,0,0
BRDA:23,6,0,0
BRDA:23,6,1,0
BRDA:38,7,0,0
BRF:9
BRH:0
end_of_record
TN:
SF:src/pages/MainPage.tsx
FN:19,MainPage
FN:54,(anonymous_1)
FN:57,(anonymous_2)
FN:59,(anonymous_3)
FN:69,(anonymous_4)
FN:77,(anonymous_5)
FN:81,(anonymous_6)
FN:89,(anonymous_7)
FN:97,(anonymous_8)
FN:107,(anonymous_9)
FN:116,(anonymous_10)
FN:122,(anonymous_11)
FN:124,(anonymous_12)
FN:132,(anonymous_13)
FN:140,(anonymous_14)
FN:145,(anonymous_15)
FN:147,(anonymous_16)
FN:155,(anonymous_17)
FN:163,(anonymous_18)
FN:165,(anonymous_19)
FN:171,(anonymous_20)
FN:180,(anonymous_21)
FN:186,(anonymous_22)
FN:196,(anonymous_23)
FN:202,(anonymous_24)
FN:209,(anonymous_25)
FN:218,(anonymous_26)
FN:224,(anonymous_27)
FN:226,(anonymous_28)
FN:231,(anonymous_29)
FN:235,(anonymous_30)
FN:244,(anonymous_31)
FN:277,(anonymous_32)
FN:299,(anonymous_33)
FN:301,(anonymous_34)
FN:302,(anonymous_35)
FN:315,(anonymous_36)
FN:344,(anonymous_37)
FN:346,(anonymous_38)
FN:398,(anonymous_39)
FNF:40
FNH:0
FNDA:0,MainPage
FNDA:0,(anonymous_1)
FNDA:0,(anonymous_2)
FNDA:0,(anonymous_3)
FNDA:0,(anonymous_4)
FNDA:0,(anonymous_5)
FNDA:0,(anonymous_6)
FNDA:0,(anonymous_7)
FNDA:0,(anonymous_8)
FNDA:0,(anonymous_9)
FNDA:0,(anonymous_10)
FNDA:0,(anonymous_11)
FNDA:0,(anonymous_12)
FNDA:0,(anonymous_13)
FNDA:0,(anonymous_14)
FNDA:0,(anonymous_15)
FNDA:0,(anonymous_16)
FNDA:0,(anonymous_17)
FNDA:0,(anonymous_18)
FNDA:0,(anonymous_19)
FNDA:0,(anonymous_20)
FNDA:0,(anonymous_21)
FNDA:0,(anonymous_22)
FNDA:0,(anonymous_23)
FNDA:0,(anonymous_24)
FNDA:0,(anonymous_25)
FNDA:0,(anonymous_26)
FNDA:0,(anonymous_27)
FNDA:0,(anonymous_28)
FNDA:0,(anonymous_29)
FNDA:0,(anonymous_30)
FNDA:0,(anonymous_31)
FNDA:0,(anonymous_32)
FNDA:0,(anonymous_33)
FNDA:0,(anonymous_34)
FNDA:0,(anonymous_35)
FNDA:0,(anonymous_36)
FNDA:0,(anonymous_37)
FNDA:0,(anonymous_38)
FNDA:0,(anonymous_39)
DA:1,0
DA:2,0
DA:3,0
DA:4,0
DA:5,0
DA:6,0
DA:7,0
DA:8,0
DA:9,0
DA:10,0
DA:11,0
DA:12,0
DA:13,0
DA:14,0
DA:15,0
DA:16,0
DA:17,0
DA:20,0
DA:21,0
DA:22,0
DA:23,0
DA:24,0
DA:25,0
DA:26,0
DA:27,0
DA:28,0
DA:29,0
DA:30,0
DA:31,0
DA:34,0
DA:35,0
DA:36,0
DA:51,0
DA:55,0
DA:59,0
DA:60,0
DA:61,0
DA:63,0
DA:66,0
DA:69,0
DA:70,0
DA:76,0
DA:77,0
DA:78,0
DA:79,0
DA:81,0
DA:82,0
DA:88,0
DA:89,0
DA:90,0
DA:91,0
DA:97,0
DA:99,0
DA:100,0
DA:101,0
DA:102,0
DA:103,0
DA:107,0
DA:108,0
DA:109,0
DA:111,0
DA:116,0
DA:117,0
DA:119,0
DA:120,0
DA:122,0
DA:123,0
DA:124,0
DA:125,0
DA:132,0
DA:133,0
DA:134,0
DA:137,0
DA:140,0
DA:141,0
DA:142,0
DA:145,0
DA:146,0
DA:147,0
DA:148,0
DA:155,0
DA:156,0
DA:157,0
DA:160,0
DA:163,0
DA:164,0
DA:165,0
DA:166,0
DA:171,0
DA:172,0
DA:173,0
DA:176,0
DA:177,0
DA:180,0
DA:181,0
DA:182,0
DA:186,0
DA:187,0
DA:188,0
DA:191,0
DA:192,0
DA:193,0
DA:196,0
DA:197,0
DA:198,0
DA:202,0
DA:204,0
DA:205,0
DA:206,0
DA:209,0
DA:211,0
DA:212,0
DA:214,0
DA:215,0
DA:216,0
DA:218,0
DA:219,0
DA:220,0
DA:224,0
DA:226,0
DA:227,0
DA:231,0
DA:232,0
DA:235,0
DA:236,0
DA:239,0
DA:241,0
DA:244,0
DA:245,0
DA:246,0
DA:247,0
DA:251,0
DA:253,0
DA:257,0
DA:258,0
DA:268,0
DA:278,0
DA:279,0
DA:301,0
DA:302,0
DA:303,0
DA:305,0
DA:315,0
DA:346,0
DA:347,0
DA:350,0
DA:351,0
DA:398,0
DA:414,0
LF:149
LH:0
BRDA:53,0,0,0
BRDA:53,0,1,0
BRDA:60,1,0,0
BRDA:61,2,0,0
BRDA:61,2,1,0
BRDA:76,3,0,0
BRDA:88,4,0,0
BRDA:99,5,0,0
BRDA:99,6,0,0
BRDA:99,6,1,0
BRDA:117,7,0,0
BRDA:239,8,0,0
BRDA:239,8,1,0
BRDA:251,9,0,0
BRDA:251,10,0,0
BRDA:251,10,1,0
BRDA:257,11,0,0
BRDA:278,12,0,0
BRDA:303,13,0,0
BRDA:303,13,1,0
BRDA:309,14,0,0
BRDA:309,14,1,0
BRDA:314,15,0,0
BRDA:314,15,1,0
BRDA:314,15,2,0
BRDA:314,15,3,0
BRDA:314,15,4,0
BRDA:314,15,5,0
BRDA:322,16,0,0
BRDA:322,16,1,0
BRDA:322,16,2,0
BRDA:322,16,3,0
BRDA:322,16,4,0
BRDA:330,17,0,0
BRDA:330,17,1,0
BRDA:330,17,2,0
BRDA:330,17,3,0
BRDA:330,17,4,0
BRDA:342,18,0,0
BRDA:342,18,1,0
BRDA:342,18,2,0
BRDA:342,18,3,0
BRDA:342,18,4,0
BRDA:342,18,5,0
BRDA:342,18,6,0
BRDA:342,18,7,0
BRDA:347,19,0,0
BRDA:347,19,1,0
BRDA:347,19,2,0
BRDA:347,19,3,0
BRDA:363,20,0,0
BRDA:363,20,1,0
BRDA:363,20,2,0
BRDA:363,20,3,0
BRDA:371,21,0,0
BRDA:371,21,1,0
BRDA:371,21,2,0
BRDA:371,21,3,0
BRDA:371,21,4,0
BRDA:376,22,0,0
BRDA:376,22,1,0
BRDA:388,23,0,0
BRDA:388,23,1,0
BRDA:404,24,0,0
BRDA:404,24,1,0
BRDA:404,24,2,0
BRF:66
BRH:0
end_of_record
TN:
SF:src/services/menuService.ts
FN:129,(anonymous_0)
FN:134,(anonymous_1)
FN:141,(anonymous_2)
FN:148,(anonymous_3)
FN:150,(anonymous_4)
FN:155,(anonymous_5)
FN:162,(anonymous_6)
FN:164,(anonymous_7)
FN:172,(anonymous_8)
FN:174,(anonymous_9)
FNF:10
FNH:0
FNDA:0,(anonymous_0)
FNDA:0,(anonymous_1)
FNDA:0,(anonymous_2)
FNDA:0,(anonymous_3)
FNDA:0,(anonymous_4)
FNDA:0,(anonymous_5)
FNDA:0,(anonymous_6)
FNDA:0,(anonymous_7)
FNDA:0,(anonymous_8)
FNDA:0,(anonymous_9)
DA:4,0
DA:127,0
DA:130,0
DA:135,0
DA:137,0
DA:142,0
DA:143,0
DA:144,0
DA:149,0
DA:150,0
DA:151,0
DA:156,0
DA:157,0
DA:158,0
DA:163,0
DA:164,0
DA:165,0
DA:166,0
DA:167,0
DA:173,0
DA:174,0
DA:175,0
DA:177,0
LF:23
LH:0
BRDA:130,0,0,0
BRDA:130,0,1,0
BRDA:165,1,0,0
BRF:3
BRH:0
end_of_record
TN:
SF:src/services/api/chat.test.ts
FN:5,(anonymous_0)
FN:6,(anonymous_1)
FN:7,(anonymous_2)
FN:11,(anonymous_3)
FN:12,(anonymous_4)
FN:16,(anonymous_5)
FN:18,(anonymous_6)
FN:33,(anonymous_7)
FN:34,(anonymous_8)
FN:35,(anonymous_9)
FN:50,(anonymous_10)
FN:61,(anonymous_11)
FN:66,(anonymous_12)
FN:86,(anonymous_13)
FN:87,(anonymous_14)
FN:105,(anonymous_15)
FN:123,(anonymous_16)
FN:153,(anonymous_17)
FNF:18
FNH:0
FNDA:0,(anonymous_0)
FNDA:0,(anonymous_1)
FNDA:0,(anonymous_2)
FNDA:0,(anonymous_3)
FNDA:0,(anonymous_4)
FNDA:0,(anonymous_5)
FNDA:0,(anonymous_6)
FNDA:0,(anonymous_7)
FNDA:0,(anonymous_8)
FNDA:0,(anonymous_9)
FNDA:0,(anonymous_10)
FNDA:0,(anonymous_11)
FNDA:0,(anonymous_12)
FNDA:0,(anonymous_13)
FNDA:0,(anonymous_14)
FNDA:0,(anonymous_15)
FNDA:0,(anonymous_16)
FNDA:0,(anonymous_17)
DA:2,0
DA:5,0
DA:6,0
DA:7,0
DA:11,0
DA:12,0
DA:16,0
DA:18,0
DA:30,0
DA:33,0
DA:34,0
DA:35,0
DA:36,0
DA:47,0
DA:50,0
DA:51,0
DA:61,0
DA:62,0
DA:66,0
DA:67,0
DA:71,0
DA:75,0
DA:80,0
DA:81,0
DA:82,0
DA:86,0
DA:87,0
DA:88,0
DA:99,0
DA:101,0
DA:102,0
DA:105,0
DA:106,0
DA:117,0
DA:119,0
DA:120,0
DA:123,0
DA:124,0
DA:136,0
DA:138,0
DA:139,0
DA:150,0
DA:153,0
DA:154,0
DA:169,0
DA:171,0
DA:172,0
LF:47
LH:0
BRF:0
BRH:0
end_of_record
TN:
SF:src/services/api/chat.ts
FN:32,(anonymous_0)
FN:99,(anonymous_1)
FN:104,(anonymous_2)
FN:122,(anonymous_3)
FNF:4
FNH:0
FNDA:0,(anonymous_0)
FNDA:0,(anonymous_1)
FNDA:0,(anonymous_2)
FNDA:0,(anonymous_3)
DA:1,0
DA:2,0
DA:32,0
DA:33,0
DA:35,0
DA:36,0
DA:38,0
DA:43,0
DA:44,0
DA:45,0
DA:52,0
DA:56,0
DA:57,0
DA:59,0
DA:72,0
DA:75,0
DA:78,0
DA:81,0
DA:82,0
DA:84,0
DA:95,0
DA:99,0
DA:100,0
DA:104,0
DA:105,0
DA:106,0
DA:109,0
DA:110,0
DA:113,0
DA:114,0
DA:115,0
DA:118,0
DA:122,0
DA:123,0
DA:124,0
DA:132,0
LF:36
LH:0
BRDA:43,0,0,0
BRDA:43,0,1,0
BRDA:43,1,0,0
BRDA:43,1,1,0
BRDA:56,2,0,0
BRDA:56,2,1,0
BRDA:57,3,0,0
BRDA:57,3,1,0
BRDA:65,4,0,0
BRDA:65,4,1,0
BRDA:81,5,0,0
BRDA:81,5,1,0
BRDA:82,6,0,0
BRDA:82,6,1,0
BRDA:89,7,0,0
BRDA:89,7,1,0
BRDA:105,8,0,0
BRDA:105,9,0,0
BRDA:105,9,1,0
BRDA:109,10,0,0
BRDA:109,11,0,0
BRDA:109,11,1,0
BRDA:114,12,0,0
BRDA:114,13,0,0
BRDA:114,13,1,0
BRDA:123,14,0,0
BRF:26
BRH:0
end_of_record
TN:
SF:src/services/api/index.ts
FN:4,(anonymous_0)
FN:26,(anonymous_1)
FNF:2
FNH:0
FNDA:0,(anonymous_0)
FNDA:0,(anonymous_1)
DA:1,0
DA:2,0
DA:4,0
DA:5,0
DA:6,0
DA:7,0
DA:9,0
DA:10,0
DA:16,0
DA:17,0
DA:25,0
DA:26,0
DA:27,0
DA:30,0
DA:32,0
DA:33,0
LF:16
LH:0
BRDA:4,0,0,0
BRDA:6,1,0,0
BRDA:6,1,1,0
BRDA:13,2,0,0
BRDA:13,2,1,0
BRDA:25,3,0,0
BRDA:27,4,0,0
BRDA:27,4,1,0
BRF:8
BRH:0
end_of_record
TN:
SF:src/services/api/questions.ts
FN:30,(anonymous_0)
FN:49,(anonymous_1)
FN:50,(anonymous_2)
FN:68,(anonymous_3)
FN:98,(anonymous_4)
FN:120,(anonymous_5)
FN:121,(anonymous_6)
FN:184,(anonymous_7)
FNF:8
FNH:0
FNDA:0,(anonymous_0)
FNDA:0,(anonymous_1)
FNDA:0,(anonymous_2)
FNDA:0,(anonymous_3)
FNDA:0,(anonymous_4)
FNDA:0,(anonymous_5)
FNDA:0,(anonymous_6)
FNDA:0,(anonymous_7)
DA:30,0
DA:31,0
DA:49,0
DA:50,0
DA:52,0
DA:60,0
DA:67,0
DA:68,0
DA:75,0
DA:89,0
DA:90,0
DA:98,0
DA:102,0
DA:120,0
DA:121,0
DA:122,0
DA:160,0
DA:168,0
DA:175,0
DA:176,0
DA:184,0
DA:189,0
DA:210,0
DA:212,0
LF:24
LH:0
BRDA:67,0,0,0
BRDA:67,0,1,0
BRDA:67,1,0,0
BRDA:67,1,1,0
BRDA:169,2,0,0
BRDA:169,2,1,0
BRDA:170,3,0,0
BRDA:170,3,1,0
BRF:8
BRH:0
end_of_record
TN:
SF:src/services/api/user.ts
FN:15,(anonymous_0)
FN:19,(anonymous_1)
FN:26,(anonymous_2)
FN:30,(anonymous_3)
FNF:4
FNH:0
FNDA:0,(anonymous_0)
FNDA:0,(anonymous_1)
FNDA:0,(anonymous_2)
FNDA:0,(anonymous_3)
DA:1,0
DA:15,0
DA:16,0
DA:19,0
DA:20,0
DA:26,0
DA:27,0
DA:30,0
DA:31,0
LF:9
LH:0
BRF:0
BRH:0
end_of_record
TN:
SF:src/services/auth/index.ts
FN:5,(anonymous_1)
FN:13,(anonymous_2)
FN:17,(anonymous_3)
FN:21,(anonymous_4)
FNF:4
FNH:0
FNDA:0,(anonymous_1)
FNDA:0,(anonymous_2)
FNDA:0,(anonymous_3)
FNDA:0,(anonymous_4)
DA:1,0
DA:3,0
DA:5,0
DA:6,0
DA:13,0
DA:14,0
DA:17,0
DA:18,0
DA:21,0
DA:22,0
LF:10
LH:0
BRF:0
BRH:0
end_of_record
TN:
SF:src/services/auth/token.ts
FN:10,(anonymous_0)
FN:17,(anonymous_1)
FN:28,(anonymous_2)
FN:36,(anonymous_3)
FNF:4
FNH:0
FNDA:0,(anonymous_0)
FNDA:0,(anonymous_1)
FNDA:0,(anonymous_2)
FNDA:0,(anonymous_3)
DA:1,0
DA:10,0
DA:11,0
DA:12,0
DA:13,0
DA:15,0
DA:16,0
DA:17,0
DA:18,0
DA:21,0
DA:23,0
DA:24,0
DA:28,0
DA:29,0
DA:30,0
DA:32,0
DA:33,0
DA:36,0
DA:37,0
DA:38,0
DA:40,0
DA:41,0
DA:42,0
DA:45,0
LF:24
LH:0
BRDA:12,0,0,0
BRDA:12,0,1,0
BRDA:13,1,0,0
BRDA:30,2,0,0
BRDA:38,3,0,0
BRDA:40,4,0,0
BRF:6
BRH:0
end_of_record
TN:
SF:src/services/jwe/chatJWEService.ts
FN:14,(anonymous_0)
FN:26,(anonymous_1)
FN:107,(anonymous_2)
FN:116,(anonymous_3)
FN:125,(anonymous_4)
FN:135,(anonymous_5)
FN:145,createChatJWEServiceWithIAM
FNF:7
FNH:0
FNDA:0,(anonymous_0)
FNDA:0,(anonymous_1)
FNDA:0,(anonymous_2)
FNDA:0,(anonymous_3)
FNDA:0,(anonymous_4)
FNDA:0,(anonymous_5)
FNDA:0,createChatJWEServiceWithIAM
DA:6,0
DA:9,0
DA:10,0
DA:11,0
DA:12,0
DA:16,0
DA:17,0
DA:18,0
DA:27,0
DA:29,0
DA:45,0
DA:46,0
DA:48,0
DA:55,0
DA:57,0
DA:58,0
DA:64,0
DA:75,0
DA:77,0
DA:89,0
DA:91,0
DA:108,0
DA:109,0
DA:117,0
DA:118,0
DA:126,0
DA:136,0
DA:137,0
DA:142,0
DA:145,0
DA:146,0
LF:31
LH:0
BRDA:17,0,0,0
BRDA:17,0,1,0
BRDA:17,0,2,0
BRDA:18,1,0,0
BRDA:18,1,1,0
BRDA:18,1,2,0
BRDA:26,2,0,0
BRDA:37,3,0,0
BRDA:37,3,1,0
BRDA:45,4,0,0
BRDA:45,4,1,0
BRDA:57,5,0,0
BRDA:57,5,1,0
BRDA:57,6,0,0
BRDA:57,6,1,0
BRDA:79,7,0,0
BRDA:79,7,1,0
BRDA:93,8,0,0
BRDA:93,8,1,0
BRF:19
BRH:0
end_of_record
TN:
SF:src/services/jwe/index.ts
FN:5,(anonymous_0)
FN:5,(anonymous_1)
FN:8,(anonymous_2)
FN:8,(anonymous_3)
FN:8,(anonymous_4)
FN:18,(anonymous_5)
FN:18,(anonymous_6)
FN:18,(anonymous_7)
FNF:8
FNH:0
FNDA:0,(anonymous_0)
FNDA:0,(anonymous_1)
FNDA:0,(anonymous_2)
FNDA:0,(anonymous_3)
FNDA:0,(anonymous_4)
FNDA:0,(anonymous_5)
FNDA:0,(anonymous_6)
FNDA:0,(anonymous_7)
DA:5,0
DA:8,0
DA:12,0
DA:15,0
DA:18,0
LF:5
LH:0
BRF:0
BRH:0
end_of_record
TN:
SF:src/services/jwe/jweService.ts
FN:41,(anonymous_0)
FN:50,(anonymous_1)
FN:105,(anonymous_2)
FN:146,(anonymous_3)
FN:182,(anonymous_4)
FN:192,createJWEService
FNF:6
FNH:0
FNDA:0,(anonymous_0)
FNDA:0,(anonymous_1)
FNDA:0,(anonymous_2)
FNDA:0,(anonymous_3)
FNDA:0,(anonymous_4)
FNDA:0,createJWEService
DA:6,0
DA:7,0
DA:8,0
DA:9,0
DA:35,0
DA:36,0
DA:37,0
DA:38,0
DA:39,0
DA:42,0
DA:51,0
DA:53,0
DA:54,0
DA:55,0
DA:62,0
DA:63,0
DA:64,0
DA:71,0
DA:73,0
DA:74,0
DA:81,0
DA:93,0
DA:106,0
DA:108,0
DA:116,0
DA:122,0
DA:125,0
DA:129,0
DA:133,0
DA:137,0
DA:148,0
DA:149,0
DA:150,0
DA:151,0
DA:155,0
DA:164,0
DA:168,0
DA:169,0
DA:173,0
DA:174,0
DA:176,0
DA:183,0
DA:184,0
DA:192,0
DA:193,0
DA:200,0
DA:201,0
DA:208,0
LF:48
LH:0
BRDA:54,0,0,0
BRDA:63,1,0,0
BRDA:73,2,0,0
BRDA:73,3,0,0
BRDA:73,3,1,0
BRDA:76,4,0,0
BRDA:76,4,1,0
BRDA:85,5,0,0
BRDA:85,5,1,0
BRDA:95,6,0,0
BRDA:95,6,1,0
BRDA:96,7,0,0
BRDA:96,7,1,0
BRDA:106,8,0,0
BRDA:106,8,1,0
BRDA:106,9,0,0
BRDA:106,9,1,0
BRDA:149,10,0,0
BRDA:149,11,0,0
BRDA:149,11,1,0
BRDA:159,12,0,0
BRDA:159,12,1,0
BRDA:168,13,0,0
BRDA:192,14,0,0
BRDA:200,15,0,0
BRF:25
BRH:0
end_of_record
TN:
SF:src/services/jwe/jweTokenGenerator.ts
FN:27,convertToPEM
FN:43,generateJWEToken
FN:98,createTestPayload
FNF:3
FNH:0
FNDA:0,convertToPEM
FNDA:0,generateJWEToken
FNDA:0,createTestPayload
DA:6,0
DA:27,0
DA:29,0
DA:32,0
DA:34,0
DA:43,0
DA:47,0
DA:49,0
DA:50,0
DA:53,0
DA:54,0
DA:57,0
DA:58,0
DA:59,0
DA:62,0
DA:69,0
DA:71,0
DA:83,0
DA:85,0
DA:98,0
DA:99,0
LF:21
LH:0
BRDA:87,0,0,0
BRDA:87,0,1,0
BRDA:98,1,0,0
BRF:3
BRH:0
end_of_record
TN:
SF:src/shared/config/app.config.ts
FN:3,(anonymous_0)
FN:14,(anonymous_1)
FN:25,(anonymous_2)
FN:36,(anonymous_3)
FN:47,(anonymous_4)
FN:58,(anonymous_5)
FN:69,(anonymous_6)
FNF:7
FNH:0
FNDA:0,(anonymous_0)
FNDA:0,(anonymous_1)
FNDA:0,(anonymous_2)
FNDA:0,(anonymous_3)
FNDA:0,(anonymous_4)
FNDA:0,(anonymous_5)
FNDA:0,(anonymous_6)
DA:3,0
DA:4,0
DA:6,0
DA:7,0
DA:8,0
DA:11,0
DA:14,0
DA:15,0
DA:17,0
DA:18,0
DA:19,0
DA:22,0
DA:25,0
DA:26,0
DA:28,0
DA:29,0
DA:30,0
DA:33,0
DA:36,0
DA:37,0
DA:40,0
DA:41,0
DA:44,0
DA:47,0
DA:48,0
DA:51,0
DA:52,0
DA:55,0
DA:58,0
DA:59,0
DA:62,0
DA:63,0
DA:66,0
DA:69,0
DA:70,0
LF:35
LH:0
BRDA:6,0,0,0
BRDA:17,1,0,0
BRDA:28,2,0,0
BRDA:28,3,0,0
BRDA:28,3,1,0
BRDA:40,4,0,0
BRDA:51,5,0,0
BRDA:62,6,0,0
BRF:8
BRH:0
end_of_record
TN:
SF:src/shared/config/chatConfig.ts
FN:15,getChatConfig
FN:23,getSupporterName
FN:31,getSchoolName
FNF:3
FNH:0
FNDA:0,getChatConfig
FNDA:0,getSupporterName
FNDA:0,getSchoolName
DA:6,0
DA:15,0
DA:16,0
DA:23,0
DA:24,0
DA:31,0
DA:32,0
LF:7
LH:0
BRF:0
BRH:0
end_of_record
TN:
SF:src/shared/config/faqCategories.config.ts
FN:58,(anonymous_0)
FN:88,(anonymous_1)
FN:91,(anonymous_2)
FN:92,(anonymous_3)
FN:99,(anonymous_4)
FN:101,(anonymous_5)
FNF:6
FNH:0
FNDA:0,(anonymous_0)
FNDA:0,(anonymous_1)
FNDA:0,(anonymous_2)
FNDA:0,(anonymous_3)
FNDA:0,(anonymous_4)
FNDA:0,(anonymous_5)
DA:28,0
DA:58,0
DA:60,0
DA:63,0
DA:64,0
DA:65,0
DA:66,0
DA:68,0
DA:73,0
DA:78,0
DA:79,0
DA:88,0
DA:89,0
DA:90,0
DA:91,0
DA:92,0
DA:99,0
DA:100,0
DA:101,0
LF:19
LH:0
BRDA:63,0,0,0
BRDA:69,1,0,0
BRDA:69,1,1,0
BRDA:70,2,0,0
BRDA:70,2,1,0
BRF:5
BRH:0
end_of_record
TN:
SF:src/shared/config/faqCategories.test-app.ts
FN:13,(anonymous_0)
FN:29,(anonymous_1)
FN:48,(anonymous_2)
FN:76,(anonymous_3)
FNF:4
FNH:0
FNDA:0,(anonymous_0)
FNDA:0,(anonymous_1)
FNDA:0,(anonymous_2)
FNDA:0,(anonymous_3)
DA:8,0
DA:13,0
DA:14,0
DA:17,0
DA:18,0
DA:21,0
DA:22,0
DA:25,0
DA:26,0
DA:29,0
DA:30,0
DA:41,0
DA:42,0
DA:48,0
DA:49,0
DA:51,0
DA:53,0
DA:54,0
DA:56,0
DA:57,0
DA:58,0
DA:59,0
DA:61,0
DA:64,0
DA:67,0
DA:70,0
DA:74,0
DA:76,0
DA:77,0
DA:78,0
LF:30
LH:0
BRDA:56,0,0,0
BRDA:56,0,1,0
BRDA:74,1,0,0
BRF:3
BRH:0
end_of_record
TN:
SF:src/shared/config/headerConfig.ts
FN:26,(anonymous_0)
FN:30,(anonymous_1)
FN:33,(anonymous_2)
FN:37,(anonymous_3)
FN:40,(anonymous_4)
FN:44,(anonymous_5)
FN:47,(anonymous_6)
FN:51,(anonymous_7)
FN:54,(anonymous_8)
FN:58,(anonymous_9)
FN:61,(anonymous_10)
FN:65,(anonymous_11)
FN:68,(anonymous_12)
FN:72,(anonymous_13)
FN:85,(anonymous_14)
FN:120,getHeaderConfig
FN:129,isActionVisible
FN:139,filterActionsByMaxItems
FNF:18
FNH:0
FNDA:0,(anonymous_0)
FNDA:0,(anonymous_1)
FNDA:0,(anonymous_2)
FNDA:0,(anonymous_3)
FNDA:0,(anonymous_4)
FNDA:0,(anonymous_5)
FNDA:0,(anonymous_6)
FNDA:0,(anonymous_7)
FNDA:0,(anonymous_8)
FNDA:0,(anonymous_9)
FNDA:0,(anonymous_10)
FNDA:0,(anonymous_11)
FNDA:0,(anonymous_12)
FNDA:0,(anonymous_13)
FNDA:0,(anonymous_14)
FNDA:0,getHeaderConfig
FNDA:0,isActionVisible
FNDA:0,filterActionsByMaxItems
DA:25,0
DA:26,0
DA:30,0
DA:33,0
DA:40,0
DA:47,0
DA:54,0
DA:58,0
DA:61,0
DA:68,0
DA:78,0
DA:87,0
DA:94,0
DA:110,0
DA:120,0
DA:121,0
DA:129,0
DA:130,0
DA:139,0
DA:140,0
DA:141,0
LF:21
LH:0
BRDA:30,0,0,0
BRDA:30,0,1,0
BRDA:37,1,0,0
BRDA:37,1,1,0
BRDA:44,2,0,0
BRDA:44,2,1,0
BRDA:51,3,0,0
BRDA:51,3,1,0
BRDA:58,4,0,0
BRDA:58,4,1,0
BRDA:65,5,0,0
BRDA:65,5,1,0
BRDA:72,6,0,0
BRDA:72,6,1,0
BRDA:120,7,0,0
BRDA:121,8,0,0
BRDA:121,8,1,0
BRDA:130,9,0,0
BRDA:130,9,1,0
BRF:19
BRH:0
end_of_record
TN:
SF:src/shared/config/menuConfig.ts
FN:65,(anonymous_6)
FN:67,(anonymous_7)
FNF:2
FNH:0
FNDA:0,(anonymous_6)
FNDA:0,(anonymous_7)
DA:24,0
DA:65,0
DA:67,0
DA:68,0
LF:4
LH:0
BRF:0
BRH:0
end_of_record
TN:
SF:src/shared/config/theme.config.ts
FN:144,getColorClasses
FN:152,getAvailableColors
FN:161,isValidAccentColor
FNF:3
FNH:0
FNDA:0,getColorClasses
FNDA:0,getAvailableColors
FNDA:0,isValidAccentColor
DA:26,0
DA:144,0
DA:145,0
DA:152,0
DA:153,0
DA:161,0
DA:162,0
LF:7
LH:0
BRDA:145,0,0,0
BRDA:145,0,1,0
BRF:2
BRH:0
end_of_record
TN:
SF:src/shared/constants/grade.constants.ts
FNF:0
FNH:0
DA:3,0
DA:10,0
DA:17,0
DA:25,0
LF:4
LH:0
BRF:0
BRH:0
end_of_record
TN:
SF:src/shared/constants/gradeQuestions.constants.ts
FNF:0
FNH:0
DA:21,0
LF:1
LH:0
BRF:0
BRH:0
end_of_record
TN:
SF:src/shared/utils/env.utils.ts
FN:10,(anonymous_0)
FNF:1
FNH:0
FNDA:0,(anonymous_0)
DA:10,0
DA:12,0
DA:13,0
DA:16,0
DA:17,0
DA:20,0
DA:23,0
DA:26,0
DA:27,0
LF:9
LH:0
BRDA:12,0,0,0
BRDA:12,1,0,0
BRDA:12,1,1,0
BRDA:16,2,0,0
BRF:4
BRH:0
end_of_record
TN:
SF:src/stories/Button.tsx
FN:19,(anonymous_1)
FNF:1
FNH:0
FNDA:0,(anonymous_1)
DA:1,0
DA:3,0
DA:19,0
DA:26,0
DA:27,0
LF:5
LH:0
BRDA:20,0,0,0
BRDA:21,1,0,0
BRDA:26,2,0,0
BRDA:26,2,1,0
BRF:4
BRH:0
end_of_record
TN:
SF:src/stories/Header.tsx
FN:17,(anonymous_1)
FNF:1
FNH:0
FNDA:0,(anonymous_1)
DA:1,0
DA:3,0
DA:4,0
DA:17,0
DA:18,0
LF:5
LH:0
BRDA:40,0,0,0
BRDA:40,0,1,0
BRF:2
BRH:0
end_of_record
TN:
SF:src/stories/Page.tsx
FN:10,(anonymous_1)
FN:17,(anonymous_2)
FN:18,(anonymous_3)
FN:19,(anonymous_4)
FNF:4
FNH:0
FNDA:0,(anonymous_1)
FNDA:0,(anonymous_2)
FNDA:0,(anonymous_3)
FNDA:0,(anonymous_4)
DA:1,0
DA:3,0
DA:4,0
DA:10,0
DA:11,0
DA:13,0
DA:17,0
DA:18,0
DA:19,0
LF:9
LH:0
BRF:0
BRH:0
end_of_record
